2026-06-17T13:52:01.718629Z  INFO Storing genesis block hash=0xbbe3…971b
2026-06-17T13:52:01.719707Z  INFO Auto-tune: available RAM 28 GB, headroom 9 GB, usable 19 GB, preimage estimate 11 GB -> in-memory mode, flush every 1000000
2026-06-17T13:52:01.719806Z  INFO Reading preimage file: gethdump/hoodi/preimages.rlp (mode: in-memory)
2026-06-17T13:52:01.719823Z  INFO Preimage file size: 10254 MB
2026-06-17T13:52:01.773972Z  INFO Skipped gethdbdump header (26 bytes)
2026-06-17T13:52:07.221942Z  INFO 0% | 900000 preimage entries parsed...
2026-06-17T13:52:12.393462Z  INFO 1% | 2100000 preimage entries parsed...
2026-06-17T13:52:17.601255Z  INFO 2% | 3700000 preimage entries parsed...
2026-06-17T13:52:22.661525Z  INFO 4% | 6000000 preimage entries parsed...
2026-06-17T13:52:27.689030Z  INFO 6% | 8800000 preimage entries parsed...
2026-06-17T13:52:32.790732Z  INFO 8% | 12400000 preimage entries parsed...
2026-06-17T13:52:37.912386Z  INFO 11% | 16400000 preimage entries parsed...
2026-06-17T13:52:42.966320Z  INFO 14% | 20100000 preimage entries parsed...
2026-06-17T13:52:48.082778Z  INFO 16% | 24200000 preimage entries parsed...
2026-06-17T13:52:53.083105Z  INFO 19% | 28100000 preimage entries parsed...
2026-06-17T13:52:58.182150Z  INFO 22% | 32200000 preimage entries parsed...
2026-06-17T13:53:03.253028Z  INFO 25% | 36000000 preimage entries parsed...
2026-06-17T13:53:08.321420Z  INFO 27% | 39500000 preimage entries parsed...
2026-06-17T13:53:13.405054Z  INFO 30% | 43300000 preimage entries parsed...
2026-06-17T13:53:18.511807Z  INFO 33% | 47500000 preimage entries parsed...
2026-06-17T13:53:23.619667Z  INFO 36% | 51900000 preimage entries parsed...
2026-06-17T13:53:28.695635Z  INFO 39% | 56100000 preimage entries parsed...
2026-06-17T13:53:33.820718Z  INFO 41% | 60000000 preimage entries parsed...
2026-06-17T13:53:38.913571Z  INFO 44% | 63600000 preimage entries parsed...
2026-06-17T13:53:44.035940Z  INFO 47% | 67600000 preimage entries parsed...
2026-06-17T13:53:49.065462Z  INFO 50% | 71600000 preimage entries parsed...
2026-06-17T13:53:54.119060Z  INFO 52% | 75700000 preimage entries parsed...
2026-06-17T13:53:59.169061Z  INFO 55% | 80000000 preimage entries parsed...
2026-06-17T13:54:04.296353Z  INFO 58% | 84000000 preimage entries parsed...
2026-06-17T13:54:09.361144Z  INFO 61% | 88300000 preimage entries parsed...
2026-06-17T13:54:14.394836Z  INFO 64% | 92300000 preimage entries parsed...
2026-06-17T13:54:19.458805Z  INFO 67% | 96600000 preimage entries parsed...
2026-06-17T13:54:24.523486Z  INFO 70% | 100900000 preimage entries parsed...
2026-06-17T13:54:29.593836Z  INFO 73% | 104800000 preimage entries parsed...
2026-06-17T13:54:34.705457Z  INFO 76% | 108900000 preimage entries parsed...
2026-06-17T13:54:39.809830Z  INFO 78% | 112900000 preimage entries parsed...
2026-06-17T13:54:44.910512Z  INFO 81% | 117000000 preimage entries parsed...
2026-06-17T13:54:49.914866Z  INFO 84% | 121200000 preimage entries parsed...
2026-06-17T13:54:54.958142Z  INFO 87% | 125200000 preimage entries parsed...
2026-06-17T13:55:00.004835Z  INFO 90% | 129600000 preimage entries parsed...
2026-06-17T13:55:05.090638Z  INFO 93% | 133700000 preimage entries parsed...
2026-06-17T13:55:10.117029Z  INFO 96% | 138200000 preimage entries parsed...
2026-06-17T13:55:15.258348Z  INFO 99% | 142500000 preimage entries parsed...
2026-06-17T13:55:15.972445Z  INFO Parsed 143110410 entries (34163095 addrs, 108947315 slots) in 193.9s
2026-06-17T13:55:15.972499Z  INFO In-memory preimages: 34163095 addrs, 108947315 slots
2026-06-17T13:55:15.973218Z  INFO 143110410 unique preimages loaded
2026-06-17T13:55:15.973237Z  INFO Reading code file: gethdump/hoodi/code.rlp
2026-06-17T13:55:15.973285Z  INFO Code file size: 4209 MB
2026-06-17T13:55:16.007237Z  INFO Skipped gethdbdump header (22 bytes)
2026-06-17T13:55:42.169403Z  INFO Parsed 4815849 code entries in 26.2s
2026-06-17T13:55:42.242497Z  INFO Collect phase: streaming snapshot file: gethdump/hoodi/snapshot.rlp
2026-06-17T13:55:42.242564Z  INFO Snapshot file size: 24032 MB
2026-06-17T13:55:42.277787Z  INFO Skipped gethdbdump header (26 bytes)
2026-06-17T13:55:42.423271Z  WARN Skipped account with keccak 00000861b5c2912ee9d4201ed268b2621d3537e02d1b469e243feadeda1c83b0, has_preimage=false
2026-06-17T13:55:42.423329Z  WARN Skipped account with keccak 0000092c64d89c938fc9dbeb5de752f30caa294902ade1881ed1b95cd60f3e95, has_preimage=false
2026-06-17T13:55:42.423334Z  WARN Skipped account with keccak 00000a94fe149503ef6192dab38fc1817020e86d37f58fd29ac8cc9abdd61108, has_preimage=false
2026-06-17T13:55:42.423339Z  WARN Skipped account with keccak 00000aff04f1ba8f4f696a5643f7468ed759eed8bb43f1b1e1c810ffae46de0a, has_preimage=false
2026-06-17T13:55:42.423349Z  WARN Skipped account with keccak 00000b90e29b6f4ef6a789a885e3c9bd0c0468ffdd96ef0c8287013f6791c1fd, has_preimage=false
2026-06-17T13:55:42.423353Z  WARN Skipped account with keccak 00000bf21426521818b85865e78617c110a5966ac60a04691e226ea5381d8127, has_preimage=false
2026-06-17T13:55:42.423359Z  WARN Skipped account with keccak 00000d690aa6ce5c8e958db9c73003ab28a1763f7094eed435788115d8fd7247, has_preimage=false
2026-06-17T13:55:42.423363Z  WARN Skipped account with keccak 00000f65ca2661ff38e989a44d596bc5bf69b6d2a0a33cc9f8172687f69d05d2, has_preimage=false
2026-06-17T13:55:42.423368Z  WARN Skipped account with keccak 00000fc443e2dff4bbe254dbf89fb20bf9852cc6f6776a2efec0c18bae700901, has_preimage=false
2026-06-17T13:55:42.423372Z  WARN Skipped account with keccak 000011493e6a60eb6e3f4902e516e7e0072b872b1557a491d85d398cdc3732bf, has_preimage=false
2026-06-17T13:55:47.316818Z  INFO 0% (30 MB / 24032 MB) | 461461 accounts, 0 storage | 6 MB/s | ETA 66m40s
2026-06-17T13:55:52.750255Z  INFO 0% (61 MB / 24032 MB) | 922750 accounts, 0 storage | 6 MB/s | ETA 66m35s
2026-06-17T13:55:59.340457Z  INFO 0% (102 MB / 24032 MB) | 1537944 accounts, 0 storage | 6 MB/s | ETA 66m28s
2026-06-17T13:56:04.733563Z  INFO 0% (133 MB / 24032 MB) | 1999532 accounts, 0 storage | 6 MB/s | ETA 66m23s
2026-06-17T13:56:09.846762Z  INFO 0% (163 MB / 24032 MB) | 2460954 accounts, 0 storage | 6 MB/s | ETA 66m18s
2026-06-17T13:56:15.187866Z  INFO 0% (194 MB / 24032 MB) | 2922205 accounts, 0 storage | 6 MB/s | ETA 66m13s
2026-06-17T13:56:21.768349Z  INFO 0% (235 MB / 24032 MB) | 3537209 accounts, 0 storage | 6 MB/s | ETA 66m6s
2026-06-17T13:56:27.420783Z  INFO 1% (266 MB / 24032 MB) | 3998888 accounts, 0 storage | 5 MB/s | ETA 79m13s
2026-06-17T13:56:33.829375Z  INFO 1% (307 MB / 24032 MB) | 4613790 accounts, 0 storage | 6 MB/s | ETA 65m54s
2026-06-17T13:56:39.110339Z  INFO 1% (338 MB / 24032 MB) | 5075197 accounts, 0 storage | 6 MB/s | ETA 65m49s
2026-06-17T13:56:44.386831Z  INFO 1% (368 MB / 24032 MB) | 5536410 accounts, 0 storage | 5 MB/s | ETA 78m52s
2026-06-17T13:56:49.463454Z  INFO 1% (399 MB / 24032 MB) | 5998008 accounts, 0 storage | 5 MB/s | ETA 78m46s
2026-06-17T13:56:55.034269Z  INFO 1% (430 MB / 24032 MB) | 6459427 accounts, 0 storage | 5 MB/s | ETA 78m40s
2026-06-17T13:57:01.864967Z  INFO 1% (471 MB / 24032 MB) | 7074890 accounts, 0 storage | 5 MB/s | ETA 78m32s
2026-06-17T13:57:06.875491Z  INFO 2% (502 MB / 24032 MB) | 7535701 accounts, 0 storage | 5 MB/s | ETA 78m26s
2026-06-17T13:57:13.054360Z  INFO 2% (543 MB / 24032 MB) | 8150850 accounts, 0 storage | 6 MB/s | ETA 65m14s
2026-06-17T13:57:18.126214Z  INFO 2% (573 MB / 24032 MB) | 8612714 accounts, 0 storage | 6 MB/s | ETA 65m9s
2026-06-17T13:57:24.639950Z  INFO 2% (614 MB / 24032 MB) | 9227678 accounts, 0 storage | 6 MB/s | ETA 65m3s
2026-06-17T13:57:30.040319Z  INFO 2% (645 MB / 24032 MB) | 9688886 accounts, 0 storage | 6 MB/s | ETA 64m57s
2026-06-17T13:57:36.635696Z  INFO 2% (686 MB / 24032 MB) | 10303850 accounts, 0 storage | 6 MB/s | ETA 64m51s
2026-06-17T13:57:42.409275Z  INFO 2% (717 MB / 24032 MB) | 10764875 accounts, 0 storage | 5 MB/s | ETA 77m43s
2026-06-17T13:57:47.632783Z  INFO 3% (748 MB / 24032 MB) | 11226030 accounts, 0 storage | 5 MB/s | ETA 77m36s
2026-06-17T13:57:52.894683Z  INFO 3% (778 MB / 24032 MB) | 11687416 accounts, 0 storage | 5 MB/s | ETA 77m30s
2026-06-17T13:57:59.055085Z  INFO 3% (819 MB / 24032 MB) | 12302973 accounts, 0 storage | 6 MB/s | ETA 64m28s
2026-06-17T13:58:04.588887Z  INFO 3% (850 MB / 24032 MB) | 12765066 accounts, 0 storage | 5 MB/s | ETA 77m16s
2026-06-17T13:58:10.847919Z  INFO 3% (891 MB / 24032 MB) | 13380106 accounts, 0 storage | 6 MB/s | ETA 64m16s
2026-06-17T13:58:15.966543Z  INFO 3% (922 MB / 24032 MB) | 13841751 accounts, 0 storage | 6 MB/s | ETA 64m11s
2026-06-17T13:58:22.404751Z  INFO 4% (963 MB / 24032 MB) | 14456739 accounts, 0 storage | 6 MB/s | ETA 64m4s
2026-06-17T13:58:27.638584Z  INFO 4% (993 MB / 24032 MB) | 14918248 accounts, 0 storage | 6 MB/s | ETA 63m59s
2026-06-17T13:58:34.132494Z  INFO 4% (1034 MB / 24032 MB) | 15533255 accounts, 0 storage | 6 MB/s | ETA 63m52s
2026-06-17T13:58:39.335433Z  INFO 4% (1065 MB / 24032 MB) | 15994780 accounts, 0 storage | 6 MB/s | ETA 63m47s
2026-06-17T13:58:44.339545Z  INFO 4% (1096 MB / 24032 MB) | 16455903 accounts, 0 storage | 6 MB/s | ETA 63m42s
2026-06-17T13:58:50.702165Z  INFO 4% (1137 MB / 24032 MB) | 17071037 accounts, 0 storage | 6 MB/s | ETA 63m35s
2026-06-17T13:58:57.228025Z  INFO 4% (1178 MB / 24032 MB) | 17685920 accounts, 0 storage | 6 MB/s | ETA 63m29s
2026-06-17T13:59:03.895688Z  INFO 5% (1219 MB / 24032 MB) | 18300857 accounts, 0 storage | 6 MB/s | ETA 63m22s
2026-06-17T13:59:10.194576Z  INFO 5% (1260 MB / 24032 MB) | 18916079 accounts, 0 storage | 6 MB/s | ETA 63m15s
2026-06-17T13:59:15.326102Z  INFO 5% (1291 MB / 24032 MB) | 19376854 accounts, 0 storage | 6 MB/s | ETA 63m10s
2026-06-17T13:59:20.394788Z  INFO 5% (1321 MB / 24032 MB) | 19837082 accounts, 0 storage | 6 MB/s | ETA 63m5s
2026-06-17T13:59:26.857468Z  INFO 5% (1362 MB / 24032 MB) | 20452010 accounts, 0 storage | 6 MB/s | ETA 62m58s
2026-06-17T13:59:33.028704Z  INFO 5% (1403 MB / 24032 MB) | 21067155 accounts, 0 storage | 6 MB/s | ETA 62m51s
2026-06-17T13:59:39.730314Z  INFO 6% (1444 MB / 24032 MB) | 21682447 accounts, 0 storage | 6 MB/s | ETA 62m44s
2026-06-17T13:59:46.173075Z  INFO 6% (1485 MB / 24032 MB) | 22297714 accounts, 0 storage | 6 MB/s | ETA 62m37s
2026-06-17T13:59:51.538494Z  INFO 6% (1516 MB / 24032 MB) | 22759067 accounts, 0 storage | 6 MB/s | ETA 62m32s
2026-06-17T13:59:57.895138Z  INFO 6% (1557 MB / 24032 MB) | 23374113 accounts, 0 storage | 6 MB/s | ETA 62m25s
2026-06-17T14:00:03.243290Z  INFO 6% (1588 MB / 24032 MB) | 23835409 accounts, 0 storage | 6 MB/s | ETA 62m20s
2026-06-17T14:00:09.161137Z  INFO 6% (1618 MB / 24032 MB) | 24296863 accounts, 0 storage | 6 MB/s | ETA 62m15s
2026-06-17T14:00:14.874182Z  INFO 6% (1649 MB / 24032 MB) | 24757958 accounts, 0 storage | 6 MB/s | ETA 62m10s
2026-06-17T14:00:20.777886Z  INFO 6% (1680 MB / 24032 MB) | 25219233 accounts, 0 storage | 6 MB/s | ETA 62m5s
2026-06-17T14:00:26.390665Z  INFO 7% (1711 MB / 24032 MB) | 25680673 accounts, 0 storage | 6 MB/s | ETA 62m0s
2026-06-17T14:00:31.786851Z  INFO 7% (1741 MB / 24032 MB) | 26141788 accounts, 0 storage | 6 MB/s | ETA 61m55s
2026-06-17T14:00:38.473804Z  INFO 7% (1782 MB / 24032 MB) | 26757186 accounts, 0 storage | 6 MB/s | ETA 61m48s
2026-06-17T14:00:45.007125Z  INFO 7% (1823 MB / 24032 MB) | 27372120 accounts, 0 storage | 6 MB/s | ETA 61m41s
2026-06-17T14:00:50.216687Z  INFO 7% (1854 MB / 24032 MB) | 27833537 accounts, 0 storage | 6 MB/s | ETA 61m36s
2026-06-17T14:00:56.063403Z  INFO 7% (1885 MB / 24032 MB) | 28294761 accounts, 0 storage | 6 MB/s | ETA 61m31s
2026-06-17T14:01:03.576660Z  INFO 8% (1926 MB / 24032 MB) | 28909257 accounts, 0 storage | 6 MB/s | ETA 61m24s
2026-06-17T14:01:09.271652Z  INFO 8% (1956 MB / 24032 MB) | 29370210 accounts, 0 storage | 6 MB/s | ETA 61m19s
2026-06-17T14:01:14.628904Z  INFO 8% (1987 MB / 24032 MB) | 29831701 accounts, 0 storage | 5 MB/s | ETA 73m29s
2026-06-17T14:01:20.522103Z  INFO 8% (2018 MB / 24032 MB) | 30293373 accounts, 0 storage | 5 MB/s | ETA 73m22s
2026-06-17T14:01:25.908978Z  INFO 8% (2049 MB / 24032 MB) | 30755040 accounts, 0 storage | 5 MB/s | ETA 73m16s
2026-06-17T14:01:31.761817Z  INFO 8% (2079 MB / 24032 MB) | 31217054 accounts, 0 storage | 5 MB/s | ETA 73m10s
2026-06-17T14:01:38.509558Z  INFO 8% (2120 MB / 24032 MB) | 31831778 accounts, 0 storage | 5 MB/s | ETA 73m2s
2026-06-17T14:01:44.446156Z  INFO 8% (2151 MB / 24032 MB) | 32292799 accounts, 0 storage | 5 MB/s | ETA 72m56s
2026-06-17T14:01:49.723591Z  INFO 9% (2182 MB / 24032 MB) | 32754287 accounts, 0 storage | 5 MB/s | ETA 72m50s
2026-06-17T14:01:54.802170Z  INFO 9% (2213 MB / 24032 MB) | 33215705 accounts, 0 storage | 5 MB/s | ETA 72m43s
2026-06-17T14:01:59.912238Z  INFO 9% (2243 MB / 24032 MB) | 33677020 accounts, 0 storage | 5 MB/s | ETA 72m37s
2026-06-17T14:02:05.248477Z  INFO 9% (2274 MB / 24032 MB) | 34138367 accounts, 0 storage | 5 MB/s | ETA 72m31s
2026-06-17T14:02:11.035051Z  INFO 9% (2368 MB / 24032 MB) | 34161485 accounts, 1169429 storage | 6 MB/s | ETA 60m10s
2026-06-17T14:02:16.570492Z  INFO 10% (2462 MB / 24032 MB) | 34161485 accounts, 2367757 storage | 6 MB/s | ETA 59m55s
2026-06-17T14:02:22.029787Z  INFO 10% (2557 MB / 24032 MB) | 34161485 accounts, 3567326 storage | 6 MB/s | ETA 59m39s
2026-06-17T14:02:27.135434Z  INFO 10% (2636 MB / 24032 MB) | 34161485 accounts, 4566859 storage | 6 MB/s | ETA 59m26s
2026-06-17T14:02:32.624899Z  INFO 11% (2731 MB / 24032 MB) | 34161485 accounts, 5763749 storage | 6 MB/s | ETA 59m10s
2026-06-17T14:02:38.460694Z  INFO 11% (2827 MB / 24032 MB) | 34161485 accounts, 6963342 storage | 6 MB/s | ETA 58m54s
2026-06-17T14:02:43.475174Z  INFO 12% (2929 MB / 24032 MB) | 34161485 accounts, 8009659 storage | 6 MB/s | ETA 58m37s
2026-06-17T14:02:49.327325Z  INFO 12% (3024 MB / 24032 MB) | 34161485 accounts, 9209044 storage | 7 MB/s | ETA 50m1s
2026-06-17T14:02:54.482376Z  INFO 12% (3087 MB / 24032 MB) | 34161485 accounts, 10008843 storage | 7 MB/s | ETA 49m52s
2026-06-17T14:02:59.535625Z  INFO 13% (3167 MB / 24032 MB) | 34161485 accounts, 11008560 storage | 7 MB/s | ETA 49m40s
2026-06-17T14:03:04.591335Z  INFO 13% (3246 MB / 24032 MB) | 34161485 accounts, 12008189 storage | 7 MB/s | ETA 49m29s
2026-06-17T14:03:10.557507Z  INFO 13% (3341 MB / 24032 MB) | 34161485 accounts, 13207382 storage | 7 MB/s | ETA 49m15s
2026-06-17T14:03:15.649723Z  INFO 14% (3404 MB / 24032 MB) | 34161485 accounts, 14007110 storage | 7 MB/s | ETA 49m6s
2026-06-17T14:03:21.328536Z  INFO 14% (3499 MB / 24032 MB) | 34161485 accounts, 15206883 storage | 7 MB/s | ETA 48m53s
2026-06-17T14:03:27.170935Z  INFO 14% (3595 MB / 24032 MB) | 34161485 accounts, 16406488 storage | 7 MB/s | ETA 48m39s
2026-06-17T14:03:32.383007Z  INFO 15% (3690 MB / 24032 MB) | 34161485 accounts, 17605286 storage | 7 MB/s | ETA 48m26s
2026-06-17T14:03:37.690633Z  INFO 15% (3787 MB / 24032 MB) | 34161485 accounts, 18805077 storage | 7 MB/s | ETA 48m12s
2026-06-17T14:03:43.369567Z  INFO 16% (3882 MB / 24032 MB) | 34161485 accounts, 20004474 storage | 8 MB/s | ETA 41m58s
2026-06-17T14:03:49.181170Z  INFO 16% (3977 MB / 24032 MB) | 34161485 accounts, 21204087 storage | 8 MB/s | ETA 41m46s
2026-06-17T14:03:54.433329Z  INFO 16% (4073 MB / 24032 MB) | 34161485 accounts, 22204053 storage | 8 MB/s | ETA 41m34s
2026-06-17T14:03:59.716420Z  INFO 17% (4168 MB / 24032 MB) | 34161485 accounts, 23403825 storage | 8 MB/s | ETA 41m23s
2026-06-17T14:04:04.837121Z  INFO 17% (4248 MB / 24032 MB) | 34161485 accounts, 24403333 storage | 8 MB/s | ETA 41m13s
2026-06-17T14:04:10.255988Z  INFO 18% (4343 MB / 24032 MB) | 34161485 accounts, 25602852 storage | 8 MB/s | ETA 41m1s
2026-06-17T14:04:15.945725Z  INFO 18% (4422 MB / 24032 MB) | 34161485 accounts, 26602403 storage | 8 MB/s | ETA 40m51s
2026-06-17T14:04:21.511051Z  INFO 18% (4509 MB / 24032 MB) | 34161485 accounts, 27601982 storage | 8 MB/s | ETA 40m40s
2026-06-17T14:04:27.855315Z  INFO 19% (4589 MB / 24032 MB) | 34161485 accounts, 28601611 storage | 8 MB/s | ETA 40m30s
2026-06-17T14:04:33.141754Z  INFO 19% (4668 MB / 24032 MB) | 34161485 accounts, 29601200 storage | 8 MB/s | ETA 40m20s
2026-06-17T14:04:39.126237Z  INFO 19% (4748 MB / 24032 MB) | 34161485 accounts, 30600760 storage | 8 MB/s | ETA 40m10s
2026-06-17T14:04:44.911784Z  INFO 20% (4827 MB / 24032 MB) | 34161485 accounts, 31600070 storage | 8 MB/s | ETA 40m0s
2026-06-17T14:04:49.943550Z  INFO 20% (4906 MB / 24032 MB) | 34161485 accounts, 32599590 storage | 8 MB/s | ETA 39m50s
2026-06-17T14:04:55.527498Z  INFO 20% (5001 MB / 24032 MB) | 34161485 accounts, 33798876 storage | 9 MB/s | ETA 35m14s
2026-06-17T14:05:00.529950Z  INFO 21% (5082 MB / 24032 MB) | 34161485 accounts, 34798590 storage | 9 MB/s | ETA 35m5s
2026-06-17T14:05:05.894910Z  INFO 21% (5161 MB / 24032 MB) | 34161485 accounts, 35798299 storage | 9 MB/s | ETA 34m56s
2026-06-17T14:05:11.057899Z  INFO 21% (5240 MB / 24032 MB) | 34161485 accounts, 36797950 storage | 9 MB/s | ETA 34m48s
2026-06-17T14:05:16.067249Z  INFO 22% (5314 MB / 24032 MB) | 34161485 accounts, 37597746 storage | 9 MB/s | ETA 34m39s
2026-06-17T14:05:21.565452Z  INFO 22% (5394 MB / 24032 MB) | 34161485 accounts, 38597192 storage | 9 MB/s | ETA 34m30s
2026-06-17T14:05:27.583566Z  INFO 22% (5475 MB / 24032 MB) | 34161485 accounts, 39596779 storage | 9 MB/s | ETA 34m21s
2026-06-17T14:05:33.775026Z  INFO 23% (5556 MB / 24032 MB) | 34161485 accounts, 40596402 storage | 9 MB/s | ETA 34m12s
2026-06-17T14:05:39.323261Z  INFO 23% (5637 MB / 24032 MB) | 34161485 accounts, 41596032 storage | 9 MB/s | ETA 34m3s
2026-06-17T14:05:44.470653Z  INFO 23% (5701 MB / 24032 MB) | 34161485 accounts, 42395718 storage | 9 MB/s | ETA 33m56s
2026-06-17T14:05:50.750100Z  INFO 24% (5782 MB / 24032 MB) | 34161485 accounts, 43395311 storage | 9 MB/s | ETA 33m47s
2026-06-17T14:05:55.967490Z  INFO 24% (5847 MB / 24032 MB) | 34161485 accounts, 44194993 storage | 9 MB/s | ETA 33m40s
2026-06-17T14:06:01.922838Z  INFO 24% (5928 MB / 24032 MB) | 34161485 accounts, 45194606 storage | 9 MB/s | ETA 33m31s
2026-06-17T14:06:08.182113Z  INFO 25% (6008 MB / 24032 MB) | 34161485 accounts, 46194213 storage | 9 MB/s | ETA 33m22s
2026-06-17T14:06:13.400579Z  INFO 25% (6073 MB / 24032 MB) | 34161485 accounts, 46993850 storage | 9 MB/s | ETA 33m15s
2026-06-17T14:06:18.590656Z  INFO 25% (6138 MB / 24032 MB) | 34161485 accounts, 47793502 storage | 9 MB/s | ETA 33m8s
2026-06-17T14:06:24.402152Z  INFO 25% (6219 MB / 24032 MB) | 34161485 accounts, 48793115 storage | 9 MB/s | ETA 32m59s
2026-06-17T14:06:30.658950Z  INFO 26% (6299 MB / 24032 MB) | 34161485 accounts, 49792714 storage | 9 MB/s | ETA 32m50s
2026-06-17T14:06:36.311802Z  INFO 26% (6380 MB / 24032 MB) | 34161485 accounts, 50792321 storage | 9 MB/s | ETA 32m41s
2026-06-17T14:06:41.577300Z  INFO 26% (6445 MB / 24032 MB) | 34161485 accounts, 51591994 storage | 9 MB/s | ETA 32m34s
2026-06-17T14:06:47.984515Z  INFO 27% (6525 MB / 24032 MB) | 34161485 accounts, 52591596 storage | 9 MB/s | ETA 32m25s
2026-06-17T14:06:53.486541Z  INFO 27% (6590 MB / 24032 MB) | 34161485 accounts, 53391283 storage | 9 MB/s | ETA 32m18s
2026-06-17T14:06:58.815841Z  INFO 27% (6671 MB / 24032 MB) | 34161485 accounts, 54390886 storage | 9 MB/s | ETA 32m9s
2026-06-17T14:07:04.821775Z  INFO 28% (6752 MB / 24032 MB) | 34161485 accounts, 55390503 storage | 9 MB/s | ETA 32m0s
2026-06-17T14:07:10.474595Z  INFO 28% (6833 MB / 24032 MB) | 34161485 accounts, 56390098 storage | 9 MB/s | ETA 31m51s
2026-06-17T14:07:16.608737Z  INFO 28% (6913 MB / 24032 MB) | 34161485 accounts, 57389684 storage | 9 MB/s | ETA 31m42s
2026-06-17T14:07:21.813696Z  INFO 29% (6994 MB / 24032 MB) | 34161485 accounts, 58389302 storage | 10 MB/s | ETA 28m23s
2026-06-17T14:07:27.605729Z  INFO 29% (7075 MB / 24032 MB) | 34161485 accounts, 59388881 storage | 10 MB/s | ETA 28m15s
2026-06-17T14:07:33.752697Z  INFO 29% (7156 MB / 24032 MB) | 34161485 accounts, 60388529 storage | 10 MB/s | ETA 28m7s
2026-06-17T14:07:40.422562Z  INFO 30% (7236 MB / 24032 MB) | 34161485 accounts, 61388154 storage | 10 MB/s | ETA 27m59s
2026-06-17T14:07:46.213752Z  INFO 30% (7333 MB / 24032 MB) | 34161485 accounts, 62587698 storage | 10 MB/s | ETA 27m49s
2026-06-17T14:07:51.953295Z  INFO 30% (7414 MB / 24032 MB) | 34161485 accounts, 63587296 storage | 10 MB/s | ETA 27m41s
2026-06-17T14:07:58.031599Z  INFO 31% (7495 MB / 24032 MB) | 34161485 accounts, 64586932 storage | 10 MB/s | ETA 27m33s
2026-06-17T14:08:03.681861Z  INFO 31% (7576 MB / 24032 MB) | 34161485 accounts, 65586538 storage | 10 MB/s | ETA 27m25s
2026-06-17T14:08:09.691953Z  INFO 31% (7657 MB / 24032 MB) | 34161485 accounts, 66586148 storage | 10 MB/s | ETA 27m17s
2026-06-17T14:08:15.362339Z  INFO 32% (7737 MB / 24032 MB) | 34161485 accounts, 67585748 storage | 10 MB/s | ETA 27m9s
2026-06-17T14:08:21.197846Z  INFO 32% (7818 MB / 24032 MB) | 34161485 accounts, 68585327 storage | 10 MB/s | ETA 27m1s
2026-06-17T14:08:27.028602Z  INFO 32% (7899 MB / 24032 MB) | 34161485 accounts, 69584922 storage | 10 MB/s | ETA 26m53s
2026-06-17T14:08:32.513990Z  INFO 33% (7964 MB / 24032 MB) | 34161485 accounts, 70384606 storage | 10 MB/s | ETA 26m46s
2026-06-17T14:08:37.678357Z  INFO 33% (8028 MB / 24032 MB) | 34161485 accounts, 71184292 storage | 10 MB/s | ETA 26m40s
2026-06-17T14:08:43.133963Z  INFO 33% (8077 MB / 24032 MB) | 34161485 accounts, 71784025 storage | 10 MB/s | ETA 26m35s
2026-06-17T14:08:49.154500Z  INFO 33% (8158 MB / 24032 MB) | 34161485 accounts, 72783621 storage | 10 MB/s | ETA 26m27s
2026-06-17T14:08:54.249159Z  INFO 34% (8206 MB / 24032 MB) | 34161485 accounts, 73383399 storage | 10 MB/s | ETA 26m22s
2026-06-17T14:08:59.255086Z  INFO 34% (8271 MB / 24032 MB) | 34161485 accounts, 74183073 storage | 10 MB/s | ETA 26m16s
2026-06-17T14:09:04.482451Z  INFO 34% (8335 MB / 24032 MB) | 34161485 accounts, 74982743 storage | 10 MB/s | ETA 26m9s
2026-06-17T14:09:10.016264Z  INFO 35% (8416 MB / 24032 MB) | 34161485 accounts, 75982357 storage | 10 MB/s | ETA 26m1s
2026-06-17T14:09:15.073647Z  INFO 35% (8481 MB / 24032 MB) | 34161485 accounts, 76782071 storage | 10 MB/s | ETA 25m55s
2026-06-17T14:09:20.182787Z  INFO 35% (8545 MB / 24032 MB) | 34161485 accounts, 77581776 storage | 10 MB/s | ETA 25m48s
2026-06-17T14:09:25.771138Z  INFO 35% (8626 MB / 24032 MB) | 34161485 accounts, 78581401 storage | 10 MB/s | ETA 25m40s
2026-06-17T14:09:31.407849Z  INFO 36% (8707 MB / 24032 MB) | 34161485 accounts, 79580942 storage | 10 MB/s | ETA 25m32s
2026-06-17T14:09:37.071208Z  INFO 36% (8788 MB / 24032 MB) | 34161485 accounts, 80580538 storage | 10 MB/s | ETA 25m24s
2026-06-17T14:09:42.652603Z  INFO 36% (8852 MB / 24032 MB) | 34161485 accounts, 81380207 storage | 10 MB/s | ETA 25m18s
2026-06-17T14:09:48.479526Z  INFO 37% (8933 MB / 24032 MB) | 34161485 accounts, 82379809 storage | 10 MB/s | ETA 25m9s
2026-06-17T14:09:53.588927Z  INFO 37% (8982 MB / 24032 MB) | 34161485 accounts, 82979591 storage | 10 MB/s | ETA 25m5s
2026-06-17T14:09:59.089640Z  INFO 37% (9046 MB / 24032 MB) | 34161485 accounts, 83779254 storage | 10 MB/s | ETA 24m58s
2026-06-17T14:10:05.272753Z  INFO 37% (9111 MB / 24032 MB) | 34161485 accounts, 84578937 storage | 10 MB/s | ETA 24m52s
2026-06-17T14:10:10.503651Z  INFO 38% (9176 MB / 24032 MB) | 34161485 accounts, 85378614 storage | 10 MB/s | ETA 24m45s
2026-06-17T14:10:16.439057Z  INFO 38% (9240 MB / 24032 MB) | 34161485 accounts, 86178289 storage | 10 MB/s | ETA 24m39s
2026-06-17T14:10:21.595264Z  INFO 38% (9305 MB / 24032 MB) | 34161485 accounts, 86977951 storage | 10 MB/s | ETA 24m32s
2026-06-17T14:10:27.636222Z  INFO 39% (9386 MB / 24032 MB) | 34161485 accounts, 87977537 storage | 10 MB/s | ETA 24m24s
2026-06-17T14:10:32.745424Z  INFO 39% (9450 MB / 24032 MB) | 34161485 accounts, 88777217 storage | 10 MB/s | ETA 24m18s
2026-06-17T14:10:38.488664Z  INFO 39% (9515 MB / 24032 MB) | 34161485 accounts, 89576883 storage | 10 MB/s | ETA 24m11s
2026-06-17T14:10:43.677535Z  INFO 39% (9563 MB / 24032 MB) | 34161485 accounts, 90176655 storage | 10 MB/s | ETA 24m6s
2026-06-17T14:10:48.962383Z  INFO 40% (9628 MB / 24032 MB) | 34161485 accounts, 90976334 storage | 10 MB/s | ETA 24m0s
2026-06-17T14:10:55.006664Z  INFO 40% (9693 MB / 24032 MB) | 34161485 accounts, 91776034 storage | 10 MB/s | ETA 23m53s
2026-06-17T14:11:00.793620Z  INFO 40% (9773 MB / 24032 MB) | 34161485 accounts, 92775638 storage | 10 MB/s | ETA 23m45s
2026-06-17T14:11:06.711627Z  INFO 40% (9838 MB / 24032 MB) | 34161485 accounts, 93575328 storage | 10 MB/s | ETA 23m39s
2026-06-17T14:11:12.065129Z  INFO 41% (9903 MB / 24032 MB) | 34161485 accounts, 94375029 storage | 10 MB/s | ETA 23m32s
2026-06-17T14:11:17.714350Z  INFO 41% (9967 MB / 24032 MB) | 34161485 accounts, 95174690 storage | 10 MB/s | ETA 23m26s
2026-06-17T14:11:22.792556Z  INFO 41% (10032 MB / 24032 MB) | 34161485 accounts, 95974375 storage | 10 MB/s | ETA 23m20s
2026-06-17T14:11:28.478097Z  INFO 42% (10097 MB / 24032 MB) | 34161485 accounts, 96774036 storage | 10 MB/s | ETA 23m13s
2026-06-17T14:11:33.498509Z  INFO 42% (10161 MB / 24032 MB) | 34161485 accounts, 97573732 storage | 10 MB/s | ETA 23m7s
2026-06-17T14:11:38.546448Z  INFO 42% (10226 MB / 24032 MB) | 34161485 accounts, 98373422 storage | 10 MB/s | ETA 23m0s
2026-06-17T14:11:44.631550Z  INFO 42% (10307 MB / 24032 MB) | 34161485 accounts, 99373039 storage | 10 MB/s | ETA 22m52s
2026-06-17T14:11:50.549954Z  INFO 43% (10387 MB / 24032 MB) | 34161485 accounts, 100372672 storage | 10 MB/s | ETA 22m44s
2026-06-17T14:11:56.248960Z  INFO 43% (10468 MB / 24032 MB) | 34161485 accounts, 101372274 storage | 10 MB/s | ETA 22m36s
2026-06-17T14:12:02.319506Z  INFO 43% (10565 MB / 24032 MB) | 34161485 accounts, 102571824 storage | 10 MB/s | ETA 22m26s
2026-06-17T14:12:08.711812Z  INFO 44% (10646 MB / 24032 MB) | 34161485 accounts, 103571435 storage | 10 MB/s | ETA 22m18s
2026-06-17T14:12:14.596366Z  INFO 44% (10727 MB / 24032 MB) | 34161485 accounts, 104571008 storage | 10 MB/s | ETA 22m10s
2026-06-17T14:12:19.873503Z  INFO 44% (10807 MB / 24032 MB) | 34161485 accounts, 105570565 storage | 10 MB/s | ETA 22m2s
2026-06-17T14:12:25.302406Z  INFO 45% (10886 MB / 24032 MB) | 34161485 accounts, 106570264 storage | 10 MB/s | ETA 21m54s
2026-06-17T14:12:30.821639Z  INFO 45% (10966 MB / 24032 MB) | 34161485 accounts, 107568017 storage | 10 MB/s | ETA 21m46s
2026-06-17T14:12:35.843194Z  INFO 45% (11045 MB / 24032 MB) | 34161485 accounts, 108567679 storage | 10 MB/s | ETA 21m38s
2026-06-17T14:12:41.104162Z  INFO 46% (11124 MB / 24032 MB) | 34161485 accounts, 109567079 storage | 10 MB/s | ETA 21m30s
2026-06-17T14:12:46.227225Z  INFO 46% (11202 MB / 24032 MB) | 34161485 accounts, 110566723 storage | 10 MB/s | ETA 21m23s
2026-06-17T14:12:51.877427Z  INFO 46% (11281 MB / 24032 MB) | 34161485 accounts, 111566412 storage | 10 MB/s | ETA 21m15s
2026-06-17T14:12:57.200720Z  INFO 47% (11361 MB / 24032 MB) | 34161485 accounts, 112565889 storage | 10 MB/s | ETA 21m7s
2026-06-17T14:13:02.758761Z  INFO 47% (11440 MB / 24032 MB) | 34161485 accounts, 113565351 storage | 11 MB/s | ETA 19m4s
2026-06-17T14:13:08.615542Z  INFO 47% (11520 MB / 24032 MB) | 34161485 accounts, 114565061 storage | 11 MB/s | ETA 18m57s
2026-06-17T14:13:14.366279Z  INFO 48% (11597 MB / 24032 MB) | 34161485 accounts, 115564741 storage | 11 MB/s | ETA 18m50s
2026-06-17T14:13:19.905606Z  INFO 48% (11673 MB / 24032 MB) | 34161485 accounts, 116564662 storage | 11 MB/s | ETA 18m43s
2026-06-17T14:13:25.883609Z  INFO 49% (11784 MB / 24032 MB) | 34161485 accounts, 117946884 storage | 11 MB/s | ETA 18m33s
2026-06-17T14:13:30.888199Z  INFO 49% (11863 MB / 24032 MB) | 34161485 accounts, 118946460 storage | 11 MB/s | ETA 18m26s
2026-06-17T14:13:36.030567Z  INFO 49% (11975 MB / 24032 MB) | 34161485 accounts, 120146226 storage | 11 MB/s | ETA 18m16s
2026-06-17T14:13:41.217658Z  INFO 50% (12055 MB / 24032 MB) | 34161485 accounts, 121145784 storage | 11 MB/s | ETA 18m8s
2026-06-17T14:13:46.309750Z  INFO 50% (12134 MB / 24032 MB) | 34161485 accounts, 122145372 storage | 11 MB/s | ETA 18m1s
2026-06-17T14:13:51.455882Z  INFO 50% (12214 MB / 24032 MB) | 34161485 accounts, 123145056 storage | 11 MB/s | ETA 17m54s
2026-06-17T14:13:56.461065Z  INFO 51% (12293 MB / 24032 MB) | 34161485 accounts, 124144719 storage | 11 MB/s | ETA 17m47s
2026-06-17T14:14:01.850934Z  INFO 51% (12372 MB / 24032 MB) | 34161485 accounts, 125144144 storage | 11 MB/s | ETA 17m40s
2026-06-17T14:14:07.005994Z  INFO 51% (12452 MB / 24032 MB) | 34161485 accounts, 126131429 storage | 11 MB/s | ETA 17m32s
2026-06-17T14:14:12.639986Z  INFO 52% (12549 MB / 24032 MB) | 34161485 accounts, 127330840 storage | 11 MB/s | ETA 17m23s
2026-06-17T14:14:18.099830Z  INFO 52% (12629 MB / 24032 MB) | 34161485 accounts, 128330204 storage | 11 MB/s | ETA 17m16s
2026-06-17T14:14:23.637470Z  INFO 52% (12708 MB / 24032 MB) | 34161485 accounts, 129329812 storage | 11 MB/s | ETA 17m9s
2026-06-17T14:14:28.664424Z  INFO 53% (12788 MB / 24032 MB) | 34161485 accounts, 130329480 storage | 11 MB/s | ETA 17m2s
2026-06-17T14:14:33.715308Z  INFO 53% (12866 MB / 24032 MB) | 34161485 accounts, 131329079 storage | 11 MB/s | ETA 16m55s
2026-06-17T14:14:39.402181Z  INFO 53% (12945 MB / 24032 MB) | 34161485 accounts, 132328752 storage | 11 MB/s | ETA 16m47s
2026-06-17T14:14:44.752471Z  INFO 54% (13024 MB / 24032 MB) | 34161485 accounts, 133328423 storage | 11 MB/s | ETA 16m40s
2026-06-17T14:14:50.759611Z  INFO 54% (13119 MB / 24032 MB) | 34161485 accounts, 134528040 storage | 11 MB/s | ETA 16m32s
2026-06-17T14:14:56.825086Z  INFO 54% (13199 MB / 24032 MB) | 34161485 accounts, 135527761 storage | 11 MB/s | ETA 16m24s
2026-06-17T14:15:02.370513Z  INFO 55% (13279 MB / 24032 MB) | 34161485 accounts, 136527273 storage | 11 MB/s | ETA 16m17s
2026-06-17T14:15:07.400217Z  INFO 55% (13359 MB / 24032 MB) | 34161485 accounts, 137526892 storage | 11 MB/s | ETA 16m10s
2026-06-17T14:15:13.605063Z  INFO 55% (13454 MB / 24032 MB) | 34161485 accounts, 138726489 storage | 11 MB/s | ETA 16m1s
2026-06-17T14:15:18.735269Z  INFO 56% (13534 MB / 24032 MB) | 34161485 accounts, 139725924 storage | 11 MB/s | ETA 15m54s
2026-06-17T14:15:24.312718Z  INFO 56% (13629 MB / 24032 MB) | 34161485 accounts, 140925374 storage | 11 MB/s | ETA 15m45s
2026-06-17T14:15:30.051816Z  INFO 57% (13708 MB / 24032 MB) | 34161485 accounts, 141925027 storage | 11 MB/s | ETA 15m38s
2026-06-17T14:15:35.752015Z  INFO 57% (13803 MB / 24032 MB) | 34161485 accounts, 143124459 storage | 11 MB/s | ETA 15m29s
2026-06-17T14:15:41.069455Z  INFO 57% (13882 MB / 24032 MB) | 34161485 accounts, 144123961 storage | 11 MB/s | ETA 15m22s
2026-06-17T14:15:46.138203Z  INFO 58% (13961 MB / 24032 MB) | 34161485 accounts, 145123482 storage | 11 MB/s | ETA 15m15s
2026-06-17T14:15:51.404791Z  INFO 58% (14042 MB / 24032 MB) | 34161485 accounts, 146123098 storage | 11 MB/s | ETA 15m8s
2026-06-17T14:15:56.519462Z  INFO 58% (14121 MB / 24032 MB) | 34161485 accounts, 147122743 storage | 11 MB/s | ETA 15m1s
2026-06-17T14:16:02.744000Z  INFO 59% (14216 MB / 24032 MB) | 34161485 accounts, 148322096 storage | 11 MB/s | ETA 14m52s
2026-06-17T14:16:08.335155Z  INFO 59% (14295 MB / 24032 MB) | 34161485 accounts, 149321336 storage | 11 MB/s | ETA 14m45s
2026-06-17T14:16:14.340846Z  INFO 59% (14393 MB / 24032 MB) | 34161485 accounts, 150521090 storage | 11 MB/s | ETA 14m36s
2026-06-17T14:16:19.625832Z  INFO 60% (14472 MB / 24032 MB) | 34161485 accounts, 151520592 storage | 11 MB/s | ETA 14m29s
2026-06-17T14:16:25.214170Z  INFO 60% (14553 MB / 24032 MB) | 34161485 accounts, 152520538 storage | 11 MB/s | ETA 14m21s
2026-06-17T14:16:30.698486Z  INFO 60% (14632 MB / 24032 MB) | 34161485 accounts, 153520164 storage | 11 MB/s | ETA 14m14s
2026-06-17T14:16:36.855833Z  INFO 61% (14727 MB / 24032 MB) | 34161485 accounts, 154719677 storage | 11 MB/s | ETA 14m5s
2026-06-17T14:16:42.500220Z  INFO 61% (14806 MB / 24032 MB) | 34161485 accounts, 155718925 storage | 11 MB/s | ETA 13m58s
2026-06-17T14:16:48.083235Z  INFO 62% (14900 MB / 24032 MB) | 34161485 accounts, 156918270 storage | 11 MB/s | ETA 13m50s
2026-06-17T14:16:53.838823Z  INFO 62% (14982 MB / 24032 MB) | 34161485 accounts, 157917846 storage | 11 MB/s | ETA 13m42s
2026-06-17T14:16:59.016040Z  INFO 62% (15061 MB / 24032 MB) | 34161485 accounts, 158917501 storage | 11 MB/s | ETA 13m35s
2026-06-17T14:17:04.398838Z  INFO 62% (15140 MB / 24032 MB) | 34161485 accounts, 159917260 storage | 11 MB/s | ETA 13m28s
2026-06-17T14:17:09.864961Z  INFO 63% (15219 MB / 24032 MB) | 34161485 accounts, 160917008 storage | 11 MB/s | ETA 13m21s
2026-06-17T14:17:15.641540Z  INFO 63% (15299 MB / 24032 MB) | 34161485 accounts, 161916797 storage | 11 MB/s | ETA 13m13s
2026-06-17T14:17:20.700807Z  INFO 63% (15378 MB / 24032 MB) | 34161485 accounts, 162916381 storage | 11 MB/s | ETA 13m6s
2026-06-17T14:17:26.474055Z  INFO 64% (15473 MB / 24032 MB) | 34161485 accounts, 164115986 storage | 11 MB/s | ETA 12m58s
2026-06-17T14:17:32.010100Z  INFO 64% (15552 MB / 24032 MB) | 34161485 accounts, 165115520 storage | 11 MB/s | ETA 12m50s
2026-06-17T14:17:37.774749Z  INFO 65% (15631 MB / 24032 MB) | 34161485 accounts, 166115299 storage | 11 MB/s | ETA 12m43s
2026-06-17T14:17:43.042258Z  INFO 65% (15711 MB / 24032 MB) | 34161485 accounts, 167114920 storage | 11 MB/s | ETA 12m36s
2026-06-17T14:17:48.591979Z  INFO 65% (15806 MB / 24032 MB) | 34161485 accounts, 168314625 storage | 11 MB/s | ETA 12m27s
2026-06-17T14:17:53.856710Z  INFO 66% (15873 MB / 24032 MB) | 34161485 accounts, 169314529 storage | 11 MB/s | ETA 12m21s
2026-06-17T14:17:59.001340Z  INFO 66% (15952 MB / 24032 MB) | 34161485 accounts, 170514529 storage | 11 MB/s | ETA 12m14s
2026-06-17T14:18:05.254133Z  INFO 66% (16031 MB / 24032 MB) | 34161485 accounts, 171714529 storage | 11 MB/s | ETA 12m7s
2026-06-17T14:18:10.847346Z  INFO 67% (16110 MB / 24032 MB) | 34161485 accounts, 172914529 storage | 11 MB/s | ETA 12m0s
2026-06-17T14:18:16.117957Z  INFO 67% (16176 MB / 24032 MB) | 34161485 accounts, 173914529 storage | 11 MB/s | ETA 11m54s
2026-06-17T14:18:21.336225Z  INFO 67% (16242 MB / 24032 MB) | 34161485 accounts, 174914529 storage | 11 MB/s | ETA 11m48s
2026-06-17T14:18:27.148465Z  INFO 67% (16332 MB / 24032 MB) | 34161485 accounts, 176114115 storage | 11 MB/s | ETA 11m40s
2026-06-17T14:18:33.110437Z  INFO 68% (16427 MB / 24032 MB) | 34161485 accounts, 177313855 storage | 11 MB/s | ETA 11m31s
2026-06-17T14:18:38.882408Z  INFO 68% (16522 MB / 24032 MB) | 34161485 accounts, 178513379 storage | 12 MB/s | ETA 10m25s
2026-06-17T14:18:44.688434Z  INFO 69% (16616 MB / 24032 MB) | 34161485 accounts, 179713192 storage | 12 MB/s | ETA 10m18s
2026-06-17T14:18:49.772549Z  INFO 69% (16711 MB / 24032 MB) | 34161485 accounts, 180912516 storage | 12 MB/s | ETA 10m10s
2026-06-17T14:18:55.096676Z  INFO 69% (16791 MB / 24032 MB) | 34161485 accounts, 181911899 storage | 12 MB/s | ETA 10m3s
2026-06-17T14:19:00.703437Z  INFO 70% (16886 MB / 24032 MB) | 34161485 accounts, 183111450 storage | 12 MB/s | ETA 9m55s
2026-06-17T14:19:06.087278Z  INFO 70% (16966 MB / 24032 MB) | 34161485 accounts, 184111169 storage | 12 MB/s | ETA 9m48s
2026-06-17T14:19:11.344211Z  INFO 70% (17044 MB / 24032 MB) | 34161485 accounts, 185110989 storage | 12 MB/s | ETA 9m42s
2026-06-17T14:19:16.612879Z  INFO 71% (17123 MB / 24032 MB) | 34161485 accounts, 186110628 storage | 12 MB/s | ETA 9m35s
2026-06-17T14:19:22.617442Z  INFO 71% (17237 MB / 24032 MB) | 34161485 accounts, 187509993 storage | 12 MB/s | ETA 9m26s
2026-06-17T14:19:28.206635Z  INFO 72% (17333 MB / 24032 MB) | 34161485 accounts, 188709433 storage | 12 MB/s | ETA 9m18s
2026-06-17T14:19:33.882810Z  INFO 72% (17428 MB / 24032 MB) | 34161485 accounts, 189907321 storage | 12 MB/s | ETA 9m10s
2026-06-17T14:19:39.335458Z  INFO 72% (17507 MB / 24032 MB) | 34161485 accounts, 190906848 storage | 12 MB/s | ETA 9m3s
2026-06-17T14:19:45.027821Z  INFO 73% (17602 MB / 24032 MB) | 34161485 accounts, 192106376 storage | 12 MB/s | ETA 8m55s
2026-06-17T14:19:50.768174Z  INFO 73% (17700 MB / 24032 MB) | 34161485 accounts, 193305995 storage | 12 MB/s | ETA 8m47s
2026-06-17T14:19:56.100272Z  INFO 74% (17797 MB / 24032 MB) | 34161485 accounts, 194503666 storage | 12 MB/s | ETA 8m39s
2026-06-17T14:20:02.317558Z  INFO 74% (17892 MB / 24032 MB) | 34161485 accounts, 195703346 storage | 12 MB/s | ETA 8m31s
2026-06-17T14:20:07.618494Z  INFO 74% (17987 MB / 24032 MB) | 34161485 accounts, 196902981 storage | 12 MB/s | ETA 8m23s
2026-06-17T14:20:13.243064Z  INFO 75% (18082 MB / 24032 MB) | 34161485 accounts, 198101928 storage | 12 MB/s | ETA 8m15s
2026-06-17T14:20:18.887217Z  INFO 75% (18178 MB / 24032 MB) | 34161485 accounts, 199300842 storage | 12 MB/s | ETA 8m7s
2026-06-17T14:20:24.869376Z  INFO 76% (18273 MB / 24032 MB) | 34161485 accounts, 200500235 storage | 12 MB/s | ETA 7m59s
2026-06-17T14:20:30.432199Z  INFO 76% (18368 MB / 24032 MB) | 34161485 accounts, 201699939 storage | 12 MB/s | ETA 7m52s
2026-06-17T14:20:36.128819Z  INFO 76% (18463 MB / 24032 MB) | 34161485 accounts, 202899492 storage | 12 MB/s | ETA 7m44s
2026-06-17T14:20:41.919758Z  INFO 77% (18560 MB / 24032 MB) | 34161485 accounts, 204098999 storage | 12 MB/s | ETA 7m36s
2026-06-17T14:20:47.691676Z  INFO 77% (18654 MB / 24032 MB) | 34161485 accounts, 205298558 storage | 12 MB/s | ETA 7m28s
2026-06-17T14:20:53.373338Z  INFO 78% (18750 MB / 24032 MB) | 34161485 accounts, 206497893 storage | 12 MB/s | ETA 7m20s
2026-06-17T14:20:58.783712Z  INFO 78% (18845 MB / 24032 MB) | 34161485 accounts, 207697450 storage | 12 MB/s | ETA 7m12s
2026-06-17T14:21:04.363662Z  INFO 78% (18940 MB / 24032 MB) | 34161485 accounts, 208896945 storage | 12 MB/s | ETA 7m4s
2026-06-17T14:21:10.030907Z  INFO 79% (19036 MB / 24032 MB) | 34161485 accounts, 210096232 storage | 12 MB/s | ETA 6m56s
2026-06-17T14:21:15.397892Z  INFO 79% (19131 MB / 24032 MB) | 34161485 accounts, 211295762 storage | 12 MB/s | ETA 6m48s
2026-06-17T14:21:21.400464Z  INFO 80% (19226 MB / 24032 MB) | 34161485 accounts, 212495345 storage | 12 MB/s | ETA 6m40s
2026-06-17T14:21:26.852794Z  INFO 80% (19322 MB / 24032 MB) | 34161485 accounts, 213694677 storage | 12 MB/s | ETA 6m32s
2026-06-17T14:21:32.789042Z  INFO 80% (19417 MB / 24032 MB) | 34161485 accounts, 214894130 storage | 12 MB/s | ETA 6m24s
2026-06-17T14:21:38.409619Z  INFO 81% (19514 MB / 24032 MB) | 34161485 accounts, 216093769 storage | 12 MB/s | ETA 6m16s
2026-06-17T14:21:43.696093Z  INFO 81% (19597 MB / 24032 MB) | 34161485 accounts, 217093736 storage | 12 MB/s | ETA 6m9s
2026-06-17T14:21:48.896997Z  INFO 81% (19692 MB / 24032 MB) | 34161485 accounts, 218293060 storage | 12 MB/s | ETA 6m1s
2026-06-17T14:21:54.241907Z  INFO 82% (19771 MB / 24032 MB) | 34161485 accounts, 219292892 storage | 12 MB/s | ETA 5m55s
2026-06-17T14:21:59.535441Z  INFO 82% (19867 MB / 24032 MB) | 34161485 accounts, 220492226 storage | 12 MB/s | ETA 5m47s
2026-06-17T14:22:05.016835Z  INFO 83% (19962 MB / 24032 MB) | 34161485 accounts, 221691991 storage | 12 MB/s | ETA 5m39s
2026-06-17T14:22:10.160416Z  INFO 83% (20041 MB / 24032 MB) | 34161485 accounts, 222691408 storage | 12 MB/s | ETA 5m32s
2026-06-17T14:22:15.945610Z  INFO 83% (20121 MB / 24032 MB) | 34161485 accounts, 223690929 storage | 12 MB/s | ETA 5m25s
2026-06-17T14:22:21.606924Z  INFO 84% (20199 MB / 24032 MB) | 34161485 accounts, 224690619 storage | 12 MB/s | ETA 5m19s
2026-06-17T14:22:27.503108Z  INFO 84% (20279 MB / 24032 MB) | 34161485 accounts, 225690325 storage | 12 MB/s | ETA 5m12s
2026-06-17T14:22:33.291789Z  INFO 84% (20358 MB / 24032 MB) | 34161485 accounts, 226689982 storage | 12 MB/s | ETA 5m6s
2026-06-17T14:22:38.973979Z  INFO 85% (20437 MB / 24032 MB) | 34161485 accounts, 227689676 storage | 12 MB/s | ETA 4m59s
2026-06-17T14:22:44.032617Z  INFO 85% (20516 MB / 24032 MB) | 34161485 accounts, 228689018 storage | 12 MB/s | ETA 4m53s
2026-06-17T14:22:49.513776Z  INFO 85% (20597 MB / 24032 MB) | 34161485 accounts, 229688516 storage | 12 MB/s | ETA 4m46s
2026-06-17T14:22:54.672104Z  INFO 86% (20676 MB / 24032 MB) | 34161485 accounts, 230687949 storage | 12 MB/s | ETA 4m39s
2026-06-17T14:22:59.808782Z  INFO 86% (20755 MB / 24032 MB) | 34161485 accounts, 231687757 storage | 12 MB/s | ETA 4m33s
2026-06-17T14:23:04.968529Z  INFO 86% (20837 MB / 24032 MB) | 34161485 accounts, 232687284 storage | 12 MB/s | ETA 4m26s
2026-06-17T14:23:10.329664Z  INFO 87% (20915 MB / 24032 MB) | 34161485 accounts, 233686675 storage | 12 MB/s | ETA 4m19s
2026-06-17T14:23:15.900068Z  INFO 87% (20995 MB / 24032 MB) | 34161485 accounts, 234686281 storage | 12 MB/s | ETA 4m13s
2026-06-17T14:23:20.924355Z  INFO 87% (21074 MB / 24032 MB) | 34161485 accounts, 235685671 storage | 12 MB/s | ETA 4m6s
2026-06-17T14:23:26.176129Z  INFO 88% (21170 MB / 24032 MB) | 34161485 accounts, 236885201 storage | 12 MB/s | ETA 3m58s
2026-06-17T14:23:31.216281Z  INFO 88% (21249 MB / 24032 MB) | 34161485 accounts, 237884845 storage | 12 MB/s | ETA 3m51s
2026-06-17T14:23:37.113929Z  INFO 88% (21344 MB / 24032 MB) | 34161485 accounts, 239084208 storage | 12 MB/s | ETA 3m44s
2026-06-17T14:23:42.400254Z  INFO 89% (21423 MB / 24032 MB) | 34161485 accounts, 240083618 storage | 12 MB/s | ETA 3m37s
2026-06-17T14:23:48.137496Z  INFO 89% (21518 MB / 24032 MB) | 34161485 accounts, 241282774 storage | 12 MB/s | ETA 3m29s
2026-06-17T14:23:53.365124Z  INFO 89% (21597 MB / 24032 MB) | 34161485 accounts, 242282547 storage | 12 MB/s | ETA 3m22s
2026-06-17T14:23:58.977767Z  INFO 90% (21690 MB / 24032 MB) | 34161485 accounts, 243482224 storage | 12 MB/s | ETA 3m15s
2026-06-17T14:24:04.106761Z  INFO 90% (21769 MB / 24032 MB) | 34161485 accounts, 244481616 storage | 12 MB/s | ETA 3m8s
2026-06-17T14:24:09.374166Z  INFO 90% (21865 MB / 24032 MB) | 34161485 accounts, 245681386 storage | 12 MB/s | ETA 3m0s
2026-06-17T14:24:15.361505Z  INFO 91% (21960 MB / 24032 MB) | 34161485 accounts, 246880988 storage | 12 MB/s | ETA 2m52s
2026-06-17T14:24:21.034171Z  INFO 91% (22056 MB / 24032 MB) | 34161485 accounts, 248080553 storage | 12 MB/s | ETA 2m44s
2026-06-17T14:24:27.288958Z  INFO 92% (22151 MB / 24032 MB) | 34161485 accounts, 249280314 storage | 12 MB/s | ETA 2m36s
2026-06-17T14:24:33.061420Z  INFO 92% (22245 MB / 24032 MB) | 34161485 accounts, 250480118 storage | 12 MB/s | ETA 2m28s
2026-06-17T14:24:39.057173Z  INFO 92% (22341 MB / 24032 MB) | 34161485 accounts, 251679494 storage | 12 MB/s | ETA 2m20s
2026-06-17T14:24:44.079870Z  INFO 93% (22420 MB / 24032 MB) | 34161485 accounts, 252678637 storage | 12 MB/s | ETA 2m14s
2026-06-17T14:24:49.569939Z  INFO 93% (22499 MB / 24032 MB) | 34161485 accounts, 253678397 storage | 12 MB/s | ETA 2m7s
2026-06-17T14:24:55.015553Z  INFO 93% (22579 MB / 24032 MB) | 34161485 accounts, 254678233 storage | 12 MB/s | ETA 2m1s
2026-06-17T14:25:00.198675Z  INFO 94% (22658 MB / 24032 MB) | 34161485 accounts, 255677713 storage | 12 MB/s | ETA 1m54s
2026-06-17T14:25:05.271347Z  INFO 94% (22737 MB / 24032 MB) | 34161485 accounts, 256677367 storage | 12 MB/s | ETA 1m47s
2026-06-17T14:25:10.364981Z  INFO 94% (22816 MB / 24032 MB) | 34161485 accounts, 257677137 storage | 12 MB/s | ETA 1m41s
2026-06-17T14:25:16.002747Z  INFO 95% (22899 MB / 24032 MB) | 34161485 accounts, 258676860 storage | 12 MB/s | ETA 1m34s
2026-06-17T14:25:21.515821Z  INFO 95% (22985 MB / 24032 MB) | 34161485 accounts, 259676558 storage | 12 MB/s | ETA 1m27s
2026-06-17T14:25:27.649642Z  INFO 96% (23080 MB / 24032 MB) | 34161485 accounts, 260876015 storage | 12 MB/s | ETA 1m19s
2026-06-17T14:25:32.831431Z  INFO 96% (23159 MB / 24032 MB) | 34161485 accounts, 261875439 storage | 12 MB/s | ETA 1m12s
2026-06-17T14:25:39.303401Z  INFO 96% (23239 MB / 24032 MB) | 34161485 accounts, 262874972 storage | 12 MB/s | ETA 1m6s
2026-06-17T14:25:44.659612Z  INFO 97% (23318 MB / 24032 MB) | 34161485 accounts, 263874547 storage | 12 MB/s | ETA 0m59s
2026-06-17T14:25:50.677554Z  INFO 97% (23397 MB / 24032 MB) | 34161485 accounts, 264874107 storage | 12 MB/s | ETA 0m52s
2026-06-17T14:25:56.870185Z  INFO 97% (23476 MB / 24032 MB) | 34161485 accounts, 265873883 storage | 12 MB/s | ETA 0m46s
2026-06-17T14:26:02.974320Z  INFO 98% (23555 MB / 24032 MB) | 34161485 accounts, 266873439 storage | 12 MB/s | ETA 0m39s
2026-06-17T14:26:08.394724Z  INFO 98% (23635 MB / 24032 MB) | 34161485 accounts, 267872948 storage | 12 MB/s | ETA 0m33s
2026-06-17T14:26:13.822210Z  INFO 98% (23714 MB / 24032 MB) | 34161485 accounts, 268872409 storage | 12 MB/s | ETA 0m26s
2026-06-17T14:26:19.435266Z  INFO 99% (23793 MB / 24032 MB) | 34161485 accounts, 269872176 storage | 12 MB/s | ETA 0m19s
2026-06-17T14:26:25.349481Z  INFO 99% (23873 MB / 24032 MB) | 34161485 accounts, 270871730 storage | 12 MB/s | ETA 0m13s
2026-06-17T14:26:30.977471Z  INFO 99% (23952 MB / 24032 MB) | 34161485 accounts, 271871166 storage | 12 MB/s | ETA 0m6s
2026-06-17T14:26:35.990718Z  INFO 99% (24032 MB / 24032 MB) | 34161485 accounts, 272878767 storage | 12 MB/s | ETA 0m0s
2026-06-17T14:26:35.996113Z  WARN 10268484 entries skipped due to missing preimages
2026-06-17T14:26:35.996163Z  INFO Collection complete: 34161485 accounts, 272878767 storage slots, 504186669 entries written
2026-06-17T14:26:35.996178Z  INFO Build phase: constructing binary trie from sorted entries...
2026-06-17T14:26:44.174635Z  INFO Build phase: 0% (1572864 / 504186669) | 1107716 nodes written | ETA 42m36s
2026-06-17T14:26:49.193289Z  INFO Build phase: 0% (2621440 / 504186669) | 1847775 nodes written | ETA 41m27s
2026-06-17T14:26:56.629692Z  INFO Build phase: 0% (3670016 / 504186669) | 2583704 nodes written | ETA 45m27s
2026-06-17T14:27:01.667570Z  INFO Build phase: 0% (4718592 / 504186669) | 3318446 nodes written | ETA 44m6s
2026-06-17T14:27:10.170900Z  INFO Build phase: 1% (5767168 / 504186669) | 4056509 nodes written | ETA 48m58s
2026-06-17T14:27:15.751186Z  INFO Build phase: 1% (6815744 / 504186669) | 4793757 nodes written | ETA 47m25s
2026-06-17T14:27:22.081112Z  INFO Build phase: 1% (7864320 / 504186669) | 5527888 nodes written | ETA 48m23s
2026-06-17T14:27:29.980451Z  INFO Build phase: 1% (9437184 / 504186669) | 6623872 nodes written | ETA 46m18s
2026-06-17T14:27:37.665001Z  INFO Build phase: 2% (11010048 / 504186669) | 7726655 nodes written | ETA 45m32s
2026-06-17T14:27:45.512888Z  INFO Build phase: 2% (12582912 / 504186669) | 8825113 nodes written | ETA 44m55s
2026-06-17T14:27:52.331421Z  INFO Build phase: 2% (13631488 / 504186669) | 9564686 nodes written | ETA 45m35s
2026-06-17T14:27:59.280649Z  INFO Build phase: 3% (15204352 / 504186669) | 10666539 nodes written | ETA 44m29s
2026-06-17T14:28:06.625394Z  INFO Build phase: 3% (16777216 / 504186669) | 11769529 nodes written | ETA 43m34s
2026-06-17T14:28:13.184597Z  INFO Build phase: 3% (17825792 / 504186669) | 12506930 nodes written | ETA 44m6s
2026-06-17T14:28:20.915092Z  INFO Build phase: 3% (19398656 / 504186669) | 13606448 nodes written | ETA 43m19s
2026-06-17T14:28:29.168470Z  INFO Build phase: 4% (20971520 / 504186669) | 14712882 nodes written | ETA 43m23s
2026-06-17T14:28:34.644918Z  INFO Build phase: 4% (22020096 / 504186669) | 15447100 nodes written | ETA 43m3s
2026-06-17T14:28:40.904332Z  INFO Build phase: 4% (23068672 / 504186669) | 16178606 nodes written | ETA 43m6s
2026-06-17T14:28:48.750103Z  INFO Build phase: 4% (24641536 / 504186669) | 17277043 nodes written | ETA 42m48s
2026-06-17T14:28:56.035414Z  INFO Build phase: 5% (25690112 / 504186669) | 18011298 nodes written | ETA 43m27s
2026-06-17T14:29:01.145509Z  INFO Build phase: 5% (26738688 / 504186669) | 18746009 nodes written | ETA 43m9s
2026-06-17T14:29:06.384314Z  INFO Build phase: 5% (27787264 / 504186669) | 19477532 nodes written | ETA 42m51s
2026-06-17T14:29:15.032644Z  INFO Build phase: 5% (28835840 / 504186669) | 20214170 nodes written | ETA 43m41s
2026-06-17T14:29:22.379141Z  INFO Build phase: 6% (30408704 / 504186669) | 21315595 nodes written | ETA 43m6s
2026-06-17T14:29:29.316869Z  INFO Build phase: 6% (31457280 / 504186669) | 22052756 nodes written | ETA 43m19s
2026-06-17T14:29:34.594250Z  INFO Build phase: 6% (32505856 / 504186669) | 22789739 nodes written | ETA 43m2s
2026-06-17T14:29:43.322796Z  INFO Build phase: 6% (33554432 / 504186669) | 23521462 nodes written | ETA 43m42s
2026-06-17T14:29:49.073643Z  INFO Build phase: 6% (34603008 / 504186669) | 24253323 nodes written | ETA 43m39s
2026-06-17T14:29:54.690361Z  INFO Build phase: 7% (35651584 / 504186669) | 24984545 nodes written | ETA 43m22s
2026-06-17T14:30:00.920892Z  INFO Build phase: 7% (36700160 / 504186669) | 25718259 nodes written | ETA 43m18s
2026-06-17T14:30:08.290490Z  INFO Build phase: 7% (38273024 / 504186669) | 26820657 nodes written | ETA 43m0s
2026-06-17T14:30:15.719386Z  INFO Build phase: 7% (39321600 / 504186669) | 27562759 nodes written | ETA 43m9s
2026-06-17T14:30:20.819570Z  INFO Build phase: 8% (40370176 / 504186669) | 28294124 nodes written | ETA 42m53s
2026-06-17T14:30:29.656867Z  INFO Build phase: 8% (41418752 / 504186669) | 29028298 nodes written | ETA 43m23s
2026-06-17T14:30:35.425733Z  INFO Build phase: 8% (42467328 / 504186669) | 29762350 nodes written | ETA 43m18s
2026-06-17T14:30:41.503276Z  INFO Build phase: 8% (43515904 / 504186669) | 30497804 nodes written | ETA 43m13s
2026-06-17T14:30:47.680278Z  INFO Build phase: 8% (44564480 / 504186669) | 31235129 nodes written | ETA 43m8s
2026-06-17T14:30:53.588527Z  INFO Build phase: 9% (45613056 / 504186669) | 31972487 nodes written | ETA 43m3s
2026-06-17T14:31:01.065805Z  INFO Build phase: 9% (46661632 / 504186669) | 32706742 nodes written | ETA 43m18s
2026-06-17T14:31:06.406373Z  INFO Build phase: 9% (47710208 / 504186669) | 33439672 nodes written | ETA 43m3s
2026-06-17T14:31:15.631542Z  INFO Build phase: 9% (48758784 / 504186669) | 34180558 nodes written | ETA 43m25s
2026-06-17T14:31:24.030457Z  INFO Build phase: 9% (50331648 / 504186669) | 35293479 nodes written | ETA 43m16s
2026-06-17T14:31:29.647006Z  INFO Build phase: 10% (51380224 / 504186669) | 36028979 nodes written | ETA 43m2s
2026-06-17T14:31:36.967200Z  INFO Build phase: 10% (52953088 / 504186669) | 37132915 nodes written | ETA 42m36s
2026-06-17T14:31:44.369605Z  INFO Build phase: 10% (54525952 / 504186669) | 38233274 nodes written | ETA 42m19s
2026-06-17T14:31:52.875363Z  INFO Build phase: 11% (56098816 / 504186669) | 39322162 nodes written | ETA 42m4s
2026-06-17T14:32:00.148412Z  INFO Build phase: 11% (57147392 / 504186669) | 40055233 nodes written | ETA 42m14s
2026-06-17T14:32:08.822334Z  INFO Build phase: 11% (58720256 / 504186669) | 41160020 nodes written | ETA 41m58s
2026-06-17T14:32:14.444896Z  INFO Build phase: 11% (59768832 / 504186669) | 41896362 nodes written | ETA 41m53s
2026-06-17T14:32:22.352670Z  INFO Build phase: 12% (60817408 / 504186669) | 42634081 nodes written | ETA 42m2s
2026-06-17T14:32:28.185515Z  INFO Build phase: 12% (61865984 / 504186669) | 43373601 nodes written | ETA 41m56s
2026-06-17T14:32:35.835300Z  INFO Build phase: 12% (62914560 / 504186669) | 44112765 nodes written | ETA 41m57s
2026-06-17T14:32:41.652747Z  INFO Build phase: 12% (63963136 / 504186669) | 44849561 nodes written | ETA 41m52s
2026-06-17T14:32:47.875101Z  INFO Build phase: 12% (65011712 / 504186669) | 45582523 nodes written | ETA 41m46s
2026-06-17T14:32:55.793408Z  INFO Build phase: 13% (66584576 / 504186669) | 46686991 nodes written | ETA 41m30s
2026-06-17T14:33:04.388170Z  INFO Build phase: 13% (68157440 / 504186669) | 47790117 nodes written | ETA 41m22s
2026-06-17T14:33:11.962073Z  INFO Build phase: 13% (69206016 / 504186669) | 48527198 nodes written | ETA 41m22s
2026-06-17T14:33:17.350494Z  INFO Build phase: 13% (70254592 / 504186669) | 49267158 nodes written | ETA 41m16s
2026-06-17T14:33:25.232217Z  INFO Build phase: 14% (71303168 / 504186669) | 50005815 nodes written | ETA 41m23s
2026-06-17T14:33:32.248376Z  INFO Build phase: 14% (72876032 / 504186669) | 51110906 nodes written | ETA 41m2s
2026-06-17T14:33:39.847372Z  INFO Build phase: 14% (74448896 / 504186669) | 52224007 nodes written | ETA 40m41s
2026-06-17T14:33:48.470626Z  INFO Build phase: 15% (76021760 / 504186669) | 53335839 nodes written | ETA 40m33s
2026-06-17T14:33:56.974373Z  INFO Build phase: 15% (77070336 / 504186669) | 54073050 nodes written | ETA 40m38s
2026-06-17T14:34:03.054666Z  INFO Build phase: 15% (78118912 / 504186669) | 54812664 nodes written | ETA 40m37s
2026-06-17T14:34:08.658606Z  INFO Build phase: 15% (78643200 / 504186669) | 55182589 nodes written | ETA 40m45s
2026-06-17T14:34:16.780128Z  INFO Build phase: 15% (80216064 / 504186669) | 56290523 nodes written | ETA 40m31s
2026-06-17T14:34:24.126134Z  INFO Build phase: 16% (81264640 / 504186669) | 57033392 nodes written | ETA 40m35s
2026-06-17T14:34:31.992652Z  INFO Build phase: 16% (82313216 / 504186669) | 57766160 nodes written | ETA 40m34s
2026-06-17T14:34:38.365691Z  INFO Build phase: 16% (82837504 / 504186669) | 58131555 nodes written | ETA 40m51s
2026-06-17T14:34:45.994890Z  INFO Build phase: 16% (83886080 / 504186669) | 58863350 nodes written | ETA 40m50s
2026-06-17T14:34:51.707178Z  INFO Build phase: 16% (84410368 / 504186669) | 59229172 nodes written | ETA 41m1s
2026-06-17T14:34:57.733593Z  INFO Build phase: 16% (84934656 / 504186669) | 59596492 nodes written | ETA 41m13s
2026-06-17T14:35:06.194866Z  INFO Build phase: 17% (85983232 / 504186669) | 60333592 nodes written | ETA 41m20s
2026-06-17T14:35:14.402348Z  INFO Build phase: 17% (87031808 / 504186669) | 61066047 nodes written | ETA 41m22s
2026-06-17T14:35:22.561580Z  INFO Build phase: 17% (88080384 / 504186669) | 61799134 nodes written | ETA 41m24s
2026-06-17T14:35:32.072254Z  INFO Build phase: 17% (89128960 / 504186669) | 62531391 nodes written | ETA 41m36s
2026-06-17T14:35:38.594956Z  INFO Build phase: 17% (90177536 / 504186669) | 63264971 nodes written | ETA 41m28s
2026-06-17T14:35:44.248081Z  INFO Build phase: 17% (90701824 / 504186669) | 63630663 nodes written | ETA 41m38s
2026-06-17T14:35:50.694315Z  INFO Build phase: 18% (91750400 / 504186669) | 64367036 nodes written | ETA 41m30s
2026-06-17T14:35:56.108483Z  INFO Build phase: 18% (92274688 / 504186669) | 64735958 nodes written | ETA 41m39s
2026-06-17T14:36:01.287859Z  INFO Build phase: 18% (92798976 / 504186669) | 65100549 nodes written | ETA 41m44s
2026-06-17T14:36:06.765138Z  INFO Build phase: 18% (93847552 / 504186669) | 65835649 nodes written | ETA 41m32s
2026-06-17T14:36:15.299826Z  INFO Build phase: 18% (94896128 / 504186669) | 66567730 nodes written | ETA 41m37s
2026-06-17T14:36:21.557677Z  INFO Build phase: 19% (95944704 / 504186669) | 67301557 nodes written | ETA 41m29s
2026-06-17T14:36:31.448783Z  INFO Build phase: 19% (96993280 / 504186669) | 68040028 nodes written | ETA 41m37s
2026-06-17T14:36:39.194748Z  INFO Build phase: 19% (98041856 / 504186669) | 68774823 nodes written | ETA 41m37s
2026-06-17T14:36:49.120185Z  INFO Build phase: 19% (99090432 / 504186669) | 69511467 nodes written | ETA 41m46s
2026-06-17T14:36:55.833604Z  INFO Build phase: 19% (100139008 / 504186669) | 70240487 nodes written | ETA 41m37s
2026-06-17T14:37:00.883462Z  INFO Build phase: 20% (101187584 / 504186669) | 70971888 nodes written | ETA 41m25s
2026-06-17T14:37:09.112378Z  INFO Build phase: 20% (102236160 / 504186669) | 71708826 nodes written | ETA 41m28s
2026-06-17T14:37:14.335565Z  INFO Build phase: 20% (102760448 / 504186669) | 72074986 nodes written | ETA 41m32s
2026-06-17T14:37:21.945057Z  INFO Build phase: 20% (103809024 / 504186669) | 72810029 nodes written | ETA 41m27s
2026-06-17T14:37:29.142947Z  INFO Build phase: 20% (104333312 / 504186669) | 73177138 nodes written | ETA 41m42s
2026-06-17T14:37:34.361796Z  INFO Build phase: 20% (104857600 / 504186669) | 73545648 nodes written | ETA 41m45s
2026-06-17T14:37:43.014814Z  INFO Build phase: 21% (105906176 / 504186669) | 74273310 nodes written | ETA 41m48s
2026-06-17T14:37:49.273715Z  INFO Build phase: 21% (106430464 / 504186669) | 74643616 nodes written | ETA 41m55s
2026-06-17T14:37:55.808959Z  INFO Build phase: 21% (106954752 / 504186669) | 75014900 nodes written | ETA 42m1s
2026-06-17T14:38:01.855544Z  INFO Build phase: 21% (108003328 / 504186669) | 75749423 nodes written | ETA 41m52s
2026-06-17T14:38:08.203291Z  INFO Build phase: 21% (109051904 / 504186669) | 76489060 nodes written | ETA 41m47s
2026-06-17T14:38:13.612753Z  INFO Build phase: 21% (109576192 / 504186669) | 76859812 nodes written | ETA 41m50s
2026-06-17T14:38:19.573204Z  INFO Build phase: 21% (110100480 / 504186669) | 77229681 nodes written | ETA 41m56s
2026-06-17T14:38:25.925591Z  INFO Build phase: 22% (111149056 / 504186669) | 77965055 nodes written | ETA 41m47s
2026-06-17T14:38:31.484259Z  INFO Build phase: 22% (111673344 / 504186669) | 78329318 nodes written | ETA 41m53s
2026-06-17T14:38:41.840273Z  INFO Build phase: 22% (112721920 / 504186669) | 79064886 nodes written | ETA 41m57s
2026-06-17T14:38:48.418843Z  INFO Build phase: 22% (113770496 / 504186669) | 79798443 nodes written | ETA 41m51s
2026-06-17T14:38:54.066710Z  INFO Build phase: 22% (114294784 / 504186669) | 80168479 nodes written | ETA 41m57s
2026-06-17T14:39:03.172818Z  INFO Build phase: 22% (115867648 / 504186669) | 81273498 nodes written | ETA 41m43s
2026-06-17T14:39:10.182361Z  INFO Build phase: 23% (116916224 / 504186669) | 82014775 nodes written | ETA 41m37s
2026-06-17T14:39:16.232203Z  INFO Build phase: 23% (117964800 / 504186669) | 82747919 nodes written | ETA 41m28s
2026-06-17T14:39:21.295166Z  INFO Build phase: 23% (118489088 / 504186669) | 83115536 nodes written | ETA 41m30s
2026-06-17T14:39:28.326673Z  INFO Build phase: 23% (119537664 / 504186669) | 83847608 nodes written | ETA 41m24s
2026-06-17T14:39:36.679092Z  INFO Build phase: 23% (120586240 / 504186669) | 84577566 nodes written | ETA 41m21s
2026-06-17T14:39:44.186505Z  INFO Build phase: 24% (121634816 / 504186669) | 85312855 nodes written | ETA 41m18s
2026-06-17T14:39:50.863650Z  INFO Build phase: 24% (122683392 / 504186669) | 86049981 nodes written | ETA 41m9s
2026-06-17T14:39:56.391735Z  INFO Build phase: 24% (123731968 / 504186669) | 86785903 nodes written | ETA 40m59s
2026-06-17T14:40:06.229554Z  INFO Build phase: 24% (124780544 / 504186669) | 87523460 nodes written | ETA 41m2s
2026-06-17T14:40:12.485445Z  INFO Build phase: 24% (125829120 / 504186669) | 88256449 nodes written | ETA 40m53s
2026-06-17T14:40:17.610142Z  INFO Build phase: 25% (126353408 / 504186669) | 88620053 nodes written | ETA 40m55s
2026-06-17T14:40:23.677504Z  INFO Build phase: 25% (127401984 / 504186669) | 89357589 nodes written | ETA 40m45s
2026-06-17T14:40:33.644143Z  INFO Build phase: 25% (128450560 / 504186669) | 90094676 nodes written | ETA 40m48s
2026-06-17T14:40:40.806919Z  INFO Build phase: 25% (130023424 / 504186669) | 91200718 nodes written | ETA 40m28s
2026-06-17T14:40:49.176656Z  INFO Build phase: 26% (131596288 / 504186669) | 92304506 nodes written | ETA 40m15s
2026-06-17T14:40:57.995719Z  INFO Build phase: 26% (132644864 / 504186669) | 93035177 nodes written | ETA 40m11s
2026-06-17T14:41:05.027161Z  INFO Build phase: 26% (133693440 / 504186669) | 93771632 nodes written | ETA 40m8s
2026-06-17T14:41:10.038400Z  INFO Build phase: 26% (134217728 / 504186669) | 94138023 nodes written | ETA 40m9s
2026-06-17T14:41:16.455507Z  INFO Build phase: 26% (134742016 / 504186669) | 94509208 nodes written | ETA 40m12s
2026-06-17T14:41:23.469866Z  INFO Build phase: 26% (135790592 / 504186669) | 95250226 nodes written | ETA 40m6s
2026-06-17T14:41:31.498223Z  INFO Build phase: 27% (137363456 / 504186669) | 96353007 nodes written | ETA 39m50s
2026-06-17T14:41:39.760064Z  INFO Build phase: 27% (138412032 / 504186669) | 97085638 nodes written | ETA 39m46s
2026-06-17T14:41:48.179906Z  INFO Build phase: 27% (139984896 / 504186669) | 98186786 nodes written | ETA 39m32s
2026-06-17T14:41:53.822959Z  INFO Build phase: 27% (140509184 / 504186669) | 98550075 nodes written | ETA 39m33s
2026-06-17T14:41:59.143206Z  INFO Build phase: 28% (141557760 / 504186669) | 99283209 nodes written | ETA 39m24s
2026-06-17T14:42:07.499514Z  INFO Build phase: 28% (142606336 / 504186669) | 100018232 nodes written | ETA 39m20s
2026-06-17T14:42:14.464326Z  INFO Build phase: 28% (144179200 / 504186669) | 101116406 nodes written | ETA 39m2s
2026-06-17T14:42:21.972618Z  INFO Build phase: 28% (145752064 / 504186669) | 102216624 nodes written | ETA 38m43s
2026-06-17T14:42:27.524049Z  INFO Build phase: 29% (146800640 / 504186669) | 102952020 nodes written | ETA 38m35s
2026-06-17T14:42:34.475302Z  INFO Build phase: 29% (147849216 / 504186669) | 103686574 nodes written | ETA 38m28s
2026-06-17T14:42:39.992956Z  INFO Build phase: 29% (148897792 / 504186669) | 104430653 nodes written | ETA 38m17s
2026-06-17T14:42:47.547253Z  INFO Build phase: 29% (149946368 / 504186669) | 105162755 nodes written | ETA 38m13s
2026-06-17T14:42:54.952175Z  INFO Build phase: 30% (151519232 / 504186669) | 106264025 nodes written | ETA 37m56s
2026-06-17T14:43:02.884893Z  INFO Build phase: 30% (153092096 / 504186669) | 107366716 nodes written | ETA 37m41s
2026-06-17T14:43:10.192562Z  INFO Build phase: 30% (154140672 / 504186669) | 108099739 nodes written | ETA 37m37s
2026-06-17T14:43:15.641922Z  INFO Build phase: 30% (155189248 / 504186669) | 108834755 nodes written | ETA 37m26s
2026-06-17T14:43:22.809749Z  INFO Build phase: 30% (156237824 / 504186669) | 109568447 nodes written | ETA 37m20s
2026-06-17T14:43:28.016257Z  INFO Build phase: 31% (157286400 / 504186669) | 110304653 nodes written | ETA 37m11s
2026-06-17T14:43:33.150411Z  INFO Build phase: 31% (158334976 / 504186669) | 111041737 nodes written | ETA 37m1s
2026-06-17T14:43:41.001315Z  INFO Build phase: 31% (159907840 / 504186669) | 112150121 nodes written | ETA 36m46s
2026-06-17T14:43:49.030128Z  INFO Build phase: 32% (161480704 / 504186669) | 113250627 nodes written | ETA 36m32s
2026-06-17T14:43:54.180669Z  INFO Build phase: 32% (162529280 / 504186669) | 113980344 nodes written | ETA 36m22s
2026-06-17T14:44:01.499759Z  INFO Build phase: 32% (163577856 / 504186669) | 114717785 nodes written | ETA 36m15s
2026-06-17T14:44:07.603438Z  INFO Build phase: 32% (164626432 / 504186669) | 115454713 nodes written | ETA 36m7s
2026-06-17T14:44:13.262781Z  INFO Build phase: 32% (165675008 / 504186669) | 116188596 nodes written | ETA 35m59s
2026-06-17T14:44:21.284538Z  INFO Build phase: 33% (167247872 / 504186669) | 117289347 nodes written | ETA 35m45s
2026-06-17T14:44:29.016908Z  INFO Build phase: 33% (168296448 / 504186669) | 118021417 nodes written | ETA 35m41s
2026-06-17T14:44:38.216252Z  INFO Build phase: 33% (169869312 / 504186669) | 119114625 nodes written | ETA 35m29s
2026-06-17T14:44:43.669523Z  INFO Build phase: 33% (170917888 / 504186669) | 119849586 nodes written | ETA 35m19s
2026-06-17T14:44:50.209674Z  INFO Build phase: 34% (171966464 / 504186669) | 120585295 nodes written | ETA 35m13s
2026-06-17T14:44:57.291271Z  INFO Build phase: 34% (173539328 / 504186669) | 121687273 nodes written | ETA 34m57s
2026-06-17T14:45:02.417326Z  INFO Build phase: 34% (174587904 / 504186669) | 122421549 nodes written | ETA 34m47s
2026-06-17T14:45:09.092821Z  INFO Build phase: 34% (175636480 / 504186669) | 123159497 nodes written | ETA 34m42s
2026-06-17T14:45:14.142556Z  INFO Build phase: 35% (176685056 / 504186669) | 123898378 nodes written | ETA 34m32s
2026-06-17T14:45:21.947871Z  INFO Build phase: 35% (177733632 / 504186669) | 124627522 nodes written | ETA 34m26s
2026-06-17T14:45:28.809693Z  INFO Build phase: 35% (178782208 / 504186669) | 125359515 nodes written | ETA 34m20s
2026-06-17T14:45:35.181773Z  INFO Build phase: 35% (179830784 / 504186669) | 126095026 nodes written | ETA 34m14s
2026-06-17T14:45:43.694128Z  INFO Build phase: 35% (181403648 / 504186669) | 127197478 nodes written | ETA 34m0s
2026-06-17T14:45:52.279361Z  INFO Build phase: 36% (182976512 / 504186669) | 128296861 nodes written | ETA 33m49s
2026-06-17T14:45:58.570247Z  INFO Build phase: 36% (184025088 / 504186669) | 129030321 nodes written | ETA 33m41s
2026-06-17T14:46:03.734025Z  INFO Build phase: 36% (185073664 / 504186669) | 129765005 nodes written | ETA 33m32s
2026-06-17T14:46:09.427844Z  INFO Build phase: 36% (186122240 / 504186669) | 130501005 nodes written | ETA 33m24s
2026-06-17T14:46:16.137119Z  INFO Build phase: 37% (187695104 / 504186669) | 131609468 nodes written | ETA 33m9s
2026-06-17T14:46:23.770190Z  INFO Build phase: 37% (189267968 / 504186669) | 132716624 nodes written | ETA 32m55s
2026-06-17T14:46:31.472886Z  INFO Build phase: 37% (190840832 / 504186669) | 133816126 nodes written | ETA 32m42s
2026-06-17T14:46:38.751697Z  INFO Build phase: 38% (191889408 / 504186669) | 134553984 nodes written | ETA 32m36s
2026-06-17T14:46:46.096895Z  INFO Build phase: 38% (193462272 / 504186669) | 135663881 nodes written | ETA 32m23s
2026-06-17T14:46:53.578077Z  INFO Build phase: 38% (195035136 / 504186669) | 136769486 nodes written | ETA 32m9s
2026-06-17T14:46:59.693808Z  INFO Build phase: 38% (196083712 / 504186669) | 137504649 nodes written | ETA 32m1s
2026-06-17T14:47:04.701555Z  INFO Build phase: 39% (197132288 / 504186669) | 138240719 nodes written | ETA 31m52s
2026-06-17T14:47:12.296270Z  INFO Build phase: 39% (198705152 / 504186669) | 139342150 nodes written | ETA 31m40s
2026-06-17T14:47:19.634404Z  INFO Build phase: 39% (199753728 / 504186669) | 140075012 nodes written | ETA 31m34s
2026-06-17T14:47:25.818643Z  INFO Build phase: 39% (201326592 / 504186669) | 141179794 nodes written | ETA 31m18s
2026-06-17T14:47:33.123821Z  INFO Build phase: 40% (202899456 / 504186669) | 142281725 nodes written | ETA 31m6s
2026-06-17T14:47:40.105190Z  INFO Build phase: 40% (203948032 / 504186669) | 143022783 nodes written | ETA 31m0s
2026-06-17T14:47:48.085890Z  INFO Build phase: 40% (205520896 / 504186669) | 144128939 nodes written | ETA 30m48s
2026-06-17T14:47:53.411634Z  INFO Build phase: 40% (206569472 / 504186669) | 144863693 nodes written | ETA 30m39s
2026-06-17T14:47:59.219421Z  INFO Build phase: 41% (207618048 / 504186669) | 145601045 nodes written | ETA 30m32s
2026-06-17T14:48:06.971978Z  INFO Build phase: 41% (209190912 / 504186669) | 146703706 nodes written | ETA 30m19s
2026-06-17T14:48:16.543966Z  INFO Build phase: 41% (210763776 / 504186669) | 147805475 nodes written | ETA 30m9s
2026-06-17T14:48:23.319943Z  INFO Build phase: 42% (211812352 / 504186669) | 148537480 nodes written | ETA 30m4s
2026-06-17T14:48:29.556793Z  INFO Build phase: 42% (212860928 / 504186669) | 149270902 nodes written | ETA 29m56s
2026-06-17T14:48:37.329349Z  INFO Build phase: 42% (213909504 / 504186669) | 150008265 nodes written | ETA 29m52s
2026-06-17T14:48:43.708202Z  INFO Build phase: 42% (215482368 / 504186669) | 151113268 nodes written | ETA 29m37s
2026-06-17T14:48:51.432128Z  INFO Build phase: 43% (217055232 / 504186669) | 152220386 nodes written | ETA 29m26s
2026-06-17T14:48:58.930131Z  INFO Build phase: 43% (218628096 / 504186669) | 153323877 nodes written | ETA 29m12s
2026-06-17T14:49:06.889186Z  INFO Build phase: 43% (219676672 / 504186669) | 154056831 nodes written | ETA 29m8s
2026-06-17T14:49:15.685770Z  INFO Build phase: 43% (221249536 / 504186669) | 155163400 nodes written | ETA 28m57s
2026-06-17T14:49:22.325860Z  INFO Build phase: 44% (222822400 / 504186669) | 156265534 nodes written | ETA 28m44s
2026-06-17T14:49:30.930033Z  INFO Build phase: 44% (224395264 / 504186669) | 157363237 nodes written | ETA 28m33s
2026-06-17T14:49:39.966222Z  INFO Build phase: 44% (225443840 / 504186669) | 158094971 nodes written | ETA 28m29s
2026-06-17T14:49:51.300830Z  INFO Build phase: 45% (227016704 / 504186669) | 159193365 nodes written | ETA 28m23s
2026-06-17T14:49:57.722223Z  INFO Build phase: 45% (227540992 / 504186669) | 159561000 nodes written | ETA 28m23s
2026-06-17T14:50:07.826075Z  INFO Build phase: 45% (228589568 / 504186669) | 160296050 nodes written | ETA 28m21s
2026-06-17T14:50:16.447013Z  INFO Build phase: 45% (229638144 / 504186669) | 161027879 nodes written | ETA 28m17s
2026-06-17T14:50:22.659670Z  INFO Build phase: 45% (230686720 / 504186669) | 161763020 nodes written | ETA 28m10s
2026-06-17T14:50:30.393307Z  INFO Build phase: 45% (231211008 / 504186669) | 162133741 nodes written | ETA 28m13s
2026-06-17T14:50:35.452421Z  INFO Build phase: 45% (231735296 / 504186669) | 162502289 nodes written | ETA 28m11s
2026-06-17T14:50:45.305313Z  INFO Build phase: 46% (232783872 / 504186669) | 163240329 nodes written | ETA 28m9s
2026-06-17T14:50:54.629050Z  INFO Build phase: 46% (233308160 / 504186669) | 163614728 nodes written | ETA 28m12s
2026-06-17T14:51:04.382703Z  INFO Build phase: 46% (234356736 / 504186669) | 164352897 nodes written | ETA 28m10s
2026-06-17T14:51:12.211395Z  INFO Build phase: 46% (234881024 / 504186669) | 164718557 nodes written | ETA 28m12s
2026-06-17T14:51:22.354025Z  INFO Build phase: 46% (235405312 / 504186669) | 165086889 nodes written | ETA 28m16s
2026-06-17T14:51:31.503323Z  INFO Build phase: 46% (236453888 / 504186669) | 165825428 nodes written | ETA 28m12s
2026-06-17T14:51:42.716147Z  INFO Build phase: 47% (237502464 / 504186669) | 166558816 nodes written | ETA 28m11s
2026-06-17T14:51:49.912109Z  INFO Build phase: 47% (238551040 / 504186669) | 167292694 nodes written | ETA 28m4s
2026-06-17T14:51:55.968236Z  INFO Build phase: 47% (239075328 / 504186669) | 167658167 nodes written | ETA 28m4s
2026-06-17T14:52:01.803514Z  INFO Build phase: 47% (239599616 / 504186669) | 168027952 nodes written | ETA 28m4s
2026-06-17T14:52:10.524802Z  INFO Build phase: 47% (240648192 / 504186669) | 168758171 nodes written | ETA 27m59s
2026-06-17T14:52:15.995095Z  INFO Build phase: 47% (241172480 / 504186669) | 169125019 nodes written | ETA 27m58s
2026-06-17T14:52:22.743143Z  INFO Build phase: 48% (242221056 / 504186669) | 169856241 nodes written | ETA 27m52s
2026-06-17T14:52:29.112141Z  INFO Build phase: 48% (242745344 / 504186669) | 170225108 nodes written | ETA 27m52s
2026-06-17T14:52:38.603576Z  INFO Build phase: 48% (244318208 / 504186669) | 171326037 nodes written | ETA 27m41s
2026-06-17T14:52:44.137678Z  INFO Build phase: 48% (244842496 / 504186669) | 171692843 nodes written | ETA 27m40s
2026-06-17T14:52:49.308905Z  INFO Build phase: 48% (245366784 / 504186669) | 172058084 nodes written | ETA 27m39s
2026-06-17T14:52:56.976737Z  INFO Build phase: 48% (246415360 / 504186669) | 172797778 nodes written | ETA 27m32s
2026-06-17T14:53:04.196007Z  INFO Build phase: 48% (246939648 / 504186669) | 173162130 nodes written | ETA 27m34s
2026-06-17T14:53:09.597456Z  INFO Build phase: 49% (247463936 / 504186669) | 173533307 nodes written | ETA 27m32s
2026-06-17T14:53:17.656577Z  INFO Build phase: 49% (248512512 / 504186669) | 174271725 nodes written | ETA 27m27s
2026-06-17T14:53:24.838139Z  INFO Build phase: 49% (249561088 / 504186669) | 175005673 nodes written | ETA 27m20s
2026-06-17T14:53:31.603991Z  INFO Build phase: 49% (251133952 / 504186669) | 176112718 nodes written | ETA 27m7s
2026-06-17T14:53:39.722213Z  INFO Build phase: 50% (252706816 / 504186669) | 177214080 nodes written | ETA 26m55s
2026-06-17T14:53:47.781932Z  INFO Build phase: 50% (254279680 / 504186669) | 178318306 nodes written | ETA 26m42s
2026-06-17T14:53:56.323155Z  INFO Build phase: 50% (255328256 / 504186669) | 179048724 nodes written | ETA 26m38s
2026-06-17T14:54:01.379421Z  INFO Build phase: 50% (256376832 / 504186669) | 179788239 nodes written | ETA 26m30s
2026-06-17T14:54:07.430040Z  INFO Build phase: 51% (257425408 / 504186669) | 180521537 nodes written | ETA 26m22s
2026-06-17T14:54:14.637707Z  INFO Build phase: 51% (258998272 / 504186669) | 181622215 nodes written | ETA 26m9s
2026-06-17T14:54:22.313153Z  INFO Build phase: 51% (260571136 / 504186669) | 182726769 nodes written | ETA 25m57s
2026-06-17T14:54:30.376087Z  INFO Build phase: 51% (262144000 / 504186669) | 183823275 nodes written | ETA 25m45s
2026-06-17T14:54:37.404011Z  INFO Build phase: 52% (263192576 / 504186669) | 184557070 nodes written | ETA 25m39s
2026-06-17T14:54:42.627069Z  INFO Build phase: 52% (264241152 / 504186669) | 185289628 nodes written | ETA 25m30s
2026-06-17T14:54:47.847896Z  INFO Build phase: 52% (265289728 / 504186669) | 186027191 nodes written | ETA 25m22s
2026-06-17T14:54:53.378386Z  INFO Build phase: 52% (266338304 / 504186669) | 186764393 nodes written | ETA 25m15s
2026-06-17T14:55:00.486120Z  INFO Build phase: 53% (267386880 / 504186669) | 187502494 nodes written | ETA 25m9s
2026-06-17T14:55:06.134975Z  INFO Build phase: 53% (268435456 / 504186669) | 188228431 nodes written | ETA 25m1s
2026-06-17T14:55:14.403577Z  INFO Build phase: 53% (270008320 / 504186669) | 189327810 nodes written | ETA 24m50s
2026-06-17T14:55:21.534629Z  INFO Build phase: 53% (271056896 / 504186669) | 190065171 nodes written | ETA 24m43s
2026-06-17T14:55:28.405921Z  INFO Build phase: 54% (272629760 / 504186669) | 191166354 nodes written | ETA 24m31s
2026-06-17T14:55:35.881323Z  INFO Build phase: 54% (274202624 / 504186669) | 192264879 nodes written | ETA 24m18s
2026-06-17T14:55:41.064187Z  INFO Build phase: 54% (275251200 / 504186669) | 192999618 nodes written | ETA 24m11s
2026-06-17T14:55:47.933856Z  INFO Build phase: 54% (276299776 / 504186669) | 193731623 nodes written | ETA 24m4s
2026-06-17T14:55:53.830808Z  INFO Build phase: 55% (277348352 / 504186669) | 194466447 nodes written | ETA 23m57s
2026-06-17T14:56:02.412366Z  INFO Build phase: 55% (278396928 / 504186669) | 195206805 nodes written | ETA 23m52s
2026-06-17T14:56:10.481360Z  INFO Build phase: 55% (279969792 / 504186669) | 196309495 nodes written | ETA 23m40s
2026-06-17T14:56:19.245782Z  INFO Build phase: 55% (281018368 / 504186669) | 197046571 nodes written | ETA 23m35s
2026-06-17T14:56:24.541578Z  INFO Build phase: 55% (282066944 / 504186669) | 197778082 nodes written | ETA 23m27s
2026-06-17T14:56:29.905095Z  INFO Build phase: 56% (282591232 / 504186669) | 198143894 nodes written | ETA 23m25s
2026-06-17T14:56:35.834373Z  INFO Build phase: 56% (283639808 / 504186669) | 198879850 nodes written | ETA 23m18s
2026-06-17T14:56:44.326876Z  INFO Build phase: 56% (284688384 / 504186669) | 199612389 nodes written | ETA 23m13s
2026-06-17T14:56:49.482651Z  INFO Build phase: 56% (285736960 / 504186669) | 200351549 nodes written | ETA 23m6s
2026-06-17T14:56:55.511701Z  INFO Build phase: 56% (286785536 / 504186669) | 201082034 nodes written | ETA 22m58s
2026-06-17T14:57:00.783148Z  INFO Build phase: 57% (287834112 / 504186669) | 201817151 nodes written | ETA 22m51s
2026-06-17T14:57:08.907974Z  INFO Build phase: 57% (288882688 / 504186669) | 202552609 nodes written | ETA 22m45s
2026-06-17T14:57:17.762148Z  INFO Build phase: 57% (289931264 / 504186669) | 203288291 nodes written | ETA 22m40s
2026-06-17T14:57:23.360672Z  INFO Build phase: 57% (290455552 / 504186669) | 203655571 nodes written | ETA 22m39s
2026-06-17T14:57:31.125602Z  INFO Build phase: 57% (290979840 / 504186669) | 204022920 nodes written | ETA 22m39s
2026-06-17T14:57:38.961951Z  INFO Build phase: 57% (292028416 / 504186669) | 204751269 nodes written | ETA 22m32s
2026-06-17T14:57:45.750246Z  INFO Build phase: 58% (292552704 / 504186669) | 205115284 nodes written | ETA 22m32s
2026-06-17T14:57:52.366818Z  INFO Build phase: 58% (293601280 / 504186669) | 205848114 nodes written | ETA 22m25s
2026-06-17T14:57:58.603478Z  INFO Build phase: 58% (294125568 / 504186669) | 206219043 nodes written | ETA 22m24s
2026-06-17T14:58:05.123951Z  INFO Build phase: 58% (295174144 / 504186669) | 206948849 nodes written | ETA 22m17s
2026-06-17T14:58:10.339476Z  INFO Build phase: 58% (295698432 / 504186669) | 207316917 nodes written | ETA 22m15s
2026-06-17T14:58:17.310493Z  INFO Build phase: 58% (296222720 / 504186669) | 207688832 nodes written | ETA 22m14s
2026-06-17T14:58:23.726393Z  INFO Build phase: 58% (297271296 / 504186669) | 208422911 nodes written | ETA 22m7s
2026-06-17T14:58:30.862668Z  INFO Build phase: 59% (297795584 / 504186669) | 208792388 nodes written | ETA 22m6s
2026-06-17T14:58:36.642888Z  INFO Build phase: 59% (298319872 / 504186669) | 209162701 nodes written | ETA 22m4s
2026-06-17T14:58:42.944125Z  INFO Build phase: 59% (298844160 / 504186669) | 209528482 nodes written | ETA 22m3s
2026-06-17T14:58:50.974910Z  INFO Build phase: 59% (299892736 / 504186669) | 210263624 nodes written | ETA 21m57s
2026-06-17T14:58:56.747328Z  INFO Build phase: 59% (300941312 / 504186669) | 210996518 nodes written | ETA 21m50s
2026-06-17T14:59:05.324660Z  INFO Build phase: 59% (301989888 / 504186669) | 211727456 nodes written | ETA 21m44s
2026-06-17T14:59:10.753529Z  INFO Build phase: 60% (302514176 / 504186669) | 212095824 nodes written | ETA 21m42s
2026-06-17T14:59:17.599164Z  INFO Build phase: 60% (303562752 / 504186669) | 212834403 nodes written | ETA 21m36s
2026-06-17T14:59:22.703163Z  INFO Build phase: 60% (304087040 / 504186669) | 213204233 nodes written | ETA 21m33s
2026-06-17T14:59:29.042006Z  INFO Build phase: 60% (304611328 / 504186669) | 213570356 nodes written | ETA 21m32s
2026-06-17T14:59:36.234076Z  INFO Build phase: 60% (305659904 / 504186669) | 214300852 nodes written | ETA 21m26s
2026-06-17T14:59:43.236078Z  INFO Build phase: 60% (306184192 / 504186669) | 214661288 nodes written | ETA 21m24s
2026-06-17T14:59:49.506431Z  INFO Build phase: 60% (306708480 / 504186669) | 215034548 nodes written | ETA 21m23s
2026-06-17T14:59:55.481710Z  INFO Build phase: 61% (307757056 / 504186669) | 215770401 nodes written | ETA 21m15s
2026-06-17T15:00:04.747945Z  INFO Build phase: 61% (308805632 / 504186669) | 216501825 nodes written | ETA 21m10s
2026-06-17T15:00:11.663261Z  INFO Build phase: 61% (309854208 / 504186669) | 217240118 nodes written | ETA 21m3s
2026-06-17T15:00:17.606407Z  INFO Build phase: 61% (310378496 / 504186669) | 217608267 nodes written | ETA 21m1s
2026-06-17T15:00:24.547036Z  INFO Build phase: 61% (311427072 / 504186669) | 218343632 nodes written | ETA 20m55s
2026-06-17T15:00:30.231972Z  INFO Build phase: 61% (311951360 / 504186669) | 218707707 nodes written | ETA 20m53s
2026-06-17T15:00:35.345864Z  INFO Build phase: 61% (312475648 / 504186669) | 219075466 nodes written | ETA 20m50s
2026-06-17T15:00:44.301185Z  INFO Build phase: 62% (313524224 / 504186669) | 219808920 nodes written | ETA 20m45s
2026-06-17T15:00:50.390328Z  INFO Build phase: 62% (314048512 / 504186669) | 220174728 nodes written | ETA 20m43s
2026-06-17T15:00:55.589948Z  INFO Build phase: 62% (315097088 / 504186669) | 220905816 nodes written | ETA 20m35s
2026-06-17T15:01:04.810243Z  INFO Build phase: 62% (316145664 / 504186669) | 221641051 nodes written | ETA 20m30s
2026-06-17T15:01:10.867315Z  INFO Build phase: 62% (317194240 / 504186669) | 222379139 nodes written | ETA 20m22s
2026-06-17T15:01:21.022646Z  INFO Build phase: 63% (318242816 / 504186669) | 223112393 nodes written | ETA 20m18s
2026-06-17T15:01:29.759334Z  INFO Build phase: 63% (319291392 / 504186669) | 223848405 nodes written | ETA 20m12s
2026-06-17T15:01:35.287699Z  INFO Build phase: 63% (319815680 / 504186669) | 224213952 nodes written | ETA 20m10s
2026-06-17T15:01:41.923700Z  INFO Build phase: 63% (320339968 / 504186669) | 224581907 nodes written | ETA 20m8s
2026-06-17T15:01:48.741179Z  INFO Build phase: 63% (321388544 / 504186669) | 225318858 nodes written | ETA 20m1s
2026-06-17T15:01:56.428294Z  INFO Build phase: 63% (322437120 / 504186669) | 226054696 nodes written | ETA 19m54s
2026-06-17T15:02:02.692086Z  INFO Build phase: 64% (323485696 / 504186669) | 226795153 nodes written | ETA 19m47s
2026-06-17T15:02:08.013143Z  INFO Build phase: 64% (324009984 / 504186669) | 227164467 nodes written | ETA 19m45s
2026-06-17T15:02:13.313499Z  INFO Build phase: 64% (324534272 / 504186669) | 227533881 nodes written | ETA 19m42s
2026-06-17T15:02:19.961732Z  INFO Build phase: 64% (325582848 / 504186669) | 228271067 nodes written | ETA 19m35s
2026-06-17T15:02:25.098565Z  INFO Build phase: 64% (326107136 / 504186669) | 228634537 nodes written | ETA 19m33s
2026-06-17T15:02:31.374088Z  INFO Build phase: 64% (326631424 / 504186669) | 229001332 nodes written | ETA 19m31s
2026-06-17T15:02:38.669194Z  INFO Build phase: 64% (327680000 / 504186669) | 229735458 nodes written | ETA 19m24s
2026-06-17T15:02:44.804859Z  INFO Build phase: 65% (328728576 / 504186669) | 230468724 nodes written | ETA 19m17s
2026-06-17T15:02:50.973953Z  INFO Build phase: 65% (329777152 / 504186669) | 231201031 nodes written | ETA 19m9s
2026-06-17T15:02:59.955614Z  INFO Build phase: 65% (331350016 / 504186669) | 232300771 nodes written | ETA 18m58s
2026-06-17T15:03:05.713041Z  INFO Build phase: 65% (331874304 / 504186669) | 232666877 nodes written | ETA 18m56s
2026-06-17T15:03:11.551900Z  INFO Build phase: 66% (332922880 / 504186669) | 233405432 nodes written | ETA 18m49s
2026-06-17T15:03:19.953531Z  INFO Build phase: 66% (333971456 / 504186669) | 234145571 nodes written | ETA 18m42s
2026-06-17T15:03:25.037329Z  INFO Build phase: 66% (335020032 / 504186669) | 234882787 nodes written | ETA 18m35s
2026-06-17T15:03:30.328655Z  INFO Build phase: 66% (335544320 / 504186669) | 235254575 nodes written | ETA 18m32s
2026-06-17T15:03:36.744481Z  INFO Build phase: 66% (337117184 / 504186669) | 236355194 nodes written | ETA 18m20s
2026-06-17T15:03:43.485163Z  INFO Build phase: 67% (338165760 / 504186669) | 237085371 nodes written | ETA 18m13s
2026-06-17T15:03:52.994344Z  INFO Build phase: 67% (339738624 / 504186669) | 238183237 nodes written | ETA 18m2s
2026-06-17T15:03:58.091387Z  INFO Build phase: 67% (340787200 / 504186669) | 238920840 nodes written | ETA 17m54s
2026-06-17T15:04:06.719640Z  INFO Build phase: 67% (341835776 / 504186669) | 239658728 nodes written | ETA 17m48s
2026-06-17T15:04:12.325950Z  INFO Build phase: 68% (342884352 / 504186669) | 240391176 nodes written | ETA 17m41s
2026-06-17T15:04:17.999451Z  INFO Build phase: 68% (343932928 / 504186669) | 241132432 nodes written | ETA 17m33s
2026-06-17T15:04:26.349285Z  INFO Build phase: 68% (345505792 / 504186669) | 242231023 nodes written | ETA 17m22s
2026-06-17T15:04:34.221087Z  INFO Build phase: 68% (347078656 / 504186669) | 243334583 nodes written | ETA 17m11s
2026-06-17T15:04:41.460115Z  INFO Build phase: 69% (348127232 / 504186669) | 244067991 nodes written | ETA 17m4s
2026-06-17T15:04:49.585384Z  INFO Build phase: 69% (349700096 / 504186669) | 245164127 nodes written | ETA 16m52s
2026-06-17T15:04:56.041907Z  INFO Build phase: 69% (351272960 / 504186669) | 246270563 nodes written | ETA 16m41s
2026-06-17T15:05:02.810101Z  INFO Build phase: 69% (352321536 / 504186669) | 247008590 nodes written | ETA 16m33s
2026-06-17T15:05:10.309578Z  INFO Build phase: 70% (353894400 / 504186669) | 248115453 nodes written | ETA 16m22s
2026-06-17T15:05:16.100612Z  INFO Build phase: 70% (354942976 / 504186669) | 248845920 nodes written | ETA 16m15s
2026-06-17T15:05:22.918538Z  INFO Build phase: 70% (355991552 / 504186669) | 249582624 nodes written | ETA 16m8s
2026-06-17T15:05:28.768502Z  INFO Build phase: 70% (357040128 / 504186669) | 250318371 nodes written | ETA 16m1s
2026-06-17T15:05:34.009302Z  INFO Build phase: 71% (358088704 / 504186669) | 251050359 nodes written | ETA 15m53s
2026-06-17T15:05:39.436852Z  INFO Build phase: 71% (359137280 / 504186669) | 251788000 nodes written | ETA 15m46s
2026-06-17T15:05:46.060928Z  INFO Build phase: 71% (360185856 / 504186669) | 252526023 nodes written | ETA 15m39s
2026-06-17T15:05:51.090733Z  INFO Build phase: 71% (361234432 / 504186669) | 253254197 nodes written | ETA 15m31s
2026-06-17T15:05:59.196914Z  INFO Build phase: 71% (362807296 / 504186669) | 254356292 nodes written | ETA 15m20s
2026-06-17T15:06:06.399652Z  INFO Build phase: 72% (363855872 / 504186669) | 255088719 nodes written | ETA 15m14s
2026-06-17T15:06:12.677819Z  INFO Build phase: 72% (365428736 / 504186669) | 256184656 nodes written | ETA 15m2s
2026-06-17T15:06:20.533000Z  INFO Build phase: 72% (367001600 / 504186669) | 257287122 nodes written | ETA 14m51s
2026-06-17T15:06:27.967997Z  INFO Build phase: 72% (368050176 / 504186669) | 258021913 nodes written | ETA 14m44s
2026-06-17T15:06:33.296522Z  INFO Build phase: 73% (369098752 / 504186669) | 258758384 nodes written | ETA 14m37s
2026-06-17T15:06:39.236688Z  INFO Build phase: 73% (370147328 / 504186669) | 259493801 nodes written | ETA 14m30s
2026-06-17T15:06:46.360236Z  INFO Build phase: 73% (371195904 / 504186669) | 260229098 nodes written | ETA 14m23s
2026-06-17T15:06:53.921590Z  INFO Build phase: 73% (372768768 / 504186669) | 261337601 nodes written | ETA 14m12s
2026-06-17T15:07:00.026323Z  INFO Build phase: 74% (373817344 / 504186669) | 262065944 nodes written | ETA 14m5s
2026-06-17T15:07:07.845763Z  INFO Build phase: 74% (375390208 / 504186669) | 263174300 nodes written | ETA 13m54s
2026-06-17T15:07:16.025095Z  INFO Build phase: 74% (376963072 / 504186669) | 264278045 nodes written | ETA 13m43s
2026-06-17T15:07:22.878317Z  INFO Build phase: 74% (378011648 / 504186669) | 265014839 nodes written | ETA 13m36s
2026-06-17T15:07:29.371664Z  INFO Build phase: 75% (379584512 / 504186669) | 266123135 nodes written | ETA 13m25s
2026-06-17T15:07:36.489562Z  INFO Build phase: 75% (381157376 / 504186669) | 267231407 nodes written | ETA 13m14s
2026-06-17T15:07:44.165729Z  INFO Build phase: 75% (382730240 / 504186669) | 268332638 nodes written | ETA 13m3s
2026-06-17T15:07:51.401711Z  INFO Build phase: 76% (383778816 / 504186669) | 269068274 nodes written | ETA 12m56s
2026-06-17T15:07:59.943866Z  INFO Build phase: 76% (385351680 / 504186669) | 270173336 nodes written | ETA 12m45s
2026-06-17T15:08:06.566885Z  INFO Build phase: 76% (386924544 / 504186669) | 271277347 nodes written | ETA 12m34s
2026-06-17T15:08:12.352264Z  INFO Build phase: 76% (387973120 / 504186669) | 272009852 nodes written | ETA 12m27s
2026-06-17T15:08:20.122483Z  INFO Build phase: 77% (389545984 / 504186669) | 273116196 nodes written | ETA 12m16s
2026-06-17T15:08:28.010676Z  INFO Build phase: 77% (391118848 / 504186669) | 274223169 nodes written | ETA 12m6s
2026-06-17T15:08:35.516820Z  INFO Build phase: 77% (392691712 / 504186669) | 275325502 nodes written | ETA 11m55s
2026-06-17T15:08:41.200039Z  INFO Build phase: 78% (393740288 / 504186669) | 276059944 nodes written | ETA 11m48s
2026-06-17T15:08:48.530972Z  INFO Build phase: 78% (395313152 / 504186669) | 277167486 nodes written | ETA 11m37s
2026-06-17T15:08:56.650793Z  INFO Build phase: 78% (396886016 / 504186669) | 278272463 nodes written | ETA 11m26s
2026-06-17T15:09:04.588938Z  INFO Build phase: 78% (397934592 / 504186669) | 279011292 nodes written | ETA 11m20s
2026-06-17T15:09:13.152225Z  INFO Build phase: 79% (399507456 / 504186669) | 280108017 nodes written | ETA 11m9s
2026-06-17T15:09:20.992074Z  INFO Build phase: 79% (401080320 / 504186669) | 281210792 nodes written | ETA 10m59s
2026-06-17T15:09:29.424546Z  INFO Build phase: 79% (402653184 / 504186669) | 282311295 nodes written | ETA 10m48s
2026-06-17T15:09:35.619754Z  INFO Build phase: 80% (403701760 / 504186669) | 283044751 nodes written | ETA 10m41s
2026-06-17T15:09:43.838199Z  INFO Build phase: 80% (405274624 / 504186669) | 284150751 nodes written | ETA 10m31s
2026-06-17T15:09:52.803295Z  INFO Build phase: 80% (406847488 / 504186669) | 285258286 nodes written | ETA 10m21s
2026-06-17T15:09:59.365397Z  INFO Build phase: 81% (408420352 / 504186669) | 286363874 nodes written | ETA 10m10s
2026-06-17T15:10:05.833294Z  INFO Build phase: 81% (409468928 / 504186669) | 287098747 nodes written | ETA 10m3s
2026-06-17T15:10:13.411663Z  INFO Build phase: 81% (411041792 / 504186669) | 288203196 nodes written | ETA 9m53s
2026-06-17T15:10:21.623197Z  INFO Build phase: 81% (412614656 / 504186669) | 289303094 nodes written | ETA 9m42s
2026-06-17T15:10:28.961981Z  INFO Build phase: 82% (413663232 / 504186669) | 290042610 nodes written | ETA 9m35s
2026-06-17T15:10:35.090254Z  INFO Build phase: 82% (415236096 / 504186669) | 291140411 nodes written | ETA 9m25s
2026-06-17T15:10:43.574030Z  INFO Build phase: 82% (416808960 / 504186669) | 292240495 nodes written | ETA 9m14s
2026-06-17T15:10:50.791396Z  INFO Build phase: 82% (418381824 / 504186669) | 293339873 nodes written | ETA 9m4s
2026-06-17T15:10:57.605907Z  INFO Build phase: 83% (419430400 / 504186669) | 294074629 nodes written | ETA 8m57s
2026-06-17T15:11:05.868349Z  INFO Build phase: 83% (421003264 / 504186669) | 295174744 nodes written | ETA 8m47s
2026-06-17T15:11:12.113128Z  INFO Build phase: 83% (422576128 / 504186669) | 296277409 nodes written | ETA 8m36s
2026-06-17T15:11:18.318358Z  INFO Build phase: 84% (423624704 / 504186669) | 297010473 nodes written | ETA 8m30s
2026-06-17T15:11:26.104125Z  INFO Build phase: 84% (425197568 / 504186669) | 298112737 nodes written | ETA 8m19s
2026-06-17T15:11:34.414469Z  INFO Build phase: 84% (426770432 / 504186669) | 299215015 nodes written | ETA 8m9s
2026-06-17T15:11:40.370034Z  INFO Build phase: 84% (427819008 / 504186669) | 299956528 nodes written | ETA 8m2s
2026-06-17T15:11:46.662632Z  INFO Build phase: 85% (428867584 / 504186669) | 300687571 nodes written | ETA 7m55s
2026-06-17T15:11:51.662704Z  INFO Build phase: 85% (429916160 / 504186669) | 301414533 nodes written | ETA 7m49s
2026-06-17T15:11:58.205206Z  INFO Build phase: 85% (430964736 / 504186669) | 302144184 nodes written | ETA 7m42s
2026-06-17T15:12:03.233985Z  INFO Build phase: 85% (432013312 / 504186669) | 302881133 nodes written | ETA 7m35s
2026-06-17T15:12:09.939093Z  INFO Build phase: 85% (433061888 / 504186669) | 303618338 nodes written | ETA 7m28s
2026-06-17T15:12:15.362046Z  INFO Build phase: 86% (434110464 / 504186669) | 304354799 nodes written | ETA 7m22s
2026-06-17T15:12:22.705167Z  INFO Build phase: 86% (435159040 / 504186669) | 305095149 nodes written | ETA 7m15s
2026-06-17T15:12:29.292197Z  INFO Build phase: 86% (436731904 / 504186669) | 306192518 nodes written | ETA 7m5s
2026-06-17T15:12:36.591017Z  INFO Build phase: 86% (438304768 / 504186669) | 307297983 nodes written | ETA 6m54s
2026-06-17T15:12:43.119627Z  INFO Build phase: 87% (439353344 / 504186669) | 308027641 nodes written | ETA 6m48s
2026-06-17T15:12:52.678406Z  INFO Build phase: 87% (440926208 / 504186669) | 309130585 nodes written | ETA 6m38s
2026-06-17T15:13:00.922946Z  INFO Build phase: 87% (442499072 / 504186669) | 310233166 nodes written | ETA 6m28s
2026-06-17T15:13:08.037304Z  INFO Build phase: 88% (444071936 / 504186669) | 311337962 nodes written | ETA 6m17s
2026-06-17T15:13:14.657341Z  INFO Build phase: 88% (445120512 / 504186669) | 312069452 nodes written | ETA 6m11s
2026-06-17T15:13:22.144535Z  INFO Build phase: 88% (446693376 / 504186669) | 313167510 nodes written | ETA 6m1s
2026-06-17T15:13:27.580119Z  INFO Build phase: 88% (447741952 / 504186669) | 313902572 nodes written | ETA 5m54s
2026-06-17T15:13:35.743346Z  INFO Build phase: 89% (448790528 / 504186669) | 314640387 nodes written | ETA 5m47s
2026-06-17T15:13:41.134653Z  INFO Build phase: 89% (449314816 / 504186669) | 315010182 nodes written | ETA 5m44s
2026-06-17T15:13:47.276640Z  INFO Build phase: 89% (450887680 / 504186669) | 316109298 nodes written | ETA 5m34s
2026-06-17T15:13:54.835403Z  INFO Build phase: 89% (452460544 / 504186669) | 317213450 nodes written | ETA 5m24s
2026-06-17T15:14:02.350182Z  INFO Build phase: 90% (454033408 / 504186669) | 318322198 nodes written | ETA 5m14s
2026-06-17T15:14:09.665255Z  INFO Build phase: 90% (455081984 / 504186669) | 319053330 nodes written | ETA 5m7s
2026-06-17T15:14:15.129221Z  INFO Build phase: 90% (456130560 / 504186669) | 319786508 nodes written | ETA 5m1s
2026-06-17T15:14:21.144544Z  INFO Build phase: 90% (457179136 / 504186669) | 320522584 nodes written | ETA 4m54s
2026-06-17T15:14:28.759660Z  INFO Build phase: 90% (458752000 / 504186669) | 321620110 nodes written | ETA 4m44s
2026-06-17T15:14:36.408608Z  INFO Build phase: 91% (460324864 / 504186669) | 322723102 nodes written | ETA 4m34s
2026-06-17T15:14:41.846440Z  INFO Build phase: 91% (461373440 / 504186669) | 323455053 nodes written | ETA 4m27s
2026-06-17T15:14:48.890764Z  INFO Build phase: 91% (462422016 / 504186669) | 324192958 nodes written | ETA 4m21s
2026-06-17T15:14:54.204622Z  INFO Build phase: 91% (463470592 / 504186669) | 324927224 nodes written | ETA 4m14s
2026-06-17T15:15:00.208536Z  INFO Build phase: 92% (464519168 / 504186669) | 325665190 nodes written | ETA 4m7s
2026-06-17T15:15:07.250547Z  INFO Build phase: 92% (466092032 / 504186669) | 326769554 nodes written | ETA 3m57s
2026-06-17T15:15:13.666094Z  INFO Build phase: 92% (467140608 / 504186669) | 327509477 nodes written | ETA 3m51s
2026-06-17T15:15:21.802087Z  INFO Build phase: 92% (468713472 / 504186669) | 328608692 nodes written | ETA 3m41s
2026-06-17T15:15:30.449651Z  INFO Build phase: 93% (470286336 / 504186669) | 329704910 nodes written | ETA 3m31s
2026-06-17T15:15:35.819041Z  INFO Build phase: 93% (471334912 / 504186669) | 330437851 nodes written | ETA 3m24s
2026-06-17T15:15:41.434898Z  INFO Build phase: 93% (472383488 / 504186669) | 331170169 nodes written | ETA 3m18s
2026-06-17T15:15:49.820804Z  INFO Build phase: 94% (473956352 / 504186669) | 332272652 nodes written | ETA 3m8s
2026-06-17T15:15:56.731301Z  INFO Build phase: 94% (475004928 / 504186669) | 333008217 nodes written | ETA 3m1s
2026-06-17T15:16:05.509726Z  INFO Build phase: 94% (476577792 / 504186669) | 334116453 nodes written | ETA 2m51s
2026-06-17T15:16:13.735716Z  INFO Build phase: 94% (478150656 / 504186669) | 335220557 nodes written | ETA 2m42s
2026-06-17T15:16:20.067076Z  INFO Build phase: 95% (479723520 / 504186669) | 336322647 nodes written | ETA 2m32s
2026-06-17T15:16:26.117675Z  INFO Build phase: 95% (480772096 / 504186669) | 337053217 nodes written | ETA 2m25s
2026-06-17T15:16:33.917108Z  INFO Build phase: 95% (482344960 / 504186669) | 338156247 nodes written | ETA 2m15s
2026-06-17T15:16:42.367527Z  INFO Build phase: 95% (483917824 / 504186669) | 339265727 nodes written | ETA 2m5s
2026-06-17T15:16:50.389739Z  INFO Build phase: 96% (485490688 / 504186669) | 340362133 nodes written | ETA 1m56s
2026-06-17T15:16:55.885649Z  INFO Build phase: 96% (486539264 / 504186669) | 341095047 nodes written | ETA 1m49s
2026-06-17T15:17:03.777806Z  INFO Build phase: 96% (488112128 / 504186669) | 342199452 nodes written | ETA 1m39s
2026-06-17T15:17:11.496424Z  INFO Build phase: 97% (489684992 / 504186669) | 343302248 nodes written | ETA 1m29s
2026-06-17T15:17:18.869443Z  INFO Build phase: 97% (490733568 / 504186669) | 344040549 nodes written | ETA 1m23s
2026-06-17T15:17:27.048667Z  INFO Build phase: 97% (492306432 / 504186669) | 345146650 nodes written | ETA 1m13s
2026-06-17T15:17:33.252640Z  INFO Build phase: 97% (493879296 / 504186669) | 346253414 nodes written | ETA 1m3s
2026-06-17T15:17:40.910380Z  INFO Build phase: 98% (495452160 / 504186669) | 347355623 nodes written | ETA 0m54s
2026-06-17T15:17:47.026683Z  INFO Build phase: 98% (496500736 / 504186669) | 348091916 nodes written | ETA 0m47s
2026-06-17T15:17:55.179134Z  INFO Build phase: 98% (498073600 / 504186669) | 349186723 nodes written | ETA 0m37s
2026-06-17T15:18:03.584517Z  INFO Build phase: 99% (499646464 / 504186669) | 350291123 nodes written | ETA 0m28s
2026-06-17T15:18:09.914269Z  INFO Build phase: 99% (501219328 / 504186669) | 351393317 nodes written | ETA 0m18s
2026-06-17T15:18:17.001667Z  INFO Build phase: 99% (502267904 / 504186669) | 352129499 nodes written | ETA 0m11s
2026-06-17T15:18:24.822624Z  INFO Build phase: 99% (503840768 / 504186669) | 353231364 nodes written | ETA 0m2s
2026-06-17T15:18:27.768571Z  INFO Build phase complete: 504186669 entries, 353472680 nodes written, root Some(176717494) in 3111.8s
2026-06-17T15:18:27.838065Z  INFO Binary trie state root: 0xef32c6f33bc3283f83d9386b5a9182ea49f5bd434826f6bd0dc98cb51b1c600a
2026-06-17T15:18:27.853929Z  INFO Recorded migrated state at block 3030000
2026-06-17T15:18:29.729869Z  INFO Migration complete.
