2026-06-22T00:31:04.016495Z  INFO Storing genesis block hash=0xd4e5…8fa3
2026-06-22T00:31:04.024825Z  INFO Auto-tune: available RAM 34 GB, headroom 9 GB, usable 25 GB, preimage estimate 116 GB -> mmap mode, flush every 1000000
2026-06-22T00:31:04.025071Z  INFO Reading preimage file: xatu-preimages/preimages.rlp (mode: mmap)
2026-06-22T00:31:04.025120Z  INFO Preimage file size: 108493 MB
2026-06-22T00:31:04.056139Z  INFO Skipped gethdbdump header (0 bytes)
2026-06-22T00:31:09.166154Z  INFO 0% | 7900000 preimage entries parsed...
2026-06-22T00:31:14.181766Z  INFO 0% | 15800000 preimage entries parsed...
2026-06-22T00:31:19.264810Z  INFO 1% | 23700000 preimage entries parsed...
2026-06-22T00:31:24.280988Z  INFO 1% | 31500000 preimage entries parsed...
2026-06-22T00:31:29.366289Z  INFO 2% | 39400000 preimage entries parsed...
2026-06-22T00:31:34.412594Z  INFO 2% | 46200000 preimage entries parsed...
2026-06-22T00:31:39.421908Z  INFO 3% | 53900000 preimage entries parsed...
2026-06-22T00:31:44.493384Z  INFO 3% | 61700000 preimage entries parsed...
2026-06-22T00:31:49.508778Z  INFO 3% | 69600000 preimage entries parsed...
2026-06-22T00:31:54.611050Z  INFO 4% | 77300000 preimage entries parsed...
2026-06-22T00:31:59.624339Z  INFO 4% | 84200000 preimage entries parsed...
2026-06-22T00:32:04.754886Z  INFO 5% | 91800000 preimage entries parsed...
2026-06-22T00:32:09.823021Z  INFO 5% | 98900000 preimage entries parsed...
2026-06-22T00:32:14.887363Z  INFO 6% | 106400000 preimage entries parsed...
2026-06-22T00:32:19.913418Z  INFO 6% | 113800000 preimage entries parsed...
2026-06-22T00:32:24.915712Z  INFO 6% | 121500000 preimage entries parsed...
2026-06-22T00:32:29.964952Z  INFO 7% | 128500000 preimage entries parsed...
2026-06-22T00:32:35.039818Z  INFO 7% | 136200000 preimage entries parsed...
2026-06-22T00:32:40.048414Z  INFO 8% | 143700000 preimage entries parsed...
2026-06-22T00:32:45.075698Z  INFO 8% | 150600000 preimage entries parsed...
2026-06-22T00:32:50.136971Z  INFO 8% | 158300000 preimage entries parsed...
2026-06-22T00:32:55.161925Z  INFO 9% | 166000000 preimage entries parsed...
2026-06-22T00:33:00.236093Z  INFO 9% | 173500000 preimage entries parsed...
2026-06-22T00:33:05.299866Z  INFO 10% | 180900000 preimage entries parsed...
2026-06-22T00:33:10.348720Z  INFO 10% | 188300000 preimage entries parsed...
2026-06-22T00:33:15.371648Z  INFO 11% | 195600000 preimage entries parsed...
2026-06-22T00:33:20.376962Z  INFO 11% | 202900000 preimage entries parsed...
2026-06-22T00:33:25.434344Z  INFO 11% | 210100000 preimage entries parsed...
2026-06-22T00:33:30.439320Z  INFO 12% | 217300000 preimage entries parsed...
2026-06-22T00:33:35.448955Z  INFO 12% | 224400000 preimage entries parsed...
2026-06-22T00:33:40.499926Z  INFO 13% | 232200000 preimage entries parsed...
2026-06-22T00:33:45.571839Z  INFO 13% | 239600000 preimage entries parsed...
2026-06-22T00:33:50.619190Z  INFO 13% | 246900000 preimage entries parsed...
2026-06-22T00:33:55.701726Z  INFO 14% | 254300000 preimage entries parsed...
2026-06-22T00:34:00.738946Z  INFO 14% | 261700000 preimage entries parsed...
2026-06-22T00:34:05.807597Z  INFO 15% | 269000000 preimage entries parsed...
2026-06-22T00:34:10.875891Z  INFO 15% | 276100000 preimage entries parsed...
2026-06-22T00:34:15.894095Z  INFO 15% | 283300000 preimage entries parsed...
2026-06-22T00:34:20.948563Z  INFO 16% | 290700000 preimage entries parsed...
2026-06-22T00:34:26.038588Z  INFO 16% | 298200000 preimage entries parsed...
2026-06-22T00:34:31.049276Z  INFO 17% | 305600000 preimage entries parsed...
2026-06-22T00:34:36.167375Z  INFO 17% | 313100000 preimage entries parsed...
2026-06-22T00:34:41.200789Z  INFO 18% | 320700000 preimage entries parsed...
2026-06-22T00:34:46.245234Z  INFO 18% | 328100000 preimage entries parsed...
2026-06-22T00:34:51.333221Z  INFO 18% | 335700000 preimage entries parsed...
2026-06-22T00:34:56.435030Z  INFO 19% | 343100000 preimage entries parsed...
2026-06-22T00:35:01.495079Z  INFO 19% | 350600000 preimage entries parsed...
2026-06-22T00:35:06.517706Z  INFO 20% | 357800000 preimage entries parsed...
2026-06-22T00:35:11.528993Z  INFO 20% | 365200000 preimage entries parsed...
2026-06-22T00:35:16.596744Z  INFO 21% | 372800000 preimage entries parsed...
2026-06-22T00:35:21.644828Z  INFO 21% | 380100000 preimage entries parsed...
2026-06-22T00:35:26.678393Z  INFO 21% | 387800000 preimage entries parsed...
2026-06-22T00:35:31.763590Z  INFO 22% | 395400000 preimage entries parsed...
2026-06-22T00:35:36.817824Z  INFO 22% | 403000000 preimage entries parsed...
2026-06-22T00:35:41.823682Z  INFO 23% | 410500000 preimage entries parsed...
2026-06-22T00:35:46.883655Z  INFO 23% | 418300000 preimage entries parsed...
2026-06-22T00:35:51.910129Z  INFO 24% | 425800000 preimage entries parsed...
2026-06-22T00:35:56.913051Z  INFO 24% | 433500000 preimage entries parsed...
2026-06-22T00:36:01.918237Z  INFO 24% | 441200000 preimage entries parsed...
2026-06-22T00:36:06.928952Z  INFO 25% | 448600000 preimage entries parsed...
2026-06-22T00:36:11.933007Z  INFO 25% | 455900000 preimage entries parsed...
2026-06-22T00:36:16.955375Z  INFO 26% | 463300000 preimage entries parsed...
2026-06-22T00:36:21.984209Z  INFO 26% | 470400000 preimage entries parsed...
2026-06-22T00:36:26.987967Z  INFO 26% | 477600000 preimage entries parsed...
2026-06-22T00:36:32.005918Z  INFO 27% | 484800000 preimage entries parsed...
2026-06-22T00:36:37.085663Z  INFO 27% | 492000000 preimage entries parsed...
2026-06-22T00:36:42.094900Z  INFO 28% | 499800000 preimage entries parsed...
2026-06-22T00:36:47.104776Z  INFO 28% | 507100000 preimage entries parsed...
2026-06-22T00:36:52.140062Z  INFO 29% | 514400000 preimage entries parsed...
2026-06-22T00:36:57.280514Z  INFO 29% | 521800000 preimage entries parsed...
2026-06-22T00:37:02.311347Z  INFO 29% | 529400000 preimage entries parsed...
2026-06-22T00:37:07.316955Z  INFO 30% | 537000000 preimage entries parsed...
2026-06-22T00:37:12.341329Z  INFO 30% | 544300000 preimage entries parsed...
2026-06-22T00:37:17.395445Z  INFO 31% | 552100000 preimage entries parsed...
2026-06-22T00:37:22.420000Z  INFO 31% | 559300000 preimage entries parsed...
2026-06-22T00:37:27.480331Z  INFO 31% | 567200000 preimage entries parsed...
2026-06-22T00:37:32.554019Z  INFO 32% | 574600000 preimage entries parsed...
2026-06-22T00:37:37.600040Z  INFO 32% | 581900000 preimage entries parsed...
2026-06-22T00:37:42.657051Z  INFO 33% | 589300000 preimage entries parsed...
2026-06-22T00:37:47.690910Z  INFO 33% | 596400000 preimage entries parsed...
2026-06-22T00:37:52.763735Z  INFO 34% | 603900000 preimage entries parsed...
2026-06-22T00:37:57.805652Z  INFO 34% | 611700000 preimage entries parsed...
2026-06-22T00:38:02.814632Z  INFO 34% | 619500000 preimage entries parsed...
2026-06-22T00:38:07.896714Z  INFO 35% | 627000000 preimage entries parsed...
2026-06-22T00:38:12.969980Z  INFO 35% | 634500000 preimage entries parsed...
2026-06-22T00:38:17.970124Z  INFO 36% | 641900000 preimage entries parsed...
2026-06-22T00:38:22.985786Z  INFO 36% | 649100000 preimage entries parsed...
2026-06-22T00:38:27.990814Z  INFO 37% | 656500000 preimage entries parsed...
2026-06-22T00:38:33.008313Z  INFO 37% | 663900000 preimage entries parsed...
2026-06-22T00:38:38.009633Z  INFO 37% | 671600000 preimage entries parsed...
2026-06-22T00:38:43.085112Z  INFO 38% | 679400000 preimage entries parsed...
2026-06-22T00:38:48.160346Z  INFO 38% | 687000000 preimage entries parsed...
2026-06-22T00:38:53.184085Z  INFO 39% | 694700000 preimage entries parsed...
2026-06-22T00:38:58.211781Z  INFO 39% | 702100000 preimage entries parsed...
2026-06-22T00:39:03.304250Z  INFO 40% | 709500000 preimage entries parsed...
2026-06-22T00:39:08.406109Z  INFO 40% | 716700000 preimage entries parsed...
2026-06-22T00:39:13.433569Z  INFO 40% | 723700000 preimage entries parsed...
2026-06-22T00:39:18.453558Z  INFO 41% | 730800000 preimage entries parsed...
2026-06-22T00:39:23.507827Z  INFO 41% | 738100000 preimage entries parsed...
2026-06-22T00:39:28.546712Z  INFO 42% | 745600000 preimage entries parsed...
2026-06-22T00:39:33.560023Z  INFO 42% | 752600000 preimage entries parsed...
2026-06-22T00:39:38.590083Z  INFO 42% | 759800000 preimage entries parsed...
2026-06-22T00:39:43.682243Z  INFO 43% | 767500000 preimage entries parsed...
2026-06-22T00:39:48.705076Z  INFO 43% | 775200000 preimage entries parsed...
2026-06-22T00:39:53.709565Z  INFO 44% | 783000000 preimage entries parsed...
2026-06-22T00:39:58.709875Z  INFO 44% | 790600000 preimage entries parsed...
2026-06-22T00:40:03.736424Z  INFO 45% | 798100000 preimage entries parsed...
2026-06-22T00:40:08.760841Z  INFO 45% | 805800000 preimage entries parsed...
2026-06-22T00:40:13.785500Z  INFO 45% | 813500000 preimage entries parsed...
2026-06-22T00:40:18.797167Z  INFO 46% | 821100000 preimage entries parsed...
2026-06-22T00:40:23.800690Z  INFO 46% | 828500000 preimage entries parsed...
2026-06-22T00:40:28.868309Z  INFO 47% | 835900000 preimage entries parsed...
2026-06-22T00:40:33.876497Z  INFO 47% | 842800000 preimage entries parsed...
2026-06-22T00:40:38.922113Z  INFO 47% | 850000000 preimage entries parsed...
2026-06-22T00:40:44.003909Z  INFO 48% | 857500000 preimage entries parsed...
2026-06-22T00:40:49.072115Z  INFO 48% | 865000000 preimage entries parsed...
2026-06-22T00:40:54.116829Z  INFO 49% | 872700000 preimage entries parsed...
2026-06-22T00:40:59.164121Z  INFO 49% | 880200000 preimage entries parsed...
2026-06-22T00:41:04.207429Z  INFO 50% | 887800000 preimage entries parsed...
2026-06-22T00:41:09.281753Z  INFO 50% | 895000000 preimage entries parsed...
2026-06-22T00:41:14.288940Z  INFO 50% | 902300000 preimage entries parsed...
2026-06-22T00:41:19.297809Z  INFO 51% | 909800000 preimage entries parsed...
2026-06-22T00:41:24.308781Z  INFO 51% | 917200000 preimage entries parsed...
2026-06-22T00:41:29.336932Z  INFO 52% | 924400000 preimage entries parsed...
2026-06-22T00:41:34.390147Z  INFO 52% | 931200000 preimage entries parsed...
2026-06-22T00:41:39.390983Z  INFO 52% | 938600000 preimage entries parsed...
2026-06-22T00:41:44.475688Z  INFO 53% | 945900000 preimage entries parsed...
2026-06-22T00:41:49.492831Z  INFO 53% | 953300000 preimage entries parsed...
2026-06-22T00:41:54.608818Z  INFO 54% | 961000000 preimage entries parsed...
2026-06-22T00:41:59.801121Z  INFO 54% | 968300000 preimage entries parsed...
2026-06-22T00:42:04.948787Z  INFO 55% | 975900000 preimage entries parsed...
2026-06-22T00:42:10.000316Z  INFO 55% | 983100000 preimage entries parsed...
2026-06-22T00:42:15.020063Z  INFO 55% | 990500000 preimage entries parsed...
2026-06-22T00:42:20.119398Z  INFO 56% | 997600000 preimage entries parsed...
2026-06-22T00:42:25.136799Z  INFO 56% | 1004800000 preimage entries parsed...
2026-06-22T00:42:30.192461Z  INFO 57% | 1012500000 preimage entries parsed...
2026-06-22T00:42:35.239447Z  INFO 57% | 1019800000 preimage entries parsed...
2026-06-22T00:42:40.242795Z  INFO 57% | 1027200000 preimage entries parsed...
2026-06-22T00:42:45.321673Z  INFO 58% | 1034800000 preimage entries parsed...
2026-06-22T00:42:50.371674Z  INFO 58% | 1042000000 preimage entries parsed...
2026-06-22T00:42:55.379749Z  INFO 59% | 1049200000 preimage entries parsed...
2026-06-22T00:43:00.414713Z  INFO 59% | 1056300000 preimage entries parsed...
2026-06-22T00:43:05.544663Z  INFO 60% | 1064000000 preimage entries parsed...
2026-06-22T00:43:10.606511Z  INFO 60% | 1071000000 preimage entries parsed...
2026-06-22T00:43:15.684315Z  INFO 60% | 1079000000 preimage entries parsed...
2026-06-22T00:43:20.689201Z  INFO 61% | 1086100000 preimage entries parsed...
2026-06-22T00:43:25.725928Z  INFO 61% | 1093100000 preimage entries parsed...
2026-06-22T00:43:30.790246Z  INFO 62% | 1100600000 preimage entries parsed...
2026-06-22T00:43:35.880899Z  INFO 62% | 1107600000 preimage entries parsed...
2026-06-22T00:43:40.920167Z  INFO 62% | 1115300000 preimage entries parsed...
2026-06-22T00:43:46.059944Z  INFO 63% | 1122800000 preimage entries parsed...
2026-06-22T00:43:51.060565Z  INFO 63% | 1130300000 preimage entries parsed...
2026-06-22T00:43:56.155119Z  INFO 64% | 1137900000 preimage entries parsed...
2026-06-22T00:44:01.184284Z  INFO 64% | 1145000000 preimage entries parsed...
2026-06-22T00:44:06.287668Z  INFO 65% | 1152300000 preimage entries parsed...
2026-06-22T00:44:11.429595Z  INFO 65% | 1159600000 preimage entries parsed...
2026-06-22T00:44:16.519046Z  INFO 65% | 1167500000 preimage entries parsed...
2026-06-22T00:44:21.585078Z  INFO 66% | 1175200000 preimage entries parsed...
2026-06-22T00:44:26.597377Z  INFO 66% | 1182800000 preimage entries parsed...
2026-06-22T00:44:31.603345Z  INFO 67% | 1190300000 preimage entries parsed...
2026-06-22T00:44:36.750286Z  INFO 67% | 1197300000 preimage entries parsed...
2026-06-22T00:44:41.849388Z  INFO 67% | 1204900000 preimage entries parsed...
2026-06-22T00:44:46.949123Z  INFO 68% | 1212000000 preimage entries parsed...
2026-06-22T00:44:52.074908Z  INFO 68% | 1219200000 preimage entries parsed...
2026-06-22T00:44:57.230304Z  INFO 69% | 1225900000 preimage entries parsed...
2026-06-22T00:45:02.235818Z  INFO 69% | 1233400000 preimage entries parsed...
2026-06-22T00:45:07.364830Z  INFO 69% | 1240700000 preimage entries parsed...
2026-06-22T00:45:12.422864Z  INFO 70% | 1248300000 preimage entries parsed...
2026-06-22T00:45:17.434956Z  INFO 70% | 1256100000 preimage entries parsed...
2026-06-22T00:45:22.482383Z  INFO 71% | 1263000000 preimage entries parsed...
2026-06-22T00:45:27.521771Z  INFO 71% | 1270200000 preimage entries parsed...
2026-06-22T00:45:32.539508Z  INFO 72% | 1277700000 preimage entries parsed...
2026-06-22T00:45:37.605429Z  INFO 72% | 1285100000 preimage entries parsed...
2026-06-22T00:45:42.628386Z  INFO 72% | 1292600000 preimage entries parsed...
2026-06-22T00:45:47.665560Z  INFO 73% | 1300000000 preimage entries parsed...
2026-06-22T00:45:52.715839Z  INFO 73% | 1307700000 preimage entries parsed...
2026-06-22T00:45:57.755148Z  INFO 74% | 1315400000 preimage entries parsed...
2026-06-22T00:46:02.775157Z  INFO 74% | 1322800000 preimage entries parsed...
2026-06-22T00:46:07.860788Z  INFO 75% | 1329900000 preimage entries parsed...
2026-06-22T00:46:12.928777Z  INFO 75% | 1337300000 preimage entries parsed...
2026-06-22T00:46:17.931960Z  INFO 75% | 1345000000 preimage entries parsed...
2026-06-22T00:46:22.947437Z  INFO 76% | 1351900000 preimage entries parsed...
2026-06-22T00:46:28.018933Z  INFO 76% | 1359600000 preimage entries parsed...
2026-06-22T00:46:33.028805Z  INFO 77% | 1367300000 preimage entries parsed...
2026-06-22T00:46:38.108293Z  INFO 77% | 1374500000 preimage entries parsed...
2026-06-22T00:46:43.135818Z  INFO 77% | 1381600000 preimage entries parsed...
2026-06-22T00:46:48.168040Z  INFO 78% | 1388600000 preimage entries parsed...
2026-06-22T00:46:53.221916Z  INFO 78% | 1395800000 preimage entries parsed...
2026-06-22T00:46:58.343518Z  INFO 79% | 1402900000 preimage entries parsed...
2026-06-22T00:47:03.402016Z  INFO 79% | 1410600000 preimage entries parsed...
2026-06-22T00:47:08.473072Z  INFO 79% | 1418000000 preimage entries parsed...
2026-06-22T00:47:13.491419Z  INFO 80% | 1425900000 preimage entries parsed...
2026-06-22T00:47:18.514637Z  INFO 80% | 1433300000 preimage entries parsed...
2026-06-22T00:47:23.598127Z  INFO 81% | 1440300000 preimage entries parsed...
2026-06-22T00:47:28.631736Z  INFO 81% | 1447600000 preimage entries parsed...
2026-06-22T00:47:33.700229Z  INFO 82% | 1453600000 preimage entries parsed...
2026-06-22T00:47:38.703700Z  INFO 82% | 1461200000 preimage entries parsed...
2026-06-22T00:47:43.706437Z  INFO 82% | 1468300000 preimage entries parsed...
2026-06-22T00:47:48.780714Z  INFO 83% | 1475800000 preimage entries parsed...
2026-06-22T00:47:53.869446Z  INFO 83% | 1483300000 preimage entries parsed...
2026-06-22T00:47:58.905050Z  INFO 84% | 1490600000 preimage entries parsed...
2026-06-22T00:48:03.991903Z  INFO 84% | 1498200000 preimage entries parsed...
2026-06-22T00:48:09.005612Z  INFO 84% | 1505500000 preimage entries parsed...
2026-06-22T00:48:14.023060Z  INFO 85% | 1512900000 preimage entries parsed...
2026-06-22T00:48:19.081497Z  INFO 85% | 1520400000 preimage entries parsed...
2026-06-22T00:48:24.248907Z  INFO 86% | 1527700000 preimage entries parsed...
2026-06-22T00:48:29.284338Z  INFO 86% | 1535100000 preimage entries parsed...
2026-06-22T00:48:34.292360Z  INFO 87% | 1542200000 preimage entries parsed...
2026-06-22T00:48:39.297334Z  INFO 87% | 1549500000 preimage entries parsed...
2026-06-22T00:48:44.309685Z  INFO 87% | 1556800000 preimage entries parsed...
2026-06-22T00:48:49.371261Z  INFO 88% | 1564400000 preimage entries parsed...
2026-06-22T00:48:54.513415Z  INFO 88% | 1571700000 preimage entries parsed...
2026-06-22T00:48:59.597218Z  INFO 89% | 1579100000 preimage entries parsed...
2026-06-22T00:49:04.613725Z  INFO 89% | 1586200000 preimage entries parsed...
2026-06-22T00:49:09.725804Z  INFO 89% | 1593400000 preimage entries parsed...
2026-06-22T00:49:14.727186Z  INFO 90% | 1600800000 preimage entries parsed...
2026-06-22T00:49:19.776561Z  INFO 90% | 1608300000 preimage entries parsed...
2026-06-22T00:49:24.860143Z  INFO 91% | 1615500000 preimage entries parsed...
2026-06-22T00:49:29.908090Z  INFO 91% | 1623100000 preimage entries parsed...
2026-06-22T00:49:34.996204Z  INFO 91% | 1630400000 preimage entries parsed...
2026-06-22T00:49:40.075622Z  INFO 92% | 1637500000 preimage entries parsed...
2026-06-22T00:49:45.092451Z  INFO 92% | 1645100000 preimage entries parsed...
2026-06-22T00:49:50.123133Z  INFO 93% | 1652100000 preimage entries parsed...
2026-06-22T00:49:55.125474Z  INFO 93% | 1659600000 preimage entries parsed...
2026-06-22T00:50:00.238167Z  INFO 94% | 1666900000 preimage entries parsed...
2026-06-22T00:50:05.250673Z  INFO 94% | 1674200000 preimage entries parsed...
2026-06-22T00:50:10.263398Z  INFO 94% | 1681300000 preimage entries parsed...
2026-06-22T00:50:15.269406Z  INFO 95% | 1688300000 preimage entries parsed...
2026-06-22T00:50:20.340283Z  INFO 95% | 1695800000 preimage entries parsed...
2026-06-22T00:50:25.346173Z  INFO 96% | 1702900000 preimage entries parsed...
2026-06-22T00:50:30.407504Z  INFO 96% | 1710800000 preimage entries parsed...
2026-06-22T00:50:35.494210Z  INFO 96% | 1718100000 preimage entries parsed...
2026-06-22T00:50:40.629399Z  INFO 97% | 1725800000 preimage entries parsed...
2026-06-22T00:50:45.726394Z  INFO 97% | 1733400000 preimage entries parsed...
2026-06-22T00:50:50.813089Z  INFO 98% | 1740700000 preimage entries parsed...
2026-06-22T00:50:55.818932Z  INFO 98% | 1748300000 preimage entries parsed...
2026-06-22T00:51:00.906484Z  INFO 99% | 1755900000 preimage entries parsed...
2026-06-22T00:51:05.984646Z  INFO 99% | 1763700000 preimage entries parsed...
2026-06-22T00:51:11.003651Z  INFO 99% | 1771200000 preimage entries parsed...
2026-06-22T00:51:11.898929Z  INFO Parsed 1772541586 entries (416358752 addrs, 1356182834 slots) in 1207.8s
2026-06-22T00:51:11.912067Z  INFO Preimage files mmapped (416358752 addrs = 20647 MB, 1356182834 slots = 82774 MB)
2026-06-22T00:51:11.912230Z  INFO 1772541586 unique preimages loaded
2026-06-22T00:51:11.912292Z  INFO Reading code file: gethdump/mainnet/code.rlp
2026-06-22T00:51:11.912308Z  INFO Code file size: 13518 MB
2026-06-22T00:51:12.046978Z  INFO Skipped gethdbdump header (22 bytes)
2026-06-22T00:53:38.882875Z  INFO Parsed 2444221 code entries in 146.8s
2026-06-22T00:53:38.957172Z  INFO Collect phase: streaming snapshot file: gethdump/mainnet/snapshot.rlp
2026-06-22T00:53:38.957251Z  INFO Snapshot file size: 143119 MB
2026-06-22T00:53:38.997064Z  INFO Skipped gethdbdump header (26 bytes)
2026-06-22T00:53:39.346653Z  WARN Skipped account with keccak 0000141a0f9bd584c565a55beb0555a0ae78f7e3a8022ed856083e58febdd420, has_preimage=false
2026-06-22T00:53:39.347002Z  WARN Skipped account with keccak 00001789b1b16c7f8d8c8c8079a15f7a7038b83c1a11c5fbff1d0dffeb9881a8, has_preimage=false
2026-06-22T00:53:39.347044Z  WARN Skipped account with keccak 00001912e635e9947f57ee52e3a70eb186f9ecb18fb2797ee0323ce03b67f6e0, has_preimage=false
2026-06-22T00:53:39.347071Z  WARN Skipped account with keccak 00001aaab4bc46883e9e7876c7ac15800e3e703c99f853fb8ef765c481ef431a, has_preimage=false
2026-06-22T00:53:39.347119Z  WARN Skipped account with keccak 00001dbb47fb099f26c2770c270be2bae750ed97eb3dbd86aee999b42ff790ce, has_preimage=false
2026-06-22T00:53:39.347130Z  WARN Skipped account with keccak 00001df85e866094efc5c2df9d08caecb37a3a795970ce627ed935388fb228ca, has_preimage=false
2026-06-22T00:53:39.347168Z  WARN Skipped account with keccak 00001f01c1c5abf36785c14391f2cc032be6a0df20ed1050c22e77e004a34e81, has_preimage=false
2026-06-22T00:53:39.347179Z  WARN Skipped account with keccak 00001f35554fe72dbec92f5d34298cdad79ad3c02974ff2bb4291e902395c205, has_preimage=false
2026-06-22T00:53:39.347276Z  WARN Skipped account with keccak 00002521df04cfd53651a0343596b3e851e23675cf234801a4e1ba36c1603cca, has_preimage=false
2026-06-22T00:53:39.347327Z  WARN Skipped account with keccak 0000296065647d4b83f9eb948ccd7ef212ceb23ae7d55bc773d6d7b1a197efc8, has_preimage=false
2026-06-22T00:53:44.896872Z  INFO 0% (30 MB / 143119 MB) | 589672 accounts, 0 storage | 6 MB/s | ETA 397m28s
2026-06-22T00:53:50.667446Z  INFO 0% (60 MB / 143119 MB) | 1179399 accounts, 0 storage | 5 MB/s | ETA 476m51s
2026-06-22T00:53:57.285865Z  INFO 0% (90 MB / 143119 MB) | 1769101 accounts, 0 storage | 5 MB/s | ETA 476m45s
2026-06-22T00:54:03.872688Z  INFO 0% (121 MB / 143119 MB) | 2358726 accounts, 0 storage | 5 MB/s | ETA 476m39s
2026-06-22T00:54:13.523241Z  INFO 0% (151 MB / 143119 MB) | 2948607 accounts, 0 storage | 4 MB/s | ETA 595m42s
2026-06-22T00:54:18.801277Z  INFO 0% (171 MB / 143119 MB) | 3341721 accounts, 0 storage | 4 MB/s | ETA 595m36s
2026-06-22T00:54:23.842611Z  INFO 0% (191 MB / 143119 MB) | 3735003 accounts, 0 storage | 4 MB/s | ETA 595m31s
2026-06-22T00:54:30.511666Z  INFO 0% (222 MB / 143119 MB) | 4324775 accounts, 0 storage | 4 MB/s | ETA 595m24s
2026-06-22T00:54:38.346791Z  INFO 0% (242 MB / 143119 MB) | 4718117 accounts, 0 storage | 4 MB/s | ETA 595m19s
2026-06-22T00:54:45.376168Z  INFO 0% (262 MB / 143119 MB) | 5111198 accounts, 0 storage | 3 MB/s | ETA 793m38s
2026-06-22T00:54:51.237089Z  INFO 0% (282 MB / 143119 MB) | 5504330 accounts, 0 storage | 3 MB/s | ETA 793m32s
2026-06-22T00:55:01.524846Z  INFO 0% (313 MB / 143119 MB) | 6094014 accounts, 0 storage | 3 MB/s | ETA 793m22s
2026-06-22T00:55:08.110912Z  INFO 0% (343 MB / 143119 MB) | 6683628 accounts, 0 storage | 3 MB/s | ETA 793m12s
2026-06-22T00:55:13.294767Z  INFO 0% (363 MB / 143119 MB) | 7076753 accounts, 0 storage | 3 MB/s | ETA 793m5s
2026-06-22T00:55:18.579969Z  INFO 0% (383 MB / 143119 MB) | 7470153 accounts, 0 storage | 3 MB/s | ETA 792m58s
2026-06-22T00:55:28.239333Z  INFO 0% (404 MB / 143119 MB) | 7863338 accounts, 0 storage | 3 MB/s | ETA 792m51s
2026-06-22T00:55:34.578814Z  INFO 0% (434 MB / 143119 MB) | 8452886 accounts, 0 storage | 3 MB/s | ETA 792m41s
2026-06-22T00:55:40.751264Z  INFO 0% (454 MB / 143119 MB) | 8846013 accounts, 0 storage | 3 MB/s | ETA 792m35s
2026-06-22T00:55:50.154959Z  INFO 0% (485 MB / 143119 MB) | 9435808 accounts, 0 storage | 3 MB/s | ETA 792m24s
2026-06-22T00:55:55.847073Z  INFO 0% (515 MB / 143119 MB) | 10025663 accounts, 0 storage | 3 MB/s | ETA 792m14s
2026-06-22T00:56:02.803214Z  INFO 0% (525 MB / 143119 MB) | 10222220 accounts, 0 storage | 3 MB/s | ETA 792m11s
2026-06-22T00:56:09.402508Z  INFO 0% (545 MB / 143119 MB) | 10615423 accounts, 0 storage | 3 MB/s | ETA 792m4s
2026-06-22T00:56:18.804351Z  INFO 0% (565 MB / 143119 MB) | 11008607 accounts, 0 storage | 3 MB/s | ETA 791m57s
2026-06-22T00:56:23.982137Z  INFO 0% (586 MB / 143119 MB) | 11401785 accounts, 0 storage | 3 MB/s | ETA 791m51s
2026-06-22T00:56:31.675086Z  INFO 0% (606 MB / 143119 MB) | 11794918 accounts, 0 storage | 3 MB/s | ETA 791m44s
2026-06-22T00:56:43.921465Z  INFO 0% (626 MB / 143119 MB) | 12187997 accounts, 0 storage | 3 MB/s | ETA 791m37s
2026-06-22T00:56:50.226003Z  INFO 0% (646 MB / 143119 MB) | 12581214 accounts, 0 storage | 3 MB/s | ETA 791m31s
2026-06-22T00:56:58.549952Z  INFO 0% (677 MB / 143119 MB) | 13170867 accounts, 0 storage | 3 MB/s | ETA 791m20s
2026-06-22T00:57:06.904907Z  INFO 0% (697 MB / 143119 MB) | 13564091 accounts, 0 storage | 3 MB/s | ETA 791m14s
2026-06-22T00:57:13.143925Z  INFO 0% (717 MB / 143119 MB) | 13957307 accounts, 0 storage | 3 MB/s | ETA 791m7s
2026-06-22T00:57:21.094599Z  INFO 0% (737 MB / 143119 MB) | 14350552 accounts, 0 storage | 3 MB/s | ETA 791m0s
2026-06-22T00:57:27.000404Z  INFO 0% (767 MB / 143119 MB) | 14940308 accounts, 0 storage | 3 MB/s | ETA 790m50s
2026-06-22T00:57:32.410539Z  INFO 0% (778 MB / 143119 MB) | 15136880 accounts, 0 storage | 3 MB/s | ETA 790m47s
2026-06-22T00:57:40.095018Z  INFO 0% (808 MB / 143119 MB) | 15726597 accounts, 0 storage | 3 MB/s | ETA 790m37s
2026-06-22T00:57:52.487569Z  INFO 0% (818 MB / 143119 MB) | 15923141 accounts, 0 storage | 3 MB/s | ETA 790m33s
2026-06-22T00:58:03.080096Z  INFO 0% (838 MB / 143119 MB) | 16316318 accounts, 0 storage | 3 MB/s | ETA 790m27s
2026-06-22T00:58:09.239951Z  INFO 0% (858 MB / 143119 MB) | 16709400 accounts, 0 storage | 3 MB/s | ETA 790m20s
2026-06-22T00:58:15.678285Z  INFO 0% (879 MB / 143119 MB) | 17102652 accounts, 0 storage | 3 MB/s | ETA 790m13s
2026-06-22T00:58:24.493943Z  INFO 0% (899 MB / 143119 MB) | 17495869 accounts, 0 storage | 3 MB/s | ETA 790m6s
2026-06-22T00:58:29.750129Z  INFO 0% (919 MB / 143119 MB) | 17889137 accounts, 0 storage | 3 MB/s | ETA 790m0s
2026-06-22T00:58:41.318951Z  INFO 0% (949 MB / 143119 MB) | 18478764 accounts, 0 storage | 3 MB/s | ETA 789m49s
2026-06-22T00:58:47.124181Z  INFO 0% (970 MB / 143119 MB) | 18871935 accounts, 0 storage | 3 MB/s | ETA 789m43s
2026-06-22T00:58:55.890925Z  INFO 0% (990 MB / 143119 MB) | 19265004 accounts, 0 storage | 3 MB/s | ETA 789m36s
2026-06-22T00:59:01.194067Z  INFO 0% (1010 MB / 143119 MB) | 19658134 accounts, 0 storage | 3 MB/s | ETA 789m29s
2026-06-22T00:59:10.771780Z  INFO 0% (1020 MB / 143119 MB) | 19854661 accounts, 0 storage | 3 MB/s | ETA 789m26s
2026-06-22T00:59:19.549524Z  INFO 0% (1040 MB / 143119 MB) | 20247761 accounts, 0 storage | 3 MB/s | ETA 789m19s
2026-06-22T00:59:36.375620Z  INFO 0% (1061 MB / 143119 MB) | 20640856 accounts, 0 storage | 2 MB/s | ETA 1183m49s
2026-06-22T00:59:52.092613Z  INFO 0% (1081 MB / 143119 MB) | 21034066 accounts, 0 storage | 2 MB/s | ETA 1183m39s
2026-06-22T01:00:04.124124Z  INFO 0% (1101 MB / 143119 MB) | 21427251 accounts, 0 storage | 2 MB/s | ETA 1183m29s
2026-06-22T01:00:17.155615Z  INFO 0% (1121 MB / 143119 MB) | 21820377 accounts, 0 storage | 2 MB/s | ETA 1183m18s
2026-06-22T01:00:27.019819Z  INFO 0% (1141 MB / 143119 MB) | 22213614 accounts, 0 storage | 2 MB/s | ETA 1183m8s
2026-06-22T01:00:35.020140Z  INFO 0% (1162 MB / 143119 MB) | 22606618 accounts, 0 storage | 2 MB/s | ETA 1182m58s
2026-06-22T01:00:41.171003Z  INFO 0% (1172 MB / 143119 MB) | 22803182 accounts, 0 storage | 2 MB/s | ETA 1182m53s
2026-06-22T01:00:56.277424Z  INFO 0% (1182 MB / 143119 MB) | 22999822 accounts, 0 storage | 2 MB/s | ETA 1182m48s
2026-06-22T01:01:07.606572Z  INFO 0% (1202 MB / 143119 MB) | 23392854 accounts, 0 storage | 2 MB/s | ETA 1182m38s
2026-06-22T01:01:17.036943Z  INFO 0% (1222 MB / 143119 MB) | 23785921 accounts, 0 storage | 2 MB/s | ETA 1182m28s
2026-06-22T01:01:29.966033Z  INFO 0% (1242 MB / 143119 MB) | 24179093 accounts, 0 storage | 2 MB/s | ETA 1182m18s
2026-06-22T01:01:37.463762Z  INFO 0% (1253 MB / 143119 MB) | 24375646 accounts, 0 storage | 2 MB/s | ETA 1182m13s
2026-06-22T01:01:50.464842Z  INFO 0% (1263 MB / 143119 MB) | 24572179 accounts, 0 storage | 2 MB/s | ETA 1182m8s
2026-06-22T01:02:07.092386Z  INFO 0% (1283 MB / 143119 MB) | 24965282 accounts, 0 storage | 2 MB/s | ETA 1181m58s
2026-06-22T01:02:23.333822Z  INFO 0% (1303 MB / 143119 MB) | 25358499 accounts, 0 storage | 2 MB/s | ETA 1181m48s
2026-06-22T01:02:34.330332Z  INFO 0% (1323 MB / 143119 MB) | 25751475 accounts, 0 storage | 2 MB/s | ETA 1181m37s
2026-06-22T01:02:41.849189Z  INFO 0% (1344 MB / 143119 MB) | 26144512 accounts, 0 storage | 2 MB/s | ETA 1181m27s
2026-06-22T01:02:47.293055Z  INFO 0% (1354 MB / 143119 MB) | 26340953 accounts, 0 storage | 2 MB/s | ETA 1181m22s
2026-06-22T01:03:05.942028Z  INFO 0% (1364 MB / 143119 MB) | 26537511 accounts, 0 storage | 2 MB/s | ETA 1181m17s
2026-06-22T01:03:16.008849Z  INFO 0% (1384 MB / 143119 MB) | 26930705 accounts, 0 storage | 2 MB/s | ETA 1181m7s
2026-06-22T01:03:21.042194Z  INFO 0% (1404 MB / 143119 MB) | 27323925 accounts, 0 storage | 2 MB/s | ETA 1180m57s
2026-06-22T01:03:27.539455Z  INFO 0% (1424 MB / 143119 MB) | 27717026 accounts, 0 storage | 2 MB/s | ETA 1180m47s
2026-06-22T01:03:34.717633Z  INFO 1% (1445 MB / 143119 MB) | 28110191 accounts, 0 storage | 2 MB/s | ETA 1180m37s
2026-06-22T01:03:40.443896Z  INFO 1% (1465 MB / 143119 MB) | 28503425 accounts, 0 storage | 2 MB/s | ETA 1180m27s
2026-06-22T01:04:00.796603Z  INFO 1% (1485 MB / 143119 MB) | 28896689 accounts, 0 storage | 2 MB/s | ETA 1180m17s
2026-06-22T01:04:11.217741Z  INFO 1% (1505 MB / 143119 MB) | 29289945 accounts, 0 storage | 2 MB/s | ETA 1180m6s
2026-06-22T01:04:20.153382Z  INFO 1% (1526 MB / 143119 MB) | 29683149 accounts, 0 storage | 2 MB/s | ETA 1179m56s
2026-06-22T01:04:38.228354Z  INFO 1% (1546 MB / 143119 MB) | 30076641 accounts, 0 storage | 2 MB/s | ETA 1179m46s
2026-06-22T01:04:53.819705Z  INFO 1% (1566 MB / 143119 MB) | 30469752 accounts, 0 storage | 2 MB/s | ETA 1179m36s
2026-06-22T01:05:00.821624Z  INFO 1% (1586 MB / 143119 MB) | 30862873 accounts, 0 storage | 2 MB/s | ETA 1179m26s
2026-06-22T01:05:07.203415Z  INFO 1% (1606 MB / 143119 MB) | 31256062 accounts, 0 storage | 2 MB/s | ETA 1179m16s
2026-06-22T01:05:25.567918Z  INFO 1% (1627 MB / 143119 MB) | 31649244 accounts, 0 storage | 2 MB/s | ETA 1179m6s
2026-06-22T01:05:30.774449Z  INFO 1% (1647 MB / 143119 MB) | 32042239 accounts, 0 storage | 2 MB/s | ETA 1178m56s
2026-06-22T01:05:39.078654Z  INFO 1% (1667 MB / 143119 MB) | 32435475 accounts, 0 storage | 2 MB/s | ETA 1178m46s
2026-06-22T01:05:46.936536Z  INFO 1% (1687 MB / 143119 MB) | 32828605 accounts, 0 storage | 2 MB/s | ETA 1178m35s
2026-06-22T01:06:04.911289Z  INFO 1% (1707 MB / 143119 MB) | 33221768 accounts, 0 storage | 2 MB/s | ETA 1178m25s
2026-06-22T01:06:21.064977Z  INFO 1% (1728 MB / 143119 MB) | 33614946 accounts, 0 storage | 2 MB/s | ETA 1178m15s
2026-06-22T01:06:28.716745Z  INFO 1% (1748 MB / 143119 MB) | 34008020 accounts, 0 storage | 2 MB/s | ETA 1178m5s
2026-06-22T01:06:36.809725Z  INFO 1% (1768 MB / 143119 MB) | 34401074 accounts, 0 storage | 2 MB/s | ETA 1177m55s
2026-06-22T01:06:55.970033Z  INFO 1% (1798 MB / 143119 MB) | 34990590 accounts, 0 storage | 2 MB/s | ETA 1177m40s
2026-06-22T01:07:05.831047Z  INFO 1% (1819 MB / 143119 MB) | 35383619 accounts, 0 storage | 2 MB/s | ETA 1177m30s
2026-06-22T01:07:15.447774Z  INFO 1% (1839 MB / 143119 MB) | 35776785 accounts, 0 storage | 2 MB/s | ETA 1177m20s
2026-06-22T01:07:22.003884Z  INFO 1% (1859 MB / 143119 MB) | 36170045 accounts, 0 storage | 2 MB/s | ETA 1177m10s
2026-06-22T01:07:30.536753Z  INFO 1% (1879 MB / 143119 MB) | 36563177 accounts, 0 storage | 2 MB/s | ETA 1176m59s
2026-06-22T01:07:43.853997Z  INFO 1% (1900 MB / 143119 MB) | 36956267 accounts, 0 storage | 2 MB/s | ETA 1176m49s
2026-06-22T01:08:01.347792Z  INFO 1% (1920 MB / 143119 MB) | 37349430 accounts, 0 storage | 2 MB/s | ETA 1176m39s
2026-06-22T01:08:17.124200Z  INFO 1% (1940 MB / 143119 MB) | 37742634 accounts, 0 storage | 2 MB/s | ETA 1176m29s
2026-06-22T01:08:27.069417Z  INFO 1% (1960 MB / 143119 MB) | 38135820 accounts, 0 storage | 2 MB/s | ETA 1176m19s
2026-06-22T01:08:36.023191Z  INFO 1% (1980 MB / 143119 MB) | 38529025 accounts, 0 storage | 2 MB/s | ETA 1176m9s
2026-06-22T01:08:52.302003Z  INFO 1% (2001 MB / 143119 MB) | 38922248 accounts, 0 storage | 2 MB/s | ETA 1175m59s
2026-06-22T01:09:04.409678Z  INFO 1% (2021 MB / 143119 MB) | 39315412 accounts, 0 storage | 2 MB/s | ETA 1175m49s
2026-06-22T01:09:14.843988Z  INFO 1% (2051 MB / 143119 MB) | 39905033 accounts, 0 storage | 2 MB/s | ETA 1175m34s
2026-06-22T01:09:22.659034Z  INFO 1% (2071 MB / 143119 MB) | 40298161 accounts, 0 storage | 2 MB/s | ETA 1175m23s
2026-06-22T01:09:36.984732Z  INFO 1% (2092 MB / 143119 MB) | 40691427 accounts, 0 storage | 2 MB/s | ETA 1175m13s
2026-06-22T01:09:53.586356Z  INFO 1% (2112 MB / 143119 MB) | 41084584 accounts, 0 storage | 2 MB/s | ETA 1175m3s
2026-06-22T01:10:03.189076Z  INFO 1% (2132 MB / 143119 MB) | 41477723 accounts, 0 storage | 2 MB/s | ETA 1174m53s
2026-06-22T01:10:14.701678Z  INFO 1% (2152 MB / 143119 MB) | 41871019 accounts, 0 storage | 2 MB/s | ETA 1174m43s
2026-06-22T01:10:21.300555Z  INFO 1% (2172 MB / 143119 MB) | 42264314 accounts, 0 storage | 2 MB/s | ETA 1174m33s
2026-06-22T01:10:28.248127Z  INFO 1% (2193 MB / 143119 MB) | 42657519 accounts, 0 storage | 2 MB/s | ETA 1174m23s
2026-06-22T01:10:39.440706Z  INFO 1% (2203 MB / 143119 MB) | 42854212 accounts, 0 storage | 2 MB/s | ETA 1174m18s
2026-06-22T01:10:57.862238Z  INFO 1% (2223 MB / 143119 MB) | 43247364 accounts, 0 storage | 2 MB/s | ETA 1174m8s
2026-06-22T01:11:14.761709Z  INFO 1% (2243 MB / 143119 MB) | 43640687 accounts, 0 storage | 2 MB/s | ETA 1173m58s
2026-06-22T01:11:26.705028Z  INFO 1% (2263 MB / 143119 MB) | 44033816 accounts, 0 storage | 2 MB/s | ETA 1173m47s
2026-06-22T01:11:43.085379Z  INFO 1% (2284 MB / 143119 MB) | 44427019 accounts, 0 storage | 2 MB/s | ETA 1173m37s
2026-06-22T01:11:58.832145Z  INFO 1% (2304 MB / 143119 MB) | 44820118 accounts, 0 storage | 2 MB/s | ETA 1173m27s
2026-06-22T01:12:08.440117Z  INFO 1% (2324 MB / 143119 MB) | 45213286 accounts, 0 storage | 2 MB/s | ETA 1173m17s
2026-06-22T01:12:16.566391Z  INFO 1% (2344 MB / 143119 MB) | 45606551 accounts, 0 storage | 2 MB/s | ETA 1173m7s
2026-06-22T01:12:31.298066Z  INFO 1% (2364 MB / 143119 MB) | 45999726 accounts, 0 storage | 2 MB/s | ETA 1172m57s
2026-06-22T01:12:37.594676Z  INFO 1% (2385 MB / 143119 MB) | 46392829 accounts, 0 storage | 2 MB/s | ETA 1172m47s
2026-06-22T01:12:46.223214Z  INFO 1% (2405 MB / 143119 MB) | 46786020 accounts, 0 storage | 2 MB/s | ETA 1172m37s
2026-06-22T01:12:53.528389Z  INFO 1% (2435 MB / 143119 MB) | 47375728 accounts, 0 storage | 2 MB/s | ETA 1172m22s
2026-06-22T01:13:06.473000Z  INFO 1% (2455 MB / 143119 MB) | 47768739 accounts, 0 storage | 2 MB/s | ETA 1172m11s
2026-06-22T01:13:22.535242Z  INFO 1% (2476 MB / 143119 MB) | 48161703 accounts, 0 storage | 2 MB/s | ETA 1172m1s
2026-06-22T01:13:37.315105Z  INFO 1% (2496 MB / 143119 MB) | 48554822 accounts, 0 storage | 2 MB/s | ETA 1171m51s
2026-06-22T01:13:49.464076Z  INFO 1% (2516 MB / 143119 MB) | 48947954 accounts, 0 storage | 2 MB/s | ETA 1171m41s
2026-06-22T01:14:04.529388Z  INFO 1% (2546 MB / 143119 MB) | 49537728 accounts, 0 storage | 2 MB/s | ETA 1171m26s
2026-06-22T01:14:19.907147Z  INFO 1% (2567 MB / 143119 MB) | 49930822 accounts, 0 storage | 2 MB/s | ETA 1171m16s
2026-06-22T01:14:35.726788Z  INFO 1% (2587 MB / 143119 MB) | 50324066 accounts, 0 storage | 2 MB/s | ETA 1171m6s
2026-06-22T01:14:48.947531Z  INFO 1% (2607 MB / 143119 MB) | 50717391 accounts, 0 storage | 2 MB/s | ETA 1170m56s
2026-06-22T01:14:57.244835Z  INFO 1% (2627 MB / 143119 MB) | 51110638 accounts, 0 storage | 2 MB/s | ETA 1170m46s
2026-06-22T01:15:03.147349Z  INFO 1% (2657 MB / 143119 MB) | 51700458 accounts, 0 storage | 2 MB/s | ETA 1170m30s
2026-06-22T01:15:08.647373Z  INFO 1% (2668 MB / 143119 MB) | 51897008 accounts, 0 storage | 2 MB/s | ETA 1170m25s
2026-06-22T01:15:13.841608Z  INFO 1% (2688 MB / 143119 MB) | 52290049 accounts, 0 storage | 2 MB/s | ETA 1170m15s
2026-06-22T01:15:22.815983Z  INFO 1% (2708 MB / 143119 MB) | 52683350 accounts, 0 storage | 2 MB/s | ETA 1170m5s
2026-06-22T01:15:27.948816Z  INFO 1% (2728 MB / 143119 MB) | 53076464 accounts, 0 storage | 2 MB/s | ETA 1169m55s
2026-06-22T01:15:38.288545Z  INFO 1% (2748 MB / 143119 MB) | 53469586 accounts, 0 storage | 2 MB/s | ETA 1169m45s
2026-06-22T01:15:45.239574Z  INFO 1% (2769 MB / 143119 MB) | 53862670 accounts, 0 storage | 2 MB/s | ETA 1169m35s
2026-06-22T01:15:53.786637Z  INFO 1% (2789 MB / 143119 MB) | 54255763 accounts, 0 storage | 2 MB/s | ETA 1169m25s
2026-06-22T01:15:59.157961Z  INFO 1% (2809 MB / 143119 MB) | 54648903 accounts, 0 storage | 2 MB/s | ETA 1169m15s
2026-06-22T01:16:08.285566Z  INFO 1% (2829 MB / 143119 MB) | 55042064 accounts, 0 storage | 2 MB/s | ETA 1169m4s
2026-06-22T01:16:19.014769Z  INFO 1% (2850 MB / 143119 MB) | 55435209 accounts, 0 storage | 2 MB/s | ETA 1168m54s
2026-06-22T01:16:32.013459Z  INFO 2% (2870 MB / 143119 MB) | 55828375 accounts, 0 storage | 2 MB/s | ETA 1168m44s
2026-06-22T01:16:45.193296Z  INFO 2% (2890 MB / 143119 MB) | 56221420 accounts, 0 storage | 2 MB/s | ETA 1168m34s
2026-06-22T01:16:55.719132Z  INFO 2% (2910 MB / 143119 MB) | 56614620 accounts, 0 storage | 2 MB/s | ETA 1168m24s
2026-06-22T01:17:02.382059Z  INFO 2% (2940 MB / 143119 MB) | 57204372 accounts, 0 storage | 2 MB/s | ETA 1168m9s
2026-06-22T01:17:09.549662Z  INFO 2% (2961 MB / 143119 MB) | 57597358 accounts, 0 storage | 2 MB/s | ETA 1167m59s
2026-06-22T01:17:15.048210Z  INFO 2% (2981 MB / 143119 MB) | 57990506 accounts, 0 storage | 2 MB/s | ETA 1167m49s
2026-06-22T01:17:22.893802Z  INFO 2% (3001 MB / 143119 MB) | 58383539 accounts, 0 storage | 2 MB/s | ETA 1167m39s
2026-06-22T01:17:30.164575Z  INFO 2% (3031 MB / 143119 MB) | 58973426 accounts, 0 storage | 2 MB/s | ETA 1167m23s
2026-06-22T01:17:43.679186Z  INFO 2% (3042 MB / 143119 MB) | 59170003 accounts, 0 storage | 2 MB/s | ETA 1167m18s
2026-06-22T01:17:48.787331Z  INFO 2% (3062 MB / 143119 MB) | 59563194 accounts, 0 storage | 2 MB/s | ETA 1167m8s
2026-06-22T01:18:02.871050Z  INFO 2% (3082 MB / 143119 MB) | 59956368 accounts, 0 storage | 2 MB/s | ETA 1166m58s
2026-06-22T01:18:18.703392Z  INFO 2% (3102 MB / 143119 MB) | 60349465 accounts, 0 storage | 2 MB/s | ETA 1166m48s
2026-06-22T01:18:35.267457Z  INFO 2% (3122 MB / 143119 MB) | 60742541 accounts, 0 storage | 2 MB/s | ETA 1166m38s
2026-06-22T01:18:46.661248Z  INFO 2% (3143 MB / 143119 MB) | 61135705 accounts, 0 storage | 2 MB/s | ETA 1166m28s
2026-06-22T01:18:53.226664Z  INFO 2% (3163 MB / 143119 MB) | 61528835 accounts, 0 storage | 2 MB/s | ETA 1166m18s
2026-06-22T01:18:59.987824Z  INFO 2% (3183 MB / 143119 MB) | 61922092 accounts, 0 storage | 2 MB/s | ETA 1166m8s
2026-06-22T01:19:07.221205Z  INFO 2% (3213 MB / 143119 MB) | 62511873 accounts, 0 storage | 2 MB/s | ETA 1165m52s
2026-06-22T01:19:14.470213Z  INFO 2% (3234 MB / 143119 MB) | 62904911 accounts, 0 storage | 2 MB/s | ETA 1165m42s
2026-06-22T01:19:21.884864Z  INFO 2% (3264 MB / 143119 MB) | 63494683 accounts, 0 storage | 2 MB/s | ETA 1165m27s
2026-06-22T01:19:34.531349Z  INFO 2% (3274 MB / 143119 MB) | 63691259 accounts, 0 storage | 2 MB/s | ETA 1165m22s
2026-06-22T01:19:40.215221Z  INFO 2% (3294 MB / 143119 MB) | 64084514 accounts, 0 storage | 2 MB/s | ETA 1165m12s
2026-06-22T01:19:48.139862Z  INFO 2% (3314 MB / 143119 MB) | 64477783 accounts, 0 storage | 2 MB/s | ETA 1165m2s
2026-06-22T01:20:05.460901Z  INFO 2% (3345 MB / 143119 MB) | 65067461 accounts, 0 storage | 2 MB/s | ETA 1164m47s
2026-06-22T01:20:21.724709Z  INFO 2% (3365 MB / 143119 MB) | 65460637 accounts, 0 storage | 2 MB/s | ETA 1164m37s
2026-06-22T01:20:41.125877Z  INFO 2% (3385 MB / 143119 MB) | 65853809 accounts, 0 storage | 2 MB/s | ETA 1164m26s
2026-06-22T01:20:53.257348Z  INFO 2% (3405 MB / 143119 MB) | 66246850 accounts, 0 storage | 2 MB/s | ETA 1164m16s
2026-06-22T01:21:06.786260Z  INFO 2% (3426 MB / 143119 MB) | 66640102 accounts, 0 storage | 2 MB/s | ETA 1164m6s
2026-06-22T01:21:12.120912Z  INFO 2% (3446 MB / 143119 MB) | 67033494 accounts, 0 storage | 2 MB/s | ETA 1163m56s
2026-06-22T01:21:20.178694Z  INFO 2% (3466 MB / 143119 MB) | 67426706 accounts, 0 storage | 2 MB/s | ETA 1163m46s
2026-06-22T01:21:29.124465Z  INFO 2% (3496 MB / 143119 MB) | 68016336 accounts, 0 storage | 2 MB/s | ETA 1163m31s
2026-06-22T01:21:36.774752Z  INFO 2% (3517 MB / 143119 MB) | 68409528 accounts, 0 storage | 2 MB/s | ETA 1163m21s
2026-06-22T01:21:42.191282Z  INFO 2% (3537 MB / 143119 MB) | 68802704 accounts, 0 storage | 2 MB/s | ETA 1163m11s
2026-06-22T01:21:51.058375Z  INFO 2% (3557 MB / 143119 MB) | 69195992 accounts, 0 storage | 2 MB/s | ETA 1163m1s
2026-06-22T01:21:56.807809Z  INFO 2% (3577 MB / 143119 MB) | 69589235 accounts, 0 storage | 2 MB/s | ETA 1162m50s
2026-06-22T01:22:12.325149Z  INFO 2% (3597 MB / 143119 MB) | 69982465 accounts, 0 storage | 2 MB/s | ETA 1162m40s
2026-06-22T01:22:17.512003Z  INFO 2% (3618 MB / 143119 MB) | 70375673 accounts, 0 storage | 2 MB/s | ETA 1162m30s
2026-06-22T01:22:25.138571Z  INFO 2% (3638 MB / 143119 MB) | 70768902 accounts, 0 storage | 2 MB/s | ETA 1162m20s
2026-06-22T01:22:36.307938Z  INFO 2% (3668 MB / 143119 MB) | 71358656 accounts, 0 storage | 2 MB/s | ETA 1162m5s
2026-06-22T01:22:51.421260Z  INFO 2% (3678 MB / 143119 MB) | 71555294 accounts, 0 storage | 2 MB/s | ETA 1162m0s
2026-06-22T01:22:57.945948Z  INFO 2% (3698 MB / 143119 MB) | 71948448 accounts, 0 storage | 2 MB/s | ETA 1161m50s
2026-06-22T01:23:06.688392Z  INFO 2% (3719 MB / 143119 MB) | 72341578 accounts, 0 storage | 2 MB/s | ETA 1161m40s
2026-06-22T01:23:18.121268Z  INFO 2% (3749 MB / 143119 MB) | 72931341 accounts, 0 storage | 2 MB/s | ETA 1161m25s
2026-06-22T01:23:23.983505Z  INFO 2% (3769 MB / 143119 MB) | 73324539 accounts, 0 storage | 2 MB/s | ETA 1161m14s
2026-06-22T01:23:32.342481Z  INFO 2% (3789 MB / 143119 MB) | 73717556 accounts, 0 storage | 2 MB/s | ETA 1161m4s
2026-06-22T01:23:37.890331Z  INFO 2% (3810 MB / 143119 MB) | 74110584 accounts, 0 storage | 2 MB/s | ETA 1160m54s
2026-06-22T01:23:51.624441Z  INFO 2% (3830 MB / 143119 MB) | 74503696 accounts, 0 storage | 2 MB/s | ETA 1160m44s
2026-06-22T01:24:01.265100Z  INFO 2% (3850 MB / 143119 MB) | 74896814 accounts, 0 storage | 2 MB/s | ETA 1160m34s
2026-06-22T01:24:06.419775Z  INFO 2% (3870 MB / 143119 MB) | 75290008 accounts, 0 storage | 2 MB/s | ETA 1160m24s
2026-06-22T01:24:13.613150Z  INFO 2% (3891 MB / 143119 MB) | 75683252 accounts, 0 storage | 2 MB/s | ETA 1160m14s
2026-06-22T01:24:24.753118Z  INFO 2% (3921 MB / 143119 MB) | 76272930 accounts, 0 storage | 2 MB/s | ETA 1159m59s
2026-06-22T01:24:32.102018Z  INFO 2% (3951 MB / 143119 MB) | 76862681 accounts, 0 storage | 2 MB/s | ETA 1159m44s
2026-06-22T01:24:41.971906Z  INFO 2% (3961 MB / 143119 MB) | 77059249 accounts, 0 storage | 2 MB/s | ETA 1159m38s
2026-06-22T01:24:50.030617Z  INFO 2% (3982 MB / 143119 MB) | 77452515 accounts, 0 storage | 2 MB/s | ETA 1159m28s
2026-06-22T01:24:55.964159Z  INFO 2% (4002 MB / 143119 MB) | 77845664 accounts, 0 storage | 2 MB/s | ETA 1159m18s
2026-06-22T01:25:05.326377Z  INFO 2% (4022 MB / 143119 MB) | 78238723 accounts, 0 storage | 2 MB/s | ETA 1159m8s
2026-06-22T01:25:11.144659Z  INFO 2% (4042 MB / 143119 MB) | 78631722 accounts, 0 storage | 2 MB/s | ETA 1158m58s
2026-06-22T01:25:18.583685Z  INFO 2% (4062 MB / 143119 MB) | 79024988 accounts, 0 storage | 2 MB/s | ETA 1158m48s
2026-06-22T01:25:23.717205Z  INFO 2% (4083 MB / 143119 MB) | 79418167 accounts, 0 storage | 2 MB/s | ETA 1158m38s
2026-06-22T01:25:43.297719Z  INFO 2% (4093 MB / 143119 MB) | 79614708 accounts, 0 storage | 2 MB/s | ETA 1158m33s
2026-06-22T01:25:55.999459Z  INFO 2% (4113 MB / 143119 MB) | 80007827 accounts, 0 storage | 2 MB/s | ETA 1158m23s
2026-06-22T01:26:07.372672Z  INFO 2% (4133 MB / 143119 MB) | 80400915 accounts, 0 storage | 2 MB/s | ETA 1158m13s
2026-06-22T01:26:20.283663Z  INFO 2% (4153 MB / 143119 MB) | 80794073 accounts, 0 storage | 2 MB/s | ETA 1158m2s
2026-06-22T01:26:34.659200Z  INFO 2% (4174 MB / 143119 MB) | 81187127 accounts, 0 storage | 2 MB/s | ETA 1157m52s
2026-06-22T01:26:50.646178Z  INFO 2% (4194 MB / 143119 MB) | 81580400 accounts, 0 storage | 2 MB/s | ETA 1157m42s
2026-06-22T01:27:05.382609Z  INFO 2% (4214 MB / 143119 MB) | 81973541 accounts, 0 storage | 2 MB/s | ETA 1157m32s
2026-06-22T01:27:19.099107Z  INFO 2% (4234 MB / 143119 MB) | 82366628 accounts, 0 storage | 2 MB/s | ETA 1157m22s
2026-06-22T01:27:27.158836Z  INFO 2% (4254 MB / 143119 MB) | 82759745 accounts, 0 storage | 2 MB/s | ETA 1157m12s
2026-06-22T01:27:33.502510Z  INFO 2% (4275 MB / 143119 MB) | 83152989 accounts, 0 storage | 2 MB/s | ETA 1157m2s
2026-06-22T01:27:42.285328Z  INFO 3% (4295 MB / 143119 MB) | 83546249 accounts, 0 storage | 2 MB/s | ETA 1156m52s
2026-06-22T01:27:48.083443Z  INFO 3% (4315 MB / 143119 MB) | 83939505 accounts, 0 storage | 2 MB/s | ETA 1156m42s
2026-06-22T01:27:57.993343Z  INFO 3% (4345 MB / 143119 MB) | 84529263 accounts, 0 storage | 2 MB/s | ETA 1156m26s
2026-06-22T01:28:05.057055Z  INFO 3% (4376 MB / 143119 MB) | 85119127 accounts, 0 storage | 2 MB/s | ETA 1156m11s
2026-06-22T01:28:18.179362Z  INFO 3% (4386 MB / 143119 MB) | 85315656 accounts, 0 storage | 2 MB/s | ETA 1156m6s
2026-06-22T01:28:24.278975Z  INFO 3% (4406 MB / 143119 MB) | 85708728 accounts, 0 storage | 2 MB/s | ETA 1155m56s
2026-06-22T01:28:31.148052Z  INFO 3% (4426 MB / 143119 MB) | 86101898 accounts, 0 storage | 2 MB/s | ETA 1155m46s
2026-06-22T01:28:37.595940Z  INFO 3% (4446 MB / 143119 MB) | 86495060 accounts, 0 storage | 2 MB/s | ETA 1155m36s
2026-06-22T01:28:45.796725Z  INFO 3% (4467 MB / 143119 MB) | 86888195 accounts, 0 storage | 2 MB/s | ETA 1155m26s
2026-06-22T01:28:51.097678Z  INFO 3% (4487 MB / 143119 MB) | 87281310 accounts, 0 storage | 2 MB/s | ETA 1155m16s
2026-06-22T01:29:03.943497Z  INFO 3% (4507 MB / 143119 MB) | 87674332 accounts, 0 storage | 2 MB/s | ETA 1155m6s
2026-06-22T01:29:12.972798Z  INFO 3% (4527 MB / 143119 MB) | 88067328 accounts, 0 storage | 2 MB/s | ETA 1154m56s
2026-06-22T01:29:19.371434Z  INFO 3% (4547 MB / 143119 MB) | 88460542 accounts, 0 storage | 2 MB/s | ETA 1154m45s
2026-06-22T01:29:26.817171Z  INFO 3% (4568 MB / 143119 MB) | 88853629 accounts, 0 storage | 2 MB/s | ETA 1154m35s
2026-06-22T01:29:33.625294Z  INFO 3% (4598 MB / 143119 MB) | 89443315 accounts, 0 storage | 2 MB/s | ETA 1154m20s
2026-06-22T01:29:39.661404Z  INFO 3% (4608 MB / 143119 MB) | 89639875 accounts, 0 storage | 2 MB/s | ETA 1154m15s
2026-06-22T01:29:45.018598Z  INFO 3% (4628 MB / 143119 MB) | 90033111 accounts, 0 storage | 2 MB/s | ETA 1154m5s
2026-06-22T01:30:00.039022Z  INFO 3% (4648 MB / 143119 MB) | 90426221 accounts, 0 storage | 2 MB/s | ETA 1153m55s
2026-06-22T01:30:05.055026Z  INFO 3% (4669 MB / 143119 MB) | 90819206 accounts, 0 storage | 2 MB/s | ETA 1153m45s
2026-06-22T01:30:10.347688Z  INFO 3% (4689 MB / 143119 MB) | 91212310 accounts, 0 storage | 2 MB/s | ETA 1153m35s
2026-06-22T01:30:15.359683Z  INFO 3% (4709 MB / 143119 MB) | 91605419 accounts, 0 storage | 2 MB/s | ETA 1153m25s
2026-06-22T01:30:22.702046Z  INFO 3% (4729 MB / 143119 MB) | 91998607 accounts, 0 storage | 2 MB/s | ETA 1153m14s
2026-06-22T01:30:27.799112Z  INFO 3% (4749 MB / 143119 MB) | 92391784 accounts, 0 storage | 2 MB/s | ETA 1153m4s
2026-06-22T01:30:35.332783Z  INFO 3% (4770 MB / 143119 MB) | 92784993 accounts, 0 storage | 2 MB/s | ETA 1152m54s
2026-06-22T01:30:40.540273Z  INFO 3% (4790 MB / 143119 MB) | 93178117 accounts, 0 storage | 2 MB/s | ETA 1152m44s
2026-06-22T01:30:49.250148Z  INFO 3% (4810 MB / 143119 MB) | 93571180 accounts, 0 storage | 2 MB/s | ETA 1152m34s
2026-06-22T01:30:55.598300Z  INFO 3% (4830 MB / 143119 MB) | 93964509 accounts, 0 storage | 2 MB/s | ETA 1152m24s
2026-06-22T01:31:10.594156Z  INFO 3% (4851 MB / 143119 MB) | 94357467 accounts, 0 storage | 2 MB/s | ETA 1152m14s
2026-06-22T01:31:16.427044Z  INFO 3% (4871 MB / 143119 MB) | 94750700 accounts, 0 storage | 2 MB/s | ETA 1152m4s
2026-06-22T01:31:24.406798Z  INFO 3% (4891 MB / 143119 MB) | 95143721 accounts, 0 storage | 2 MB/s | ETA 1151m54s
2026-06-22T01:31:29.661520Z  INFO 3% (4911 MB / 143119 MB) | 95536910 accounts, 0 storage | 2 MB/s | ETA 1151m44s
2026-06-22T01:31:38.492971Z  INFO 3% (4931 MB / 143119 MB) | 95930079 accounts, 0 storage | 2 MB/s | ETA 1151m33s
2026-06-22T01:31:45.495452Z  INFO 3% (4962 MB / 143119 MB) | 96519858 accounts, 0 storage | 2 MB/s | ETA 1151m18s
2026-06-22T01:31:55.499362Z  INFO 3% (4972 MB / 143119 MB) | 96716432 accounts, 0 storage | 2 MB/s | ETA 1151m13s
2026-06-22T01:32:03.084043Z  INFO 3% (4992 MB / 143119 MB) | 97109565 accounts, 0 storage | 2 MB/s | ETA 1151m3s
2026-06-22T01:32:10.595079Z  INFO 3% (5022 MB / 143119 MB) | 97699376 accounts, 0 storage | 2 MB/s | ETA 1150m48s
2026-06-22T01:32:17.263233Z  INFO 3% (5043 MB / 143119 MB) | 98092551 accounts, 0 storage | 2 MB/s | ETA 1150m38s
2026-06-22T01:32:22.751234Z  INFO 3% (5063 MB / 143119 MB) | 98485632 accounts, 0 storage | 2 MB/s | ETA 1150m28s
2026-06-22T01:32:29.612907Z  INFO 3% (5083 MB / 143119 MB) | 98878851 accounts, 0 storage | 2 MB/s | ETA 1150m18s
2026-06-22T01:32:34.726802Z  INFO 3% (5103 MB / 143119 MB) | 99271935 accounts, 0 storage | 2 MB/s | ETA 1150m7s
2026-06-22T01:32:47.526112Z  INFO 3% (5113 MB / 143119 MB) | 99468579 accounts, 0 storage | 2 MB/s | ETA 1150m2s
2026-06-22T01:32:54.889207Z  INFO 3% (5144 MB / 143119 MB) | 100058340 accounts, 0 storage | 2 MB/s | ETA 1149m47s
2026-06-22T01:33:03.535410Z  INFO 3% (5164 MB / 143119 MB) | 100451529 accounts, 0 storage | 2 MB/s | ETA 1149m37s
2026-06-22T01:33:08.573269Z  INFO 3% (5184 MB / 143119 MB) | 100844775 accounts, 0 storage | 2 MB/s | ETA 1149m27s
2026-06-22T01:33:16.707794Z  INFO 3% (5204 MB / 143119 MB) | 101237965 accounts, 0 storage | 2 MB/s | ETA 1149m17s
2026-06-22T01:33:21.741330Z  INFO 3% (5224 MB / 143119 MB) | 101631139 accounts, 0 storage | 2 MB/s | ETA 1149m7s
2026-06-22T01:33:37.753243Z  INFO 3% (5245 MB / 143119 MB) | 102024241 accounts, 0 storage | 2 MB/s | ETA 1148m57s
2026-06-22T01:33:43.625624Z  INFO 3% (5265 MB / 143119 MB) | 102417509 accounts, 0 storage | 2 MB/s | ETA 1148m47s
2026-06-22T01:33:52.366346Z  INFO 3% (5285 MB / 143119 MB) | 102810601 accounts, 0 storage | 2 MB/s | ETA 1148m37s
2026-06-22T01:33:57.649213Z  INFO 3% (5305 MB / 143119 MB) | 103203845 accounts, 0 storage | 2 MB/s | ETA 1148m26s
2026-06-22T01:34:07.371114Z  INFO 3% (5336 MB / 143119 MB) | 103793629 accounts, 0 storage | 2 MB/s | ETA 1148m11s
2026-06-22T01:34:25.060472Z  INFO 3% (5366 MB / 143119 MB) | 104383447 accounts, 0 storage | 2 MB/s | ETA 1147m56s
2026-06-22T01:34:33.924990Z  INFO 3% (5386 MB / 143119 MB) | 104776633 accounts, 0 storage | 2 MB/s | ETA 1147m46s
2026-06-22T01:34:39.117630Z  INFO 3% (5406 MB / 143119 MB) | 105169872 accounts, 0 storage | 2 MB/s | ETA 1147m36s
2026-06-22T01:34:47.807495Z  INFO 3% (5427 MB / 143119 MB) | 105562957 accounts, 0 storage | 2 MB/s | ETA 1147m26s
2026-06-22T01:34:53.041349Z  INFO 3% (5447 MB / 143119 MB) | 105956043 accounts, 0 storage | 2 MB/s | ETA 1147m16s
2026-06-22T01:35:01.727321Z  INFO 3% (5467 MB / 143119 MB) | 106349167 accounts, 0 storage | 2 MB/s | ETA 1147m6s
2026-06-22T01:35:08.761622Z  INFO 3% (5497 MB / 143119 MB) | 106938894 accounts, 0 storage | 2 MB/s | ETA 1146m50s
2026-06-22T01:35:15.630055Z  INFO 3% (5507 MB / 143119 MB) | 107135459 accounts, 0 storage | 2 MB/s | ETA 1146m45s
2026-06-22T01:35:21.870498Z  INFO 3% (5538 MB / 143119 MB) | 107725367 accounts, 0 storage | 2 MB/s | ETA 1146m30s
2026-06-22T01:35:31.138303Z  INFO 3% (5548 MB / 143119 MB) | 107922068 accounts, 0 storage | 2 MB/s | ETA 1146m25s
2026-06-22T01:35:51.435760Z  INFO 3% (5568 MB / 143119 MB) | 108315134 accounts, 0 storage | 2 MB/s | ETA 1146m15s
2026-06-22T01:36:06.687869Z  INFO 3% (5588 MB / 143119 MB) | 108708260 accounts, 0 storage | 2 MB/s | ETA 1146m5s
2026-06-22T01:36:21.446640Z  INFO 3% (5609 MB / 143119 MB) | 109101430 accounts, 0 storage | 2 MB/s | ETA 1145m55s
2026-06-22T01:36:27.616035Z  INFO 3% (5629 MB / 143119 MB) | 109494656 accounts, 0 storage | 2 MB/s | ETA 1145m45s
2026-06-22T01:36:37.878914Z  INFO 3% (5649 MB / 143119 MB) | 109887793 accounts, 0 storage | 2 MB/s | ETA 1145m35s
2026-06-22T01:36:43.308837Z  INFO 3% (5669 MB / 143119 MB) | 110280985 accounts, 0 storage | 2 MB/s | ETA 1145m25s
2026-06-22T01:36:48.364576Z  INFO 3% (5689 MB / 143119 MB) | 110674305 accounts, 0 storage | 2 MB/s | ETA 1145m14s
2026-06-22T01:36:53.832442Z  INFO 3% (5700 MB / 143119 MB) | 110870766 accounts, 0 storage | 2 MB/s | ETA 1145m9s
2026-06-22T01:36:59.712290Z  INFO 3% (5720 MB / 143119 MB) | 111263950 accounts, 0 storage | 2 MB/s | ETA 1144m59s
2026-06-22T01:37:14.843840Z  INFO 4% (5740 MB / 143119 MB) | 111657146 accounts, 0 storage | 2 MB/s | ETA 1144m49s
2026-06-22T01:37:20.438814Z  INFO 4% (5760 MB / 143119 MB) | 112050283 accounts, 0 storage | 2 MB/s | ETA 1144m39s
2026-06-22T01:37:30.189419Z  INFO 4% (5790 MB / 143119 MB) | 112640030 accounts, 0 storage | 2 MB/s | ETA 1144m24s
2026-06-22T01:37:35.375794Z  INFO 4% (5811 MB / 143119 MB) | 113033163 accounts, 0 storage | 2 MB/s | ETA 1144m14s
2026-06-22T01:37:42.814877Z  INFO 4% (5831 MB / 143119 MB) | 113426297 accounts, 0 storage | 2 MB/s | ETA 1144m4s
2026-06-22T01:37:48.059431Z  INFO 4% (5851 MB / 143119 MB) | 113819445 accounts, 0 storage | 2 MB/s | ETA 1143m54s
2026-06-22T01:38:03.926033Z  INFO 4% (5871 MB / 143119 MB) | 114212610 accounts, 0 storage | 2 MB/s | ETA 1143m43s
2026-06-22T01:38:09.681550Z  INFO 4% (5892 MB / 143119 MB) | 114605717 accounts, 0 storage | 2 MB/s | ETA 1143m33s
2026-06-22T01:38:19.035354Z  INFO 4% (5912 MB / 143119 MB) | 114998861 accounts, 0 storage | 2 MB/s | ETA 1143m23s
2026-06-22T01:38:24.734512Z  INFO 4% (5932 MB / 143119 MB) | 115391933 accounts, 0 storage | 2 MB/s | ETA 1143m13s
2026-06-22T01:38:34.722259Z  INFO 4% (5962 MB / 143119 MB) | 115981583 accounts, 0 storage | 2 MB/s | ETA 1142m58s
2026-06-22T01:38:40.355563Z  INFO 4% (5982 MB / 143119 MB) | 116374698 accounts, 0 storage | 2 MB/s | ETA 1142m48s
2026-06-22T01:38:55.704184Z  INFO 4% (6003 MB / 143119 MB) | 116767877 accounts, 0 storage | 2 MB/s | ETA 1142m38s
2026-06-22T01:39:02.582616Z  INFO 4% (6023 MB / 143119 MB) | 117160992 accounts, 0 storage | 2 MB/s | ETA 1142m28s
2026-06-22T01:39:11.849971Z  INFO 4% (6043 MB / 143119 MB) | 117554241 accounts, 0 storage | 2 MB/s | ETA 1142m18s
2026-06-22T01:39:16.963921Z  INFO 4% (6063 MB / 143119 MB) | 117947380 accounts, 0 storage | 2 MB/s | ETA 1142m7s
2026-06-22T01:39:26.579778Z  INFO 4% (6094 MB / 143119 MB) | 118537053 accounts, 0 storage | 2 MB/s | ETA 1141m52s
2026-06-22T01:39:33.966995Z  INFO 4% (6124 MB / 143119 MB) | 119126751 accounts, 0 storage | 2 MB/s | ETA 1141m37s
2026-06-22T01:39:42.652793Z  INFO 4% (6134 MB / 143119 MB) | 119323374 accounts, 0 storage | 2 MB/s | ETA 1141m32s
2026-06-22T01:39:49.395847Z  INFO 4% (6144 MB / 143119 MB) | 119519919 accounts, 0 storage | 2 MB/s | ETA 1141m27s
2026-06-22T01:39:54.546600Z  INFO 4% (6164 MB / 143119 MB) | 119913062 accounts, 0 storage | 2 MB/s | ETA 1141m17s
2026-06-22T01:40:02.072437Z  INFO 4% (6185 MB / 143119 MB) | 120306227 accounts, 0 storage | 2 MB/s | ETA 1141m7s
2026-06-22T01:40:07.634939Z  INFO 4% (6205 MB / 143119 MB) | 120699302 accounts, 0 storage | 2 MB/s | ETA 1140m57s
2026-06-22T01:40:14.271413Z  INFO 4% (6215 MB / 143119 MB) | 120895870 accounts, 0 storage | 2 MB/s | ETA 1140m52s
2026-06-22T01:40:20.223462Z  INFO 4% (6235 MB / 143119 MB) | 121289034 accounts, 0 storage | 2 MB/s | ETA 1140m42s
2026-06-22T01:40:27.526992Z  INFO 4% (6245 MB / 143119 MB) | 121485606 accounts, 0 storage | 2 MB/s | ETA 1140m37s
2026-06-22T01:40:32.548111Z  INFO 4% (6255 MB / 143119 MB) | 121682192 accounts, 0 storage | 2 MB/s | ETA 1140m31s
2026-06-22T01:40:41.505924Z  INFO 4% (6275 MB / 143119 MB) | 122075305 accounts, 0 storage | 2 MB/s | ETA 1140m21s
2026-06-22T01:40:50.950999Z  INFO 4% (6306 MB / 143119 MB) | 122665047 accounts, 0 storage | 2 MB/s | ETA 1140m6s
2026-06-22T01:41:02.181964Z  INFO 4% (6336 MB / 143119 MB) | 123254828 accounts, 0 storage | 2 MB/s | ETA 1139m51s
2026-06-22T01:41:07.485625Z  INFO 4% (6356 MB / 143119 MB) | 123647972 accounts, 0 storage | 2 MB/s | ETA 1139m41s
2026-06-22T01:41:14.764687Z  INFO 4% (6366 MB / 143119 MB) | 123844551 accounts, 0 storage | 2 MB/s | ETA 1139m36s
2026-06-22T01:41:20.396361Z  INFO 4% (6377 MB / 143119 MB) | 124041078 accounts, 0 storage | 2 MB/s | ETA 1139m31s
2026-06-22T01:41:29.089959Z  INFO 4% (6397 MB / 143119 MB) | 124434335 accounts, 0 storage | 2 MB/s | ETA 1139m21s
2026-06-22T01:41:36.163457Z  INFO 4% (6427 MB / 143119 MB) | 125024024 accounts, 0 storage | 2 MB/s | ETA 1139m6s
2026-06-22T01:41:43.607876Z  INFO 4% (6437 MB / 143119 MB) | 125220622 accounts, 0 storage | 2 MB/s | ETA 1139m1s
2026-06-22T01:41:48.961739Z  INFO 4% (6457 MB / 143119 MB) | 125613762 accounts, 0 storage | 2 MB/s | ETA 1138m50s
2026-06-22T01:41:56.440617Z  INFO 4% (6467 MB / 143119 MB) | 125810381 accounts, 0 storage | 2 MB/s | ETA 1138m45s
2026-06-22T01:42:01.849030Z  INFO 4% (6488 MB / 143119 MB) | 126203556 accounts, 0 storage | 2 MB/s | ETA 1138m35s
2026-06-22T01:42:12.170772Z  INFO 4% (6498 MB / 143119 MB) | 126400144 accounts, 0 storage | 2 MB/s | ETA 1138m30s
2026-06-22T01:42:24.538926Z  INFO 4% (6518 MB / 143119 MB) | 126793362 accounts, 0 storage | 2 MB/s | ETA 1138m20s
2026-06-22T01:42:33.902333Z  INFO 4% (6528 MB / 143119 MB) | 126989921 accounts, 0 storage | 2 MB/s | ETA 1138m15s
2026-06-22T01:42:48.761447Z  INFO 4% (6538 MB / 143119 MB) | 127186458 accounts, 0 storage | 2 MB/s | ETA 1138m10s
2026-06-22T01:43:11.702402Z  INFO 4% (6548 MB / 143119 MB) | 127383040 accounts, 0 storage | 2 MB/s | ETA 1138m5s
2026-06-22T01:43:40.433173Z  INFO 4% (6558 MB / 143119 MB) | 127579533 accounts, 0 storage | 2 MB/s | ETA 1138m0s
2026-06-22T01:44:16.399663Z  INFO 4% (6569 MB / 143119 MB) | 127776151 accounts, 0 storage | 2 MB/s | ETA 1137m55s
2026-06-22T01:45:12.819534Z  INFO 4% (6579 MB / 143119 MB) | 127972796 accounts, 0 storage | 2 MB/s | ETA 1137m50s
2026-06-22T01:46:40.648443Z  INFO 4% (6589 MB / 143119 MB) | 128169350 accounts, 0 storage | 2 MB/s | ETA 1137m45s
2026-06-22T01:48:56.924832Z  INFO 4% (6599 MB / 143119 MB) | 128365968 accounts, 0 storage | 1 MB/s | ETA 2275m20s
2026-06-22T01:51:28.582312Z  INFO 4% (6609 MB / 143119 MB) | 128562559 accounts, 0 storage | 1 MB/s | ETA 2275m10s
2026-06-22T01:51:47.877540Z  INFO 4% (6629 MB / 143119 MB) | 128955828 accounts, 0 storage | 1 MB/s | ETA 2274m49s
2026-06-22T01:52:00.244812Z  INFO 4% (6649 MB / 143119 MB) | 129348946 accounts, 0 storage | 1 MB/s | ETA 2274m29s
2026-06-22T01:52:12.643670Z  INFO 4% (6670 MB / 143119 MB) | 129742231 accounts, 0 storage | 1 MB/s | ETA 2274m9s
2026-06-22T01:52:28.610304Z  INFO 4% (6690 MB / 143119 MB) | 130135478 accounts, 0 storage | 1 MB/s | ETA 2273m49s
2026-06-22T01:52:42.556603Z  INFO 4% (6710 MB / 143119 MB) | 130528632 accounts, 0 storage | 1 MB/s | ETA 2273m29s
2026-06-22T01:52:49.736728Z  INFO 4% (6730 MB / 143119 MB) | 130921921 accounts, 0 storage | 1 MB/s | ETA 2273m8s
2026-06-22T01:53:14.897576Z  INFO 4% (6751 MB / 143119 MB) | 131315166 accounts, 0 storage | 1 MB/s | ETA 2272m48s
2026-06-22T01:53:28.180207Z  INFO 4% (6771 MB / 143119 MB) | 131708355 accounts, 0 storage | 1 MB/s | ETA 2272m28s
2026-06-22T01:53:33.688198Z  INFO 4% (6791 MB / 143119 MB) | 132101562 accounts, 0 storage | 1 MB/s | ETA 2272m8s
2026-06-22T01:53:44.119653Z  INFO 4% (6801 MB / 143119 MB) | 132298187 accounts, 0 storage | 1 MB/s | ETA 2271m58s
2026-06-22T01:54:09.404839Z  INFO 4% (6811 MB / 143119 MB) | 132494801 accounts, 0 storage | 1 MB/s | ETA 2271m48s
2026-06-22T01:54:22.281939Z  INFO 4% (6831 MB / 143119 MB) | 132887850 accounts, 0 storage | 1 MB/s | ETA 2271m27s
2026-06-22T01:54:29.819319Z  INFO 4% (6841 MB / 143119 MB) | 133084327 accounts, 0 storage | 1 MB/s | ETA 2271m17s
2026-06-22T01:54:36.163270Z  INFO 4% (6862 MB / 143119 MB) | 133477484 accounts, 0 storage | 1 MB/s | ETA 2270m57s
2026-06-22T01:54:46.431367Z  INFO 4% (6872 MB / 143119 MB) | 133674063 accounts, 0 storage | 1 MB/s | ETA 2270m47s
2026-06-22T01:55:00.678781Z  INFO 4% (6892 MB / 143119 MB) | 134067091 accounts, 0 storage | 1 MB/s | ETA 2270m27s
2026-06-22T01:55:07.212644Z  INFO 4% (6912 MB / 143119 MB) | 134460184 accounts, 0 storage | 1 MB/s | ETA 2270m6s
2026-06-22T01:55:22.872926Z  INFO 4% (6922 MB / 143119 MB) | 134656705 accounts, 0 storage | 1 MB/s | ETA 2269m56s
2026-06-22T01:55:34.223425Z  INFO 4% (6943 MB / 143119 MB) | 135049963 accounts, 0 storage | 1 MB/s | ETA 2269m36s
2026-06-22T01:55:41.831666Z  INFO 4% (6963 MB / 143119 MB) | 135443067 accounts, 0 storage | 1 MB/s | ETA 2269m16s
2026-06-22T01:55:50.617690Z  INFO 4% (6973 MB / 143119 MB) | 135639720 accounts, 0 storage | 1 MB/s | ETA 2269m6s
2026-06-22T01:55:57.711810Z  INFO 4% (6993 MB / 143119 MB) | 136032957 accounts, 0 storage | 1 MB/s | ETA 2268m46s
2026-06-22T01:56:11.295228Z  INFO 4% (7003 MB / 143119 MB) | 136229593 accounts, 0 storage | 1 MB/s | ETA 2268m36s
2026-06-22T01:56:24.595396Z  INFO 4% (7023 MB / 143119 MB) | 136622881 accounts, 0 storage | 1 MB/s | ETA 2268m15s
2026-06-22T01:56:31.047403Z  INFO 4% (7033 MB / 143119 MB) | 136819478 accounts, 0 storage | 1 MB/s | ETA 2268m5s
2026-06-22T01:56:44.734046Z  INFO 4% (7054 MB / 143119 MB) | 137212606 accounts, 0 storage | 1 MB/s | ETA 2267m45s
2026-06-22T01:57:11.457568Z  INFO 4% (7074 MB / 143119 MB) | 137605609 accounts, 0 storage | 1 MB/s | ETA 2267m25s
2026-06-22T01:57:28.425062Z  INFO 4% (7094 MB / 143119 MB) | 137998848 accounts, 0 storage | 1 MB/s | ETA 2267m5s
2026-06-22T01:57:43.947825Z  INFO 4% (7114 MB / 143119 MB) | 138391930 accounts, 0 storage | 1 MB/s | ETA 2266m44s
2026-06-22T01:58:02.901612Z  INFO 4% (7124 MB / 143119 MB) | 138588397 accounts, 0 storage | 1 MB/s | ETA 2266m34s
2026-06-22T01:58:18.881599Z  INFO 4% (7145 MB / 143119 MB) | 138981487 accounts, 0 storage | 1 MB/s | ETA 2266m14s
2026-06-22T01:58:28.721270Z  INFO 5% (7165 MB / 143119 MB) | 139374704 accounts, 0 storage | 1 MB/s | ETA 2265m54s
2026-06-22T01:58:36.459461Z  INFO 5% (7175 MB / 143119 MB) | 139571260 accounts, 0 storage | 1 MB/s | ETA 2265m44s
2026-06-22T01:58:48.941321Z  INFO 5% (7185 MB / 143119 MB) | 139767921 accounts, 0 storage | 1 MB/s | ETA 2265m34s
2026-06-22T01:58:54.645263Z  INFO 5% (7205 MB / 143119 MB) | 140160954 accounts, 0 storage | 1 MB/s | ETA 2265m13s
2026-06-22T01:59:06.284823Z  INFO 5% (7215 MB / 143119 MB) | 140357519 accounts, 0 storage | 1 MB/s | ETA 2265m3s
2026-06-22T01:59:19.729928Z  INFO 5% (7225 MB / 143119 MB) | 140554152 accounts, 0 storage | 1 MB/s | ETA 2264m53s
2026-06-22T01:59:37.079671Z  INFO 5% (7246 MB / 143119 MB) | 140947304 accounts, 0 storage | 1 MB/s | ETA 2264m33s
2026-06-22T01:59:48.698037Z  INFO 5% (7256 MB / 143119 MB) | 141143917 accounts, 0 storage | 1 MB/s | ETA 2264m23s
2026-06-22T01:59:56.782565Z  INFO 5% (7276 MB / 143119 MB) | 141537017 accounts, 0 storage | 1 MB/s | ETA 2264m3s
2026-06-22T02:00:09.324293Z  INFO 5% (7286 MB / 143119 MB) | 141733618 accounts, 0 storage | 1 MB/s | ETA 2263m53s
2026-06-22T02:00:14.877454Z  INFO 5% (7296 MB / 143119 MB) | 141930086 accounts, 0 storage | 1 MB/s | ETA 2263m43s
2026-06-22T02:00:27.482987Z  INFO 5% (7316 MB / 143119 MB) | 142323192 accounts, 0 storage | 1 MB/s | ETA 2263m22s
2026-06-22T02:00:45.688010Z  INFO 5% (7337 MB / 143119 MB) | 142716113 accounts, 0 storage | 1 MB/s | ETA 2263m2s
2026-06-22T02:01:00.993454Z  INFO 5% (7357 MB / 143119 MB) | 143109370 accounts, 0 storage | 1 MB/s | ETA 2262m42s
2026-06-22T02:01:16.406920Z  INFO 5% (7377 MB / 143119 MB) | 143502553 accounts, 0 storage | 1 MB/s | ETA 2262m22s
2026-06-22T02:01:31.814414Z  INFO 5% (7397 MB / 143119 MB) | 143895676 accounts, 0 storage | 1 MB/s | ETA 2262m1s
2026-06-22T02:01:39.703957Z  INFO 5% (7418 MB / 143119 MB) | 144288908 accounts, 0 storage | 1 MB/s | ETA 2261m41s
2026-06-22T02:01:53.345465Z  INFO 5% (7438 MB / 143119 MB) | 144682041 accounts, 0 storage | 1 MB/s | ETA 2261m21s
2026-06-22T02:02:07.041562Z  INFO 5% (7458 MB / 143119 MB) | 145075122 accounts, 0 storage | 1 MB/s | ETA 2261m1s
2026-06-22T02:02:21.278899Z  INFO 5% (7478 MB / 143119 MB) | 145468396 accounts, 0 storage | 1 MB/s | ETA 2260m41s
2026-06-22T02:02:27.438740Z  INFO 5% (7498 MB / 143119 MB) | 145861557 accounts, 0 storage | 1 MB/s | ETA 2260m20s
2026-06-22T02:02:38.686670Z  INFO 5% (7508 MB / 143119 MB) | 146058277 accounts, 0 storage | 1 MB/s | ETA 2260m10s
2026-06-22T02:02:53.268033Z  INFO 5% (7529 MB / 143119 MB) | 146451442 accounts, 0 storage | 1 MB/s | ETA 2259m50s
2026-06-22T02:03:07.005502Z  INFO 5% (7549 MB / 143119 MB) | 146844545 accounts, 0 storage | 1 MB/s | ETA 2259m30s
2026-06-22T02:03:13.039573Z  INFO 5% (7569 MB / 143119 MB) | 147237724 accounts, 0 storage | 1 MB/s | ETA 2259m10s
2026-06-22T02:03:23.100377Z  INFO 5% (7579 MB / 143119 MB) | 147434318 accounts, 0 storage | 1 MB/s | ETA 2258m59s
2026-06-22T02:03:38.291974Z  INFO 5% (7599 MB / 143119 MB) | 147827434 accounts, 0 storage | 1 MB/s | ETA 2258m39s
2026-06-22T02:03:54.470553Z  INFO 5% (7620 MB / 143119 MB) | 148220469 accounts, 0 storage | 1 MB/s | ETA 2258m19s
2026-06-22T02:04:05.535346Z  INFO 5% (7640 MB / 143119 MB) | 148613561 accounts, 0 storage | 1 MB/s | ETA 2257m59s
2026-06-22T02:04:13.196940Z  INFO 5% (7650 MB / 143119 MB) | 148810140 accounts, 0 storage | 1 MB/s | ETA 2257m49s
2026-06-22T02:04:21.067203Z  INFO 5% (7660 MB / 143119 MB) | 149006741 accounts, 0 storage | 1 MB/s | ETA 2257m39s
2026-06-22T02:04:38.578814Z  INFO 5% (7680 MB / 143119 MB) | 149400029 accounts, 0 storage | 1 MB/s | ETA 2257m18s
2026-06-22T02:04:52.139326Z  INFO 5% (7700 MB / 143119 MB) | 149793355 accounts, 0 storage | 1 MB/s | ETA 2256m58s
2026-06-22T02:05:06.202456Z  INFO 5% (7721 MB / 143119 MB) | 150186592 accounts, 0 storage | 1 MB/s | ETA 2256m38s
2026-06-22T02:05:21.651836Z  INFO 5% (7741 MB / 143119 MB) | 150579884 accounts, 0 storage | 1 MB/s | ETA 2256m18s
2026-06-22T02:05:33.129165Z  INFO 5% (7761 MB / 143119 MB) | 150972971 accounts, 0 storage | 1 MB/s | ETA 2255m58s
2026-06-22T02:05:40.243013Z  INFO 5% (7771 MB / 143119 MB) | 151169581 accounts, 0 storage | 1 MB/s | ETA 2255m47s
2026-06-22T02:05:50.378076Z  INFO 5% (7791 MB / 143119 MB) | 151562619 accounts, 0 storage | 1 MB/s | ETA 2255m27s
2026-06-22T02:06:00.554078Z  INFO 5% (7812 MB / 143119 MB) | 151955667 accounts, 0 storage | 1 MB/s | ETA 2255m7s
2026-06-22T02:06:08.572465Z  INFO 5% (7822 MB / 143119 MB) | 152152291 accounts, 0 storage | 1 MB/s | ETA 2254m57s
2026-06-22T02:06:21.023392Z  INFO 5% (7842 MB / 143119 MB) | 152545494 accounts, 0 storage | 1 MB/s | ETA 2254m37s
2026-06-22T02:06:39.824093Z  INFO 5% (7862 MB / 143119 MB) | 152938654 accounts, 0 storage | 1 MB/s | ETA 2254m17s
2026-06-22T02:06:54.177286Z  INFO 5% (7892 MB / 143119 MB) | 153528357 accounts, 0 storage | 1 MB/s | ETA 2253m46s
2026-06-22T02:07:01.374302Z  INFO 5% (7913 MB / 143119 MB) | 153921566 accounts, 0 storage | 1 MB/s | ETA 2253m26s
2026-06-22T02:07:20.584931Z  INFO 5% (7923 MB / 143119 MB) | 154118084 accounts, 0 storage | 1 MB/s | ETA 2253m16s
2026-06-22T02:07:37.521223Z  INFO 5% (7943 MB / 143119 MB) | 154511175 accounts, 0 storage | 1 MB/s | ETA 2252m56s
2026-06-22T02:07:50.312048Z  INFO 5% (7963 MB / 143119 MB) | 154904324 accounts, 0 storage | 1 MB/s | ETA 2252m35s
2026-06-22T02:07:58.999638Z  INFO 5% (7983 MB / 143119 MB) | 155297607 accounts, 0 storage | 1 MB/s | ETA 2252m15s
2026-06-22T02:08:13.712066Z  INFO 5% (8004 MB / 143119 MB) | 155690757 accounts, 0 storage | 1 MB/s | ETA 2251m55s
2026-06-22T02:08:33.327935Z  INFO 5% (8024 MB / 143119 MB) | 156083748 accounts, 0 storage | 1 MB/s | ETA 2251m35s
2026-06-22T02:08:42.836972Z  INFO 5% (8044 MB / 143119 MB) | 156476861 accounts, 0 storage | 1 MB/s | ETA 2251m15s
2026-06-22T02:08:49.457333Z  INFO 5% (8064 MB / 143119 MB) | 156869933 accounts, 0 storage | 1 MB/s | ETA 2250m54s
2026-06-22T02:08:57.229868Z  INFO 5% (8085 MB / 143119 MB) | 157262984 accounts, 0 storage | 1 MB/s | ETA 2250m34s
2026-06-22T02:09:09.045211Z  INFO 5% (8105 MB / 143119 MB) | 157656269 accounts, 0 storage | 1 MB/s | ETA 2250m14s
2026-06-22T02:09:17.816503Z  INFO 5% (8115 MB / 143119 MB) | 157852781 accounts, 0 storage | 1 MB/s | ETA 2250m4s
2026-06-22T02:09:33.840349Z  INFO 5% (8135 MB / 143119 MB) | 158245970 accounts, 0 storage | 1 MB/s | ETA 2249m44s
2026-06-22T02:09:50.619107Z  INFO 5% (8155 MB / 143119 MB) | 158639208 accounts, 0 storage | 1 MB/s | ETA 2249m23s
2026-06-22T02:10:07.675449Z  INFO 5% (8175 MB / 143119 MB) | 159032280 accounts, 0 storage | 1 MB/s | ETA 2249m3s
2026-06-22T02:10:22.597117Z  INFO 5% (8196 MB / 143119 MB) | 159425503 accounts, 0 storage | 1 MB/s | ETA 2248m43s
2026-06-22T02:10:38.677665Z  INFO 5% (8216 MB / 143119 MB) | 159818660 accounts, 0 storage | 1 MB/s | ETA 2248m23s
2026-06-22T02:10:58.672181Z  INFO 5% (8236 MB / 143119 MB) | 160211816 accounts, 0 storage | 1 MB/s | ETA 2248m3s
2026-06-22T02:11:08.818932Z  INFO 5% (8256 MB / 143119 MB) | 160605044 accounts, 0 storage | 1 MB/s | ETA 2247m42s
2026-06-22T02:11:18.704299Z  INFO 5% (8276 MB / 143119 MB) | 160998199 accounts, 0 storage | 1 MB/s | ETA 2247m22s
2026-06-22T02:11:24.102253Z  INFO 5% (8297 MB / 143119 MB) | 161391437 accounts, 0 storage | 1 MB/s | ETA 2247m2s
2026-06-22T02:11:33.166102Z  INFO 5% (8317 MB / 143119 MB) | 161784681 accounts, 0 storage | 1 MB/s | ETA 2246m42s
2026-06-22T02:11:47.248994Z  INFO 5% (8337 MB / 143119 MB) | 162177961 accounts, 0 storage | 1 MB/s | ETA 2246m22s
2026-06-22T02:11:56.980232Z  INFO 5% (8367 MB / 143119 MB) | 162767657 accounts, 0 storage | 1 MB/s | ETA 2245m51s
2026-06-22T02:12:02.143327Z  INFO 5% (8388 MB / 143119 MB) | 163160807 accounts, 0 storage | 1 MB/s | ETA 2245m31s
2026-06-22T02:12:17.571239Z  INFO 5% (8408 MB / 143119 MB) | 163553883 accounts, 0 storage | 1 MB/s | ETA 2245m11s
2026-06-22T02:12:30.006632Z  INFO 5% (8428 MB / 143119 MB) | 163947111 accounts, 0 storage | 1 MB/s | ETA 2244m51s
2026-06-22T02:12:44.089036Z  INFO 5% (8448 MB / 143119 MB) | 164340425 accounts, 0 storage | 1 MB/s | ETA 2244m30s
2026-06-22T02:12:57.504261Z  INFO 5% (8468 MB / 143119 MB) | 164733618 accounts, 0 storage | 1 MB/s | ETA 2244m10s
2026-06-22T02:13:12.978909Z  INFO 5% (8479 MB / 143119 MB) | 164930148 accounts, 0 storage | 1 MB/s | ETA 2244m0s
2026-06-22T02:13:29.655025Z  INFO 5% (8509 MB / 143119 MB) | 165519717 accounts, 0 storage | 1 MB/s | ETA 2243m30s
2026-06-22T02:13:40.798037Z  INFO 5% (8529 MB / 143119 MB) | 165912754 accounts, 0 storage | 1 MB/s | ETA 2243m10s
2026-06-22T02:13:47.179975Z  INFO 5% (8539 MB / 143119 MB) | 166109265 accounts, 0 storage | 1 MB/s | ETA 2243m0s
2026-06-22T02:13:52.308385Z  INFO 5% (8549 MB / 143119 MB) | 166305927 accounts, 0 storage | 1 MB/s | ETA 2242m49s
2026-06-22T02:14:01.492547Z  INFO 5% (8559 MB / 143119 MB) | 166502512 accounts, 0 storage | 1 MB/s | ETA 2242m39s
2026-06-22T02:14:18.654319Z  INFO 5% (8580 MB / 143119 MB) | 166895803 accounts, 0 storage | 1 MB/s | ETA 2242m19s
2026-06-22T02:14:33.541653Z  INFO 6% (8600 MB / 143119 MB) | 167288812 accounts, 0 storage | 1 MB/s | ETA 2241m59s
2026-06-22T02:14:47.803164Z  INFO 6% (8620 MB / 143119 MB) | 167681973 accounts, 0 storage | 1 MB/s | ETA 2241m39s
2026-06-22T02:14:52.893849Z  INFO 6% (8630 MB / 143119 MB) | 167878541 accounts, 0 storage | 1 MB/s | ETA 2241m29s
2026-06-22T02:15:04.199911Z  INFO 6% (8640 MB / 143119 MB) | 168074969 accounts, 0 storage | 1 MB/s | ETA 2241m18s
2026-06-22T02:15:11.453126Z  INFO 6% (8660 MB / 143119 MB) | 168468009 accounts, 0 storage | 1 MB/s | ETA 2240m58s
2026-06-22T02:15:19.794033Z  INFO 6% (8671 MB / 143119 MB) | 168664604 accounts, 0 storage | 1 MB/s | ETA 2240m48s
2026-06-22T02:15:27.033628Z  INFO 6% (8681 MB / 143119 MB) | 168861134 accounts, 0 storage | 1 MB/s | ETA 2240m38s
2026-06-22T02:15:33.100974Z  INFO 6% (8691 MB / 143119 MB) | 169057649 accounts, 0 storage | 1 MB/s | ETA 2240m28s
2026-06-22T02:15:45.800349Z  INFO 6% (8711 MB / 143119 MB) | 169450779 accounts, 0 storage | 1 MB/s | ETA 2240m8s
2026-06-22T02:15:57.098857Z  INFO 6% (8721 MB / 143119 MB) | 169647411 accounts, 0 storage | 1 MB/s | ETA 2239m58s
2026-06-22T02:16:10.348979Z  INFO 6% (8751 MB / 143119 MB) | 170237203 accounts, 0 storage | 1 MB/s | ETA 2239m27s
2026-06-22T02:16:18.015093Z  INFO 6% (8762 MB / 143119 MB) | 170433791 accounts, 0 storage | 1 MB/s | ETA 2239m17s
2026-06-22T02:16:25.268465Z  INFO 6% (8782 MB / 143119 MB) | 170826995 accounts, 0 storage | 1 MB/s | ETA 2238m57s
2026-06-22T02:16:37.051876Z  INFO 6% (8792 MB / 143119 MB) | 171023663 accounts, 0 storage | 1 MB/s | ETA 2238m47s
2026-06-22T02:16:49.824304Z  INFO 6% (8812 MB / 143119 MB) | 171416845 accounts, 0 storage | 1 MB/s | ETA 2238m27s
2026-06-22T02:16:56.609194Z  INFO 6% (8822 MB / 143119 MB) | 171613393 accounts, 0 storage | 1 MB/s | ETA 2238m16s
2026-06-22T02:17:09.804084Z  INFO 6% (8842 MB / 143119 MB) | 172006486 accounts, 0 storage | 1 MB/s | ETA 2237m56s
2026-06-22T02:17:27.537307Z  INFO 6% (8863 MB / 143119 MB) | 172399654 accounts, 0 storage | 1 MB/s | ETA 2237m36s
2026-06-22T02:17:34.884915Z  INFO 6% (8883 MB / 143119 MB) | 172792921 accounts, 0 storage | 1 MB/s | ETA 2237m16s
2026-06-22T02:17:42.468529Z  INFO 6% (8903 MB / 143119 MB) | 173185964 accounts, 0 storage | 1 MB/s | ETA 2236m56s
2026-06-22T02:17:49.649689Z  INFO 6% (8923 MB / 143119 MB) | 173579025 accounts, 0 storage | 1 MB/s | ETA 2236m35s
2026-06-22T02:18:06.391177Z  INFO 6% (8943 MB / 143119 MB) | 173972167 accounts, 0 storage | 1 MB/s | ETA 2236m15s
2026-06-22T02:18:11.649913Z  INFO 6% (8964 MB / 143119 MB) | 174365309 accounts, 0 storage | 1 MB/s | ETA 2235m55s
2026-06-22T02:18:21.901485Z  INFO 6% (8994 MB / 143119 MB) | 174955025 accounts, 0 storage | 1 MB/s | ETA 2235m25s
2026-06-22T02:18:33.453257Z  INFO 6% (9024 MB / 143119 MB) | 175544772 accounts, 0 storage | 1 MB/s | ETA 2234m54s
2026-06-22T02:18:38.866835Z  INFO 6% (9045 MB / 143119 MB) | 175937793 accounts, 0 storage | 1 MB/s | ETA 2234m34s
2026-06-22T02:18:49.068767Z  INFO 6% (9075 MB / 143119 MB) | 176527482 accounts, 0 storage | 1 MB/s | ETA 2234m4s
2026-06-22T02:18:56.834855Z  INFO 6% (9105 MB / 143119 MB) | 177117229 accounts, 0 storage | 1 MB/s | ETA 2233m34s
2026-06-22T02:19:13.226753Z  INFO 6% (9125 MB / 143119 MB) | 177510318 accounts, 0 storage | 1 MB/s | ETA 2233m13s
2026-06-22T02:19:31.133559Z  INFO 6% (9146 MB / 143119 MB) | 177903671 accounts, 0 storage | 1 MB/s | ETA 2232m53s
2026-06-22T02:19:50.046379Z  INFO 6% (9166 MB / 143119 MB) | 178296955 accounts, 0 storage | 1 MB/s | ETA 2232m33s
2026-06-22T02:20:02.190311Z  INFO 6% (9186 MB / 143119 MB) | 178690274 accounts, 0 storage | 1 MB/s | ETA 2232m13s
2026-06-22T02:20:21.093842Z  INFO 6% (9206 MB / 143119 MB) | 179083367 accounts, 0 storage | 1 MB/s | ETA 2231m52s
2026-06-22T02:20:39.883418Z  INFO 6% (9226 MB / 143119 MB) | 179476538 accounts, 0 storage | 1 MB/s | ETA 2231m32s
2026-06-22T02:20:58.540046Z  INFO 6% (9247 MB / 143119 MB) | 179869662 accounts, 0 storage | 1 MB/s | ETA 2231m12s
2026-06-22T02:21:08.298873Z  INFO 6% (9267 MB / 143119 MB) | 180262798 accounts, 0 storage | 1 MB/s | ETA 2230m52s
2026-06-22T02:21:27.952668Z  INFO 6% (9287 MB / 143119 MB) | 180655968 accounts, 0 storage | 1 MB/s | ETA 2230m32s
2026-06-22T02:21:38.749059Z  INFO 6% (9307 MB / 143119 MB) | 181049119 accounts, 0 storage | 1 MB/s | ETA 2230m11s
2026-06-22T02:21:48.385958Z  INFO 6% (9328 MB / 143119 MB) | 181442322 accounts, 0 storage | 1 MB/s | ETA 2229m51s
2026-06-22T02:21:53.895913Z  INFO 6% (9348 MB / 143119 MB) | 181835501 accounts, 0 storage | 1 MB/s | ETA 2229m31s
2026-06-22T02:22:02.577521Z  INFO 6% (9368 MB / 143119 MB) | 182228729 accounts, 0 storage | 1 MB/s | ETA 2229m11s
2026-06-22T02:22:19.822126Z  INFO 6% (9388 MB / 143119 MB) | 182621871 accounts, 0 storage | 1 MB/s | ETA 2228m51s
2026-06-22T02:22:27.920250Z  INFO 6% (9408 MB / 143119 MB) | 183015037 accounts, 0 storage | 1 MB/s | ETA 2228m30s
2026-06-22T02:22:33.613071Z  INFO 6% (9429 MB / 143119 MB) | 183408265 accounts, 0 storage | 1 MB/s | ETA 2228m10s
2026-06-22T02:22:41.439617Z  INFO 6% (9449 MB / 143119 MB) | 183801314 accounts, 0 storage | 1 MB/s | ETA 2227m50s
2026-06-22T02:22:46.673710Z  INFO 6% (9469 MB / 143119 MB) | 184194423 accounts, 0 storage | 1 MB/s | ETA 2227m30s
2026-06-22T02:23:00.107109Z  INFO 6% (9489 MB / 143119 MB) | 184587615 accounts, 0 storage | 1 MB/s | ETA 2227m10s
2026-06-22T02:23:09.499067Z  INFO 6% (9509 MB / 143119 MB) | 184980744 accounts, 0 storage | 1 MB/s | ETA 2226m49s
Error: Failed to commit batch: IO error: While open a file for random read: ./mainnet-binary-dd/mainnet/005789.sst: Too many open files

Location:
    cmd/ethrex/migrate.rs:492:9
